2025-05-17 10:18:48,684 [ERROR] LogOutputStream:75 - [STDERR_REDIRECT] 
2025-05-17 23:59:23,401 [INFO] Activator:176 - 


2025-05-17 23:59:23,403 [INFO] Activator:177 - !SESSION log4j initialized
2025-05-17 23:59:30,978 [INFO] LogOutputStream:77 - [STDOUT_REDIRECT] 
2025-05-17 23:59:31,911 [INFO] ApplicationProperties:184 - Using Application install path: C:\ST\STM32CubeIDE_1.17.0\STM32CubeIDE\plugins\com.st.stm32cube.common.mx_6.14.0.202502271554
2025-05-17 23:59:31,941 [INFO] DbMcusXml:78 - Set database path to: C:\ST\STM32CubeIDE_1.17.0\STM32CubeIDE\plugins\com.st.stm32cube.common.mx_6.14.0.202502271554\\db\/mcu/
2025-05-17 23:59:31,942 [INFO] ApiDb:274 - Set plugin database path to: C:\ST\STM32CubeIDE_1.17.0\STM32CubeIDE\plugins\com.st.stm32cube.common.mx_6.14.0.202502271554\\db\/plugins/boardmanager/
2025-05-17 23:59:31,942 [WARN] ApiDb:259 - Overriding images path with different value:  => C:\ST\STM32CubeIDE_1.17.0\STM32CubeIDE\plugins\com.st.stm32cube.common.mx_6.14.0.202502271554\\db\/plugins/mcufinder/images/
2025-05-17 23:59:31,952 [INFO] ApiDb:250 - Set database path to: C:\Users\ashen\.stmcufinder\plugins\mcufinder//mcu/
2025-05-17 23:59:31,953 [INFO] DbMcusAds:125 - Set database path to: C:\Users\ashen\.stmcufinder\plugins\mcufinder//mcu/
2025-05-17 23:59:31,956 [INFO] CrossReferenceDbSqlite:203 - Set database path to: C:\Users\ashen\.stmcufinder\plugins\mcufinder//mcu/cs/
2025-05-17 23:59:32,097 [INFO] RulesReader:64 - Compatibility file has been processed (301 Rules)
2025-05-17 23:59:32,182 [INFO] DbMcusXml:78 - Set database path to: C:\ST\STM32CubeIDE_1.17.0\STM32CubeIDE\plugins\com.st.stm32cube.common.mx_6.14.0.202502271554\\db\/mcu/
2025-05-17 23:59:32,183 [INFO] ApiDb:274 - Set plugin database path to: C:\ST\STM32CubeIDE_1.17.0\STM32CubeIDE\plugins\com.st.stm32cube.common.mx_6.14.0.202502271554\\db\/plugins/boardmanager/
2025-05-17 23:59:32,183 [INFO] ApiDb:261 - Set plugin images path to: C:\ST\STM32CubeIDE_1.17.0\STM32CubeIDE\plugins\com.st.stm32cube.common.mx_6.14.0.202502271554\\db\/plugins/mcufinder/images/
2025-05-17 23:59:32,183 [WARN] DbFile:41 - Overriding database path with different value: C:\Users\ashen\.stmcufinder\plugins\mcufinder/ => C:\Users\ashen\.stmcufinder\plugins\mcufinder
2025-05-17 23:59:32,183 [INFO] ApiDb:250 - Set database path to: C:\Users\ashen\.stmcufinder\plugins\mcufinder//mcu/
2025-05-17 23:59:32,183 [WARN] DbFile:41 - Overriding database path with different value: C:\Users\ashen\.stmcufinder\plugins\mcufinder/ => C:\Users\ashen\.stmcufinder\plugins\mcufinder
2025-05-17 23:59:32,183 [INFO] DbMcusAds:125 - Set database path to: C:\Users\ashen\.stmcufinder\plugins\mcufinder//mcu/
2025-05-17 23:59:32,183 [WARN] DbFile:41 - Overriding database path with different value: C:\Users\ashen\.stmcufinder\plugins\mcufinder/ => C:\Users\ashen\.stmcufinder\plugins\mcufinder
2025-05-17 23:59:32,183 [WARN] DbFile:41 - Overriding database path with different value: C:\Users\ashen\.stmcufinder\plugins\mcufinder/ => C:\Users\ashen\.stmcufinder\plugins\mcufinder
2025-05-17 23:59:32,183 [INFO] CrossReferenceDbSqlite:203 - Set database path to: C:\Users\ashen\.stmcufinder\plugins\mcufinder//mcu/cs/
2025-05-17 23:59:32,284 [INFO] MainPanel:272 - HeapMemory: 268435456
2025-05-17 23:59:32,384 [INFO] DbMcusXml:78 - Set database path to: C:\ST\STM32CubeIDE_1.17.0\STM32CubeIDE\plugins\com.st.stm32cube.common.mx_6.14.0.202502271554\\db\/mcu/
2025-05-17 23:59:32,384 [INFO] ApiDb:274 - Set plugin database path to: C:\ST\STM32CubeIDE_1.17.0\STM32CubeIDE\plugins\com.st.stm32cube.common.mx_6.14.0.202502271554\\db\/plugins/boardmanager/
2025-05-17 23:59:32,384 [INFO] ApiDb:261 - Set plugin images path to: C:\ST\STM32CubeIDE_1.17.0\STM32CubeIDE\plugins\com.st.stm32cube.common.mx_6.14.0.202502271554\\db\/plugins/mcufinder/images/
2025-05-17 23:59:32,384 [WARN] DbFile:41 - Overriding database path with different value: C:\Users\ashen\.stmcufinder\plugins\mcufinder/ => C:\Users\ashen\.stmcufinder\plugins\mcufinder
2025-05-17 23:59:32,384 [INFO] ApiDb:250 - Set database path to: C:\Users\ashen\.stmcufinder\plugins\mcufinder//mcu/
2025-05-17 23:59:32,385 [WARN] DbFile:41 - Overriding database path with different value: C:\Users\ashen\.stmcufinder\plugins\mcufinder/ => C:\Users\ashen\.stmcufinder\plugins\mcufinder
2025-05-17 23:59:32,385 [INFO] DbMcusAds:125 - Set database path to: C:\Users\ashen\.stmcufinder\plugins\mcufinder//mcu/
2025-05-17 23:59:32,385 [WARN] DbFile:41 - Overriding database path with different value: C:\Users\ashen\.stmcufinder\plugins\mcufinder/ => C:\Users\ashen\.stmcufinder\plugins\mcufinder
2025-05-17 23:59:32,385 [WARN] DbFile:41 - Overriding database path with different value: C:\Users\ashen\.stmcufinder\plugins\mcufinder/ => C:\Users\ashen\.stmcufinder\plugins\mcufinder
2025-05-17 23:59:32,385 [INFO] CrossReferenceDbSqlite:203 - Set database path to: C:\Users\ashen\.stmcufinder\plugins\mcufinder//mcu/cs/
2025-05-17 23:59:32,400 [INFO] ApplicationProperties:184 - Using Application install path: C:\ST\STM32CubeIDE_1.17.0\STM32CubeIDE\plugins\com.st.stm32cube.common.mx_6.14.0.202502271554
2025-05-17 23:59:32,401 [INFO] PluginManage:196 - Search for loadable plugins [exclusion list=, ]
2025-05-17 23:59:32,402 [INFO] PluginManage:310 - Check plugin analytics
2025-05-17 23:59:32,564 [INFO] AnalyticsPlugin:253 - Accepted Software Licenses: 
2025-05-17 23:59:32,565 [INFO] AnalyticsPlugin:255 - Accepted CMSIS Pack Licenses: 
2025-05-17 23:59:32,565 [INFO] AnalyticsPlugin:257 - Accepted Firmware Licenses: 
2025-05-17 23:59:32,567 [INFO] PluginManage:359 - Loaded plugin analytics (category:tool,tabindex:-1)
2025-05-17 23:59:32,567 [INFO] PluginManage:310 - Check plugin cadmodel
2025-05-17 23:59:32,574 [INFO] CADModel:105 - Init CAD model plugin
2025-05-17 23:59:32,575 [INFO] PluginManage:359 - Loaded plugin cadmodel (category:power,tabindex:5)
2025-05-17 23:59:32,575 [INFO] PluginManage:310 - Check plugin clock
2025-05-17 23:59:32,584 [INFO] PluginManage:359 - Loaded plugin clock (category:base,tabindex:2)
2025-05-17 23:59:32,584 [INFO] PluginManage:310 - Check plugin ddr
2025-05-17 23:59:32,586 [INFO] PluginManage:359 - Loaded plugin ddr (category:tool,tabindex:6)
2025-05-17 23:59:32,587 [INFO] PluginManage:310 - Check plugin filemanager
2025-05-17 23:59:32,725 [INFO] PluginManage:359 - Loaded plugin filemanager (category:base,tabindex:10)
2025-05-17 23:59:32,725 [INFO] PluginManage:310 - Check plugin ipmanager
2025-05-17 23:59:32,731 [INFO] PluginManage:359 - Loaded plugin ipmanager (category:base,tabindex:5)
2025-05-17 23:59:32,731 [INFO] PluginManage:310 - Check plugin lpbam
2025-05-17 23:59:32,740 [INFO] PluginManage:359 - Loaded plugin lpbam (category:base,tabindex:0)
2025-05-17 23:59:32,740 [INFO] PluginManage:310 - Check plugin memorymap
2025-05-17 23:59:32,753 [INFO] PluginManage:359 - Loaded plugin memorymap (category:base,tabindex:4)
2025-05-17 23:59:32,753 [INFO] PluginManage:310 - Check plugin pinoutandconfiguration
2025-05-17 23:59:32,764 [INFO] PluginManage:359 - Loaded plugin pinoutandconfiguration (category:base,tabindex:1)
2025-05-17 23:59:32,764 [INFO] PluginManage:310 - Check plugin pinoutconfig
2025-05-17 23:59:32,848 [WARN] SupportedApi:132 - Cannot load RTOS API schema: s4s-elt-must-match.1: The content of 'definitions' must match (annotation?, (simpleType | complexType)?, (unique | key | keyref)*)). A problem was found starting at: attribute.
2025-05-17 23:59:32,975 [INFO] PluginManage:359 - Loaded plugin pinoutconfig (category:base,tabindex:0)
2025-05-17 23:59:32,976 [INFO] PluginManage:310 - Check plugin power
2025-05-17 23:59:32,985 [INFO] PluginManage:359 - Loaded plugin power (category:power,tabindex:4)
2025-05-17 23:59:32,986 [INFO] PluginManage:310 - Check plugin projectmanager
2025-05-17 23:59:32,999 [INFO] PluginManage:359 - Loaded plugin projectmanager (category:projectmanager,tabindex:4)
2025-05-17 23:59:33,000 [INFO] PluginManage:310 - Check plugin rif
2025-05-17 23:59:33,006 [INFO] PluginManage:359 - Loaded plugin rif (category:base,tabindex:3)
2025-05-17 23:59:33,006 [INFO] PluginManage:310 - Check plugin thirdparty
2025-05-17 23:59:33,196 [INFO] PluginManage:359 - Loaded plugin thirdparty (category:base,tabindex:-1)
2025-05-17 23:59:33,196 [WARN] IntegrityCheckThread:84 - waiting for thirdparty lock release [integrity check]
2025-05-17 23:59:33,196 [INFO] PluginManage:310 - Check plugin tools
2025-05-17 23:59:33,196 [INFO] IntegrityCheckThread:86 - entering critical section [integrity check]
2025-05-17 23:59:33,197 [INFO] ThirdPartyUpdaterWithRetryManager:70 - Updater plugin not ready yet. [1/15]
2025-05-17 23:59:33,200 [INFO] PluginManage:359 - Loaded plugin tools (category:base,tabindex:7)
2025-05-17 23:59:33,201 [INFO] PluginManage:310 - Check plugin tutovideos
2025-05-17 23:59:33,483 [INFO] PluginManage:359 - Loaded plugin tutovideos (category:base,tabindex:-1)
2025-05-17 23:59:33,483 [INFO] PluginManage:310 - Check plugin updater
2025-05-17 23:59:33,508 [INFO] PluginManage:359 - Loaded plugin updater (category:base,tabindex:12)
2025-05-17 23:59:33,508 [INFO] PluginManage:310 - Check plugin userauth
2025-05-17 23:59:33,514 [INFO] UserAuth:118 - Init User Auth plugin
2025-05-17 23:59:33,515 [INFO] PluginManage:359 - Loaded plugin userauth (category:base,tabindex:14)
2025-05-17 23:59:33,516 [INFO] PluginManage:283 - PluginManage : Loaded plugins [18]
2025-05-17 23:59:33,775 [INFO] PinOutPanel:1589 - setPackage(No Configuration,No Configuration)
2025-05-17 23:59:33,929 [INFO] CADModel:165 - CPN selected for project level
2025-05-17 23:59:33,930 [INFO] CADModel:114 - Register for checkConnection events
2025-05-17 23:59:33,983 [INFO] IPUIPlugin:80 - create IPUIPlugin
2025-05-17 23:59:33,983 [INFO] PluginManager:220 - loadIPPluginJar : add adc
2025-05-17 23:59:33,989 [INFO] IPUIPlugin:80 - create IPUIPlugin
2025-05-17 23:59:33,989 [INFO] PluginManager:220 - loadIPPluginJar : add aes
2025-05-17 23:59:33,997 [INFO] IPUIPlugin:80 - create IPUIPlugin
2025-05-17 23:59:33,997 [INFO] PluginManager:220 - loadIPPluginJar : add can
2025-05-17 23:59:34,000 [INFO] IPUIPlugin:80 - create IPUIPlugin
2025-05-17 23:59:34,001 [INFO] PluginManager:220 - loadIPPluginJar : add comp
2025-05-17 23:59:34,005 [INFO] IPUIPlugin:80 - create IPUIPlugin
2025-05-17 23:59:34,006 [INFO] PluginManager:220 - loadIPPluginJar : add cryp
2025-05-17 23:59:34,011 [INFO] IPUIPlugin:80 - create IPUIPlugin
2025-05-17 23:59:34,012 [INFO] PluginManager:220 - loadIPPluginJar : add ddr_ctrl_phy
2025-05-17 23:59:34,016 [INFO] IPUIPlugin:80 - create IPUIPlugin
2025-05-17 23:59:34,017 [INFO] PluginManager:220 - loadIPPluginJar : add dfsdm
2025-05-17 23:59:34,028 [INFO] IPUIPlugin:80 - create IPUIPlugin
2025-05-17 23:59:34,029 [INFO] PluginManager:220 - loadIPPluginJar : add dma
2025-05-17 23:59:34,035 [INFO] IPUIPlugin:80 - create IPUIPlugin
2025-05-17 23:59:34,035 [INFO] PluginManager:220 - loadIPPluginJar : add dma3
2025-05-17 23:59:34,067 [INFO] IPUIPlugin:80 - create IPUIPlugin
2025-05-17 23:59:34,067 [INFO] PluginManager:220 - loadIPPluginJar : add extmemmanager
2025-05-17 23:59:34,071 [INFO] IPUIPlugin:80 - create IPUIPlugin
2025-05-17 23:59:34,072 [INFO] PluginManager:220 - loadIPPluginJar : add fatfs
2025-05-17 23:59:34,079 [INFO] IPUIPlugin:80 - create IPUIPlugin
2025-05-17 23:59:34,079 [INFO] PluginManager:220 - loadIPPluginJar : add fmc
2025-05-17 23:59:34,091 [INFO] IPUIPlugin:80 - create IPUIPlugin
2025-05-17 23:59:34,091 [INFO] PluginManager:220 - loadIPPluginJar : add freertos
2025-05-17 23:59:34,093 [INFO] IPUIPlugin:80 - create IPUIPlugin
2025-05-17 23:59:34,094 [INFO] PluginManager:220 - loadIPPluginJar : add genericplugin
2025-05-17 23:59:34,098 [INFO] IPUIPlugin:80 - create IPUIPlugin
2025-05-17 23:59:34,099 [INFO] PluginManager:220 - loadIPPluginJar : add gfxmmu
2025-05-17 23:59:34,107 [INFO] IPUIPlugin:80 - create IPUIPlugin
2025-05-17 23:59:34,108 [INFO] PluginManager:220 - loadIPPluginJar : add gic
2025-05-17 23:59:34,114 [INFO] IPUIPlugin:80 - create IPUIPlugin
2025-05-17 23:59:34,115 [INFO] PluginManager:220 - loadIPPluginJar : add gpio
2025-05-17 23:59:34,119 [INFO] IPUIPlugin:80 - create IPUIPlugin
2025-05-17 23:59:34,120 [INFO] PluginManager:220 - loadIPPluginJar : add gtzc
2025-05-17 23:59:34,124 [INFO] IPUIPlugin:80 - create IPUIPlugin
2025-05-17 23:59:34,124 [INFO] PluginManager:220 - loadIPPluginJar : add hash
2025-05-17 23:59:34,126 [INFO] IPUIPlugin:80 - create IPUIPlugin
2025-05-17 23:59:34,126 [INFO] PluginManager:220 - loadIPPluginJar : add i2c
2025-05-17 23:59:34,129 [INFO] IPUIPlugin:80 - create IPUIPlugin
2025-05-17 23:59:34,129 [INFO] PluginManager:220 - loadIPPluginJar : add i2s
2025-05-17 23:59:34,131 [INFO] IPUIPlugin:80 - create IPUIPlugin
2025-05-17 23:59:34,131 [INFO] PluginManager:220 - loadIPPluginJar : add i3c
2025-05-17 23:59:34,134 [INFO] IPUIPlugin:80 - create IPUIPlugin
2025-05-17 23:59:34,135 [INFO] PluginManager:220 - loadIPPluginJar : add ipddr
2025-05-17 23:59:34,142 [INFO] IPUIPlugin:80 - create IPUIPlugin
2025-05-17 23:59:34,142 [INFO] PluginManager:220 - loadIPPluginJar : add linkedlist
2025-05-17 23:59:34,145 [INFO] IPUIPlugin:80 - create IPUIPlugin
2025-05-17 23:59:34,145 [INFO] PluginManager:220 - loadIPPluginJar : add lorawan
2025-05-17 23:59:34,146 [INFO] IPUIPlugin:80 - create IPUIPlugin
2025-05-17 23:59:34,147 [INFO] PluginManager:220 - loadIPPluginJar : add ltdc
2025-05-17 23:59:34,151 [INFO] IPUIPlugin:80 - create IPUIPlugin
2025-05-17 23:59:34,151 [INFO] PluginManager:220 - loadIPPluginJar : add mdma
2025-05-17 23:59:34,155 [INFO] IPUIPlugin:80 - create IPUIPlugin
2025-05-17 23:59:34,155 [INFO] PluginManager:220 - loadIPPluginJar : add nvic
2025-05-17 23:59:34,157 [INFO] IPUIPlugin:80 - create IPUIPlugin
2025-05-17 23:59:34,157 [INFO] PluginManager:220 - loadIPPluginJar : add opamp
2025-05-17 23:59:34,161 [INFO] IPUIPlugin:80 - create IPUIPlugin
2025-05-17 23:59:34,161 [INFO] PluginManager:220 - loadIPPluginJar : add openamp
2025-05-17 23:59:34,164 [INFO] IPUIPlugin:80 - create IPUIPlugin
2025-05-17 23:59:34,164 [INFO] PluginManager:220 - loadIPPluginJar : add pdm2pcm
2025-05-17 23:59:34,169 [INFO] IPUIPlugin:80 - create IPUIPlugin
2025-05-17 23:59:34,173 [INFO] PluginManager:220 - loadIPPluginJar : add plateformsettings
2025-05-17 23:59:34,175 [INFO] IPUIPlugin:80 - create IPUIPlugin
2025-05-17 23:59:34,175 [INFO] PluginManager:220 - loadIPPluginJar : add quadspi
2025-05-17 23:59:34,178 [INFO] IPUIPlugin:80 - create IPUIPlugin
2025-05-17 23:59:34,178 [INFO] PluginManager:220 - loadIPPluginJar : add radio
2025-05-17 23:59:34,182 [INFO] IPUIPlugin:80 - create IPUIPlugin
2025-05-17 23:59:34,182 [INFO] PluginManager:220 - loadIPPluginJar : add resmgrutility
2025-05-17 23:59:34,184 [INFO] IPUIPlugin:80 - create IPUIPlugin
2025-05-17 23:59:34,185 [INFO] PluginManager:220 - loadIPPluginJar : add sai
2025-05-17 23:59:34,187 [INFO] IPUIPlugin:80 - create IPUIPlugin
2025-05-17 23:59:34,187 [INFO] PluginManager:220 - loadIPPluginJar : add spi
2025-05-17 23:59:34,191 [INFO] IPUIPlugin:80 - create IPUIPlugin
2025-05-17 23:59:34,191 [INFO] PluginManager:220 - loadIPPluginJar : add stm32_wpan
2025-05-17 23:59:34,193 [INFO] IPUIPlugin:80 - create IPUIPlugin
2025-05-17 23:59:34,193 [INFO] PluginManager:220 - loadIPPluginJar : add tim
2025-05-17 23:59:34,195 [INFO] IPUIPlugin:80 - create IPUIPlugin
2025-05-17 23:59:34,196 [INFO] PluginManager:220 - loadIPPluginJar : add touchsensing
2025-05-17 23:59:34,197 [INFO] IPUIPlugin:80 - create IPUIPlugin
2025-05-17 23:59:34,199 [INFO] PluginManager:220 - loadIPPluginJar : add tracer_emb
2025-05-17 23:59:34,200 [INFO] IPUIPlugin:80 - create IPUIPlugin
2025-05-17 23:59:34,200 [INFO] PluginManager:220 - loadIPPluginJar : add ts
2025-05-17 23:59:34,202 [INFO] IPUIPlugin:80 - create IPUIPlugin
2025-05-17 23:59:34,202 [INFO] PluginManager:220 - loadIPPluginJar : add tsc
2025-05-17 23:59:34,204 [INFO] IPUIPlugin:80 - create IPUIPlugin
2025-05-17 23:59:34,204 [INFO] PluginManager:220 - loadIPPluginJar : add ucpd
2025-05-17 23:59:34,208 [INFO] IPUIPlugin:80 - create IPUIPlugin
2025-05-17 23:59:34,208 [INFO] PluginManager:220 - loadIPPluginJar : add usart
2025-05-17 23:59:34,212 [INFO] IPUIPlugin:80 - create IPUIPlugin
2025-05-17 23:59:34,212 [INFO] PluginManager:220 - loadIPPluginJar : add usbx
2025-05-17 23:59:34,347 [FATAL] Updater:351 - Updater called before beeing initialized
2025-05-17 23:59:34,373 [INFO] RulesReader:64 - Compatibility file has been processed (301 Rules)
2025-05-17 23:59:34,384 [INFO] RulesReader:64 - Compatibility file has been processed (301 Rules)
2025-05-17 23:59:34,393 [INFO] CADModel:165 - CPN selected for project level
2025-05-17 23:59:34,394 [INFO] CADModel:114 - Register for checkConnection events
2025-05-17 23:59:34,394 [FATAL] Updater:351 - Updater called before beeing initialized
2025-05-17 23:59:34,394 [ERROR] CADModel:125 - Updater not yet initialized, retry later 
2025-05-17 23:59:34,544 [FATAL] Updater:351 - Updater called before beeing initialized
2025-05-17 23:59:34,545 [INFO] CADModel:165 - CPN selected for project level
2025-05-17 23:59:34,546 [INFO] CADModel:114 - Register for checkConnection events
2025-05-17 23:59:34,546 [FATAL] Updater:351 - Updater called before beeing initialized
2025-05-17 23:59:34,546 [ERROR] CADModel:125 - Updater not yet initialized, retry later 
2025-05-17 23:59:34,548 [FATAL] Updater:351 - Updater called before beeing initialized
2025-05-17 23:59:34,660 [FATAL] Updater:351 - Updater called before beeing initialized
2025-05-17 23:59:34,664 [INFO] DbMcusAds:53 - JSON generation date=Thu Mar 06 20:24:22 IST 2025 (1741272862078)
2025-05-17 23:59:34,664 [FATAL] Updater:351 - Updater called before beeing initialized
2025-05-17 23:59:34,700 [WARN] DetailPanel:346 - Failed to get advertising image, set to default
2025-05-17 23:59:34,946 [FATAL] Updater:351 - Updater called before beeing initialized
2025-05-17 23:59:34,947 [FATAL] Updater:351 - Updater called before beeing initialized
2025-05-17 23:59:34,947 [FATAL] Updater:351 - Updater called before beeing initialized
2025-05-17 23:59:34,947 [WARN] DetailPanel:346 - Failed to get advertising image, set to default
2025-05-17 23:59:34,947 [FATAL] Updater:351 - Updater called before beeing initialized
2025-05-17 23:59:35,003 [ERROR] Updater:1198 - MainUpdater not yet initialized. External WinMGr cannot be set.
2025-05-17 23:59:35,005 [INFO] Updater:1134 - Updater Version found : 6.14.0
2025-05-17 23:59:35,024 [INFO] ApplicationProperties:184 - Using Application install path: C:\ST\STM32CubeIDE_1.17.0\STM32CubeIDE\plugins\com.st.stm32cube.common.mx_6.14.0.202502271554
2025-05-17 23:59:35,227 [INFO] MainUpdater:2872 - connection check result : 22
2025-05-17 23:59:35,228 [INFO] MainUpdater:289 - Updater Check For Update Now.
2025-05-17 23:59:35,228 [INFO] MicroXplorer:498 - Change Database Version : DB.6.0.140
2025-05-17 23:59:35,236 [INFO] McuFinderGlobals:63 - Set McuFinder mode to 2 (CubeIDE integrated)
2025-05-17 23:59:35,237 [INFO] UserAuth:486 - Internet connection configuration mode: 2
2025-05-17 23:59:35,245 [INFO] UserAuth:486 - Internet connection configuration mode: 2
2025-05-17 23:59:35,430 [INFO] CheckServerUpdateThread:120 - End of CheckServer Thread
2025-05-17 23:59:36,438 [WARN] PackLoader:240 - Cannot read IP mode file for STMicroelectronics.FP-SNS-MOTENVWB1.1.4.0
2025-05-17 23:59:36,448 [WARN] PackLoader:240 - Cannot read IP mode file for STMicroelectronics.FP-ATR-ASTRA1.2.0.2
2025-05-17 23:59:36,455 [WARN] PackLoader:240 - Cannot read IP mode file for STMicroelectronics.FP-ATR-ASTRA1.2.0.1
2025-05-17 23:59:36,468 [WARN] PackLoader:240 - Cannot read IP mode file for STMicroelectronics.X-CUBE-SMBUS.2.1.0
2025-05-17 23:59:36,477 [WARN] PackLoader:240 - Cannot read IP mode file for STMicroelectronics.X-CUBE-WB05N.1.1.0
2025-05-17 23:59:36,521 [WARN] PackLoader:240 - Cannot read IP mode file for STMicroelectronics.X-CUBE-AZRTOS-F7.1.1.0
2025-05-17 23:59:36,536 [WARN] PackLoader:240 - Cannot read IP mode file for STMicroelectronics.FP-SNS-FLIGHT1.5.0.2
2025-05-17 23:59:36,582 [WARN] PackLoader:240 - Cannot read IP mode file for Infineon.AIROC-Wi-Fi-Bluetooth-STM32.1.7.0
2025-05-17 23:59:36,599 [WARN] PackLoader:240 - Cannot read IP mode file for STMicroelectronics.X-CUBE-DISPLAY.3.0.0
2025-05-17 23:59:36,610 [WARN] PackLoader:240 - Cannot read IP mode file for STMicroelectronics.X-CUBE-BLE1.7.0.0
2025-05-17 23:59:36,618 [WARN] PackLoader:240 - Cannot read IP mode file for STMicroelectronics.X-CUBE-NFC10.1.0.0
2025-05-17 23:59:36,631 [WARN] PackLoader:240 - Cannot read IP mode file for STMicroelectronics.X-CUBE-BLEMGR.4.0.0
2025-05-17 23:59:36,643 [WARN] PackLoader:240 - Cannot read IP mode file for emotas.I-CUBE-CANOPEN.1.3.0
2025-05-17 23:59:36,650 [WARN] PackLoader:240 - Cannot read IP mode file for STMicroelectronics.X-CUBE-AI.10.0.0
2025-05-17 23:59:36,657 [WARN] PackLoader:240 - Cannot read IP mode file for STMicroelectronics.FP-SNS-SMARTAG2.1.2.0
2025-05-17 23:59:36,661 [WARN] PackLoader:240 - Cannot read IP mode file for STMicroelectronics.FP-SNS-FLIGHT1.5.1.0
2025-05-17 23:59:36,722 [WARN] PackLoader:240 - Cannot read IP mode file for STMicroelectronics.X-CUBE-MEMS1.11.1.0
2025-05-17 23:59:36,875 [INFO] LogOutputStream:77 - [STDOUT_REDIRECT] 1 : Invalid condition id : UX_CORESTACK_Condition cause : null
2025-05-17 23:59:36,876 [INFO] LogOutputStream:77 - [STDOUT_REDIRECT] 1 : Invalid condition id : UX_CORESTACK_Condition cause : null
2025-05-17 23:59:36,877 [INFO] LogOutputStream:77 - [STDOUT_REDIRECT] 1 : Invalid condition id : UX_CORESTACK_Condition cause : null
2025-05-17 23:59:36,877 [INFO] LogOutputStream:77 - [STDOUT_REDIRECT] 1 : Invalid condition id : UX_CORESTACK_Condition cause : null
2025-05-17 23:59:36,878 [INFO] LogOutputStream:77 - [STDOUT_REDIRECT] 1 : Invalid condition id : UX_CORESTACK_Condition cause : null
2025-05-17 23:59:36,882 [WARN] PackLoader:240 - Cannot read IP mode file for STMicroelectronics.X-CUBE-AZRTOS-WL.2.0.0
2025-05-17 23:59:36,900 [WARN] PackLoader:240 - Cannot read IP mode file for STMicroelectronics.FP-SNS-MOTENV1.5.0.0
2025-05-17 23:59:36,906 [WARN] PackLoader:240 - Cannot read IP mode file for wolfSSL.I-CUBE-wolfMQTT.1.19.0
2025-05-17 23:59:36,915 [WARN] PackLoader:240 - Cannot read IP mode file for WES.I-CUBE-Cesium.1.3.0
2025-05-17 23:59:36,923 [WARN] PackLoader:240 - Cannot read IP mode file for STMicroelectronics.X-CUBE-BLE2.3.3.0
2025-05-17 23:59:36,932 [WARN] PackLoader:240 - Cannot read IP mode file for STMicroelectronics.X-CUBE-NFC9.1.0.0
2025-05-17 23:59:36,940 [WARN] PackLoader:240 - Cannot read IP mode file for STMicroelectronics.X-CUBE-BLE1.7.1.0
2025-05-17 23:59:37,036 [WARN] PackLoader:240 - Cannot read IP mode file for STMicroelectronics.X-CUBE-MEMS1.11.2.0
2025-05-17 23:59:37,174 [WARN] PackLoader:240 - Cannot read IP mode file for STMicroelectronics.X-CUBE-AZRTOS-G0.1.1.0
2025-05-17 23:59:37,183 [WARN] PackLoader:240 - Cannot read IP mode file for STMicroelectronics.X-CUBE-SAFEA1.1.2.2
2025-05-17 23:59:37,188 [WARN] PackLoader:240 - Cannot read IP mode file for STMicroelectronics.X-CUBE-NFC4.3.0.0
2025-05-17 23:59:37,195 [WARN] PackLoader:240 - Cannot read IP mode file for EmbeddedOffice.I-CUBE-FS-RTOS.1.0.1
2025-05-17 23:59:37,200 [WARN] PackLoader:240 - Cannot read IP mode file for STMicroelectronics.X-CUBE-WB05N.2.0.0
2025-05-17 23:59:37,207 [WARN] PackLoader:240 - Cannot read IP mode file for STMicroelectronics.X-CUBE-TCPP.4.2.0
2025-05-17 23:59:37,213 [WARN] PackLoader:240 - Cannot read IP mode file for RealThread.X-CUBE-RT-Thread_Nano.4.1.1
2025-05-17 23:59:37,218 [WARN] PackLoader:240 - Cannot read IP mode file for STMicroelectronics.FP-ATR-SIGFOX1.3.2.0
2025-05-17 23:59:37,223 [WARN] ConditionMgr:438 - getConditionDescription Invalid condition id : Cortex-A Device cause : null
2025-05-17 23:59:37,239 [WARN] ConditionMgr:1044 - genDependencies : Invalid condition id : Cortex-A Device cause : null
2025-05-17 23:59:37,239 [WARN] ConditionMgr:1044 - genDependencies : Invalid condition id : Cortex-A Device cause : null
2025-05-17 23:59:37,239 [WARN] ConditionMgr:1044 - genDependencies : Invalid condition id : Cortex-A Device cause : null
2025-05-17 23:59:37,245 [WARN] PackLoader:240 - Cannot read IP mode file for STMicroelectronics.X-CUBE-EEPRMA1.5.1.0
2025-05-17 23:59:37,251 [WARN] PackLoader:240 - Cannot read IP mode file for wolfSSL.I-CUBE-wolfSSL.5.7.6
2025-05-17 23:59:37,257 [WARN] PackLoader:240 - Cannot read IP mode file for ITTIA_DB.I-CUBE-ITTIADB.8.9.0
2025-05-17 23:59:37,287 [WARN] PackLoader:240 - Cannot read IP mode file for SEGGER.I-CUBE-embOS.1.3.1
2025-05-17 23:59:37,340 [WARN] PackLoader:240 - Cannot read IP mode file for STMicroelectronics.X-CUBE-ALGOBUILD.1.4.0
2025-05-17 23:59:37,358 [WARN] PackLoader:240 - Cannot read IP mode file for STMicroelectronics.X-CUBE-AZRTOS-F4.1.1.0
2025-05-17 23:59:37,365 [WARN] PackLoader:240 - Cannot read IP mode file for Avnet-IotConnect.X-CUBE-IoTC-DA16k-PMOD.1.0.0
2025-05-17 23:59:37,370 [WARN] PackLoader:240 - Cannot read IP mode file for STMicroelectronics.X-CUBE-ISPU.2.1.0
2025-05-17 23:59:37,386 [WARN] PackLoader:240 - Cannot read IP mode file for STMicroelectronics.X-CUBE-AZRTOS-L5.2.0.0
2025-05-17 23:59:37,395 [WARN] PackLoader:240 - Cannot read IP mode file for STMicroelectronics.X-CUBE-NFC6.3.1.0
2025-05-17 23:59:37,403 [WARN] PackLoader:240 - Cannot read IP mode file for STMicroelectronics.X-CUBE-DPower.1.2.0
2025-05-17 23:59:37,410 [WARN] PackLoader:240 - Cannot read IP mode file for STMicroelectronics.X-CUBE-FREERTOS.1.3.1
2025-05-17 23:59:37,415 [WARN] PackLoader:240 - Cannot read IP mode file for STMicroelectronics.X-CUBE-FREERTOS.1.3.0
2025-05-17 23:59:37,423 [WARN] PackLoader:240 - Cannot read IP mode file for STMicroelectronics.X-CUBE-NFC7.1.0.1
2025-05-17 23:59:37,429 [WARN] PackLoader:240 - Cannot read IP mode file for STMicroelectronics.X-CUBE-DPower.1.3.0
2025-05-17 23:59:37,446 [WARN] ConditionMgr:438 - getConditionDescription Invalid condition id : LAN8742 Phy interface Condition cause : null
2025-05-17 23:59:37,448 [WARN] PackLoader:240 - Cannot read IP mode file for STMicroelectronics.X-CUBE-AZRTOS-L4.2.0.0
2025-05-17 23:59:37,449 [WARN] ConditionMgr:1044 - genDependencies : Invalid condition id : LAN8742 Phy interface Condition cause : null
2025-05-17 23:59:37,449 [WARN] ConditionMgr:1044 - genDependencies : Invalid condition id : LAN8742 Phy interface Condition cause : null
2025-05-17 23:59:37,451 [WARN] ConditionMgr:1044 - genDependencies : Invalid condition id : LAN8742 Phy interface Condition cause : null
2025-05-17 23:59:37,459 [WARN] PackLoader:240 - Cannot read IP mode file for STMicroelectronics.X-CUBE-SFXS2LP1.4.0.0
2025-05-17 23:59:37,479 [WARN] PackLoader:240 - Cannot read IP mode file for STMicroelectronics.X-CUBE-AZRTOS-H7.3.3.0
2025-05-17 23:59:37,494 [WARN] ConditionMgr:438 - getConditionDescription Invalid condition id : UX DEVICE CLASS RTOS Condition cause : null
2025-05-17 23:59:37,495 [WARN] ConditionMgr:438 - getConditionDescription Invalid condition id : UX DEVICE CLASS RTOS Condition cause : null
2025-05-17 23:59:37,497 [WARN] PackLoader:240 - Cannot read IP mode file for STMicroelectronics.X-CUBE-AZRTOS-WB.2.0.0
2025-05-17 23:59:37,498 [WARN] ConditionMgr:1044 - genDependencies : Invalid condition id : UX DEVICE CLASS RTOS Condition cause : null
2025-05-17 23:59:37,498 [WARN] ConditionMgr:1044 - genDependencies : Invalid condition id : UX DEVICE CLASS RTOS Condition cause : null
2025-05-17 23:59:37,498 [WARN] ConditionMgr:1044 - genDependencies : Invalid condition id : UX DEVICE CLASS RTOS Condition cause : null
2025-05-17 23:59:37,499 [WARN] ConditionMgr:1044 - genDependencies : Invalid condition id : UX DEVICE CLASS RTOS Condition cause : null
2025-05-17 23:59:37,499 [WARN] ConditionMgr:1044 - genDependencies : Invalid condition id : UX DEVICE CLASS RTOS Condition cause : null
2025-05-17 23:59:37,506 [WARN] PackLoader:240 - Cannot read IP mode file for STMicroelectronics.X-CUBE-GNSS1.7.0.1
2025-05-17 23:59:37,512 [WARN] PackLoader:240 - Cannot read IP mode file for STMicroelectronics.X-CUBE-TOUCHGFX.4.25.0
2025-05-17 23:59:37,520 [WARN] PackLoader:240 - Cannot read IP mode file for STMicroelectronics.FP-SNS-STBOX1.2.0.0
2025-05-17 23:59:37,532 [WARN] PackLoader:240 - Cannot read IP mode file for STMicroelectronics.X-CUBE-SUBG2.5.0.0
2025-05-17 23:59:37,555 [WARN] PackLoader:240 - Cannot read IP mode file for STMicroelectronics.X-CUBE-AZRTOS-H7RS.1.1.0
2025-05-17 23:59:37,561 [WARN] PackLoader:240 - Cannot read IP mode file for Cesanta.I-CUBE-Mongoose.7.13.0
2025-05-17 23:59:37,579 [WARN] PackLoader:240 - Cannot read IP mode file for STMicroelectronics.X-CUBE-AZRTOS-G4.2.0.0
2025-05-17 23:59:37,591 [WARN] PackLoader:240 - Cannot read IP mode file for STMicroelectronics.X-CUBE-NFC7.2.0.0
2025-05-17 23:59:37,612 [WARN] PackLoader:240 - Cannot read IP mode file for STMicroelectronics.X-CUBE-IPS.3.1.0
2025-05-17 23:59:37,629 [WARN] PackLoader:240 - Cannot read IP mode file for STMicroelectronics.X-CUBE-ALS.1.0.2
2025-05-17 23:59:37,634 [WARN] PackLoader:240 - Cannot read IP mode file for STMicroelectronics.X-CUBE-TOUCHGFX.4.24.2
2025-05-17 23:59:37,640 [WARN] PackLoader:240 - Cannot read IP mode file for wolfSSL.I-CUBE-wolfTPM.3.4.0
2025-05-17 23:59:37,649 [WARN] PackLoader:240 - Cannot read IP mode file for portGmbH.I-Cube-SoM-uGOAL.1.1.0
2025-05-17 23:59:37,675 [WARN] PackLoader:240 - Cannot read IP mode file for STMicroelectronics.X-CUBE-AZRTOS-H7RS.1.0.0
2025-05-17 23:59:37,716 [WARN] PackLoader:240 - Cannot read IP mode file for STMicroelectronics.X-CUBE-TOF1.3.4.2
2025-05-17 23:59:37,748 [WARN] PackLoader:240 - Cannot read IP mode file for STMicroelectronics.X-CUBE-TOF1.3.4.3
2025-05-17 23:59:37,770 [WARN] PackLoader:240 - Cannot read IP mode file for wolfSSL.I-CUBE-wolfSSH.1.4.17
2025-05-17 23:59:37,772 [INFO] ThirdParty:978 - Integrity check success = true
2025-05-17 23:59:37,772 [INFO] IntegrityCheckThread:100 - exiting critical section [integrity check]
2025-05-17 23:59:37,772 [INFO] IntegrityCheckThread:103 - End integrity checks thread
