2025-05-15 22:33:40,502 [INFO] Activator:176 - 


2025-05-15 22:33:40,518 [INFO] Activator:177 - !SESSION log4j initialized
2025-05-15 22:33:50,687 [INFO] LogOutputStream:77 - [STDOUT_REDIRECT] 
2025-05-15 22:33:51,574 [INFO] ApplicationProperties:184 - Using Application install path: C:\ST\STM32CubeIDE_1.17.0\STM32CubeIDE\plugins\com.st.stm32cube.common.mx_6.14.0.202502271554
2025-05-15 22:33:51,595 [INFO] DbMcusXml:78 - Set database path to: C:\ST\STM32CubeIDE_1.17.0\STM32CubeIDE\plugins\com.st.stm32cube.common.mx_6.14.0.202502271554\\db\/mcu/
2025-05-15 22:33:51,595 [INFO] ApiDb:274 - Set plugin database path to: C:\ST\STM32CubeIDE_1.17.0\STM32CubeIDE\plugins\com.st.stm32cube.common.mx_6.14.0.202502271554\\db\/plugins/boardmanager/
2025-05-15 22:33:51,596 [WARN] ApiDb:259 - Overriding images path with different value:  => C:\ST\STM32CubeIDE_1.17.0\STM32CubeIDE\plugins\com.st.stm32cube.common.mx_6.14.0.202502271554\\db\/plugins/mcufinder/images/
2025-05-15 22:33:51,609 [INFO] ApiDb:250 - Set database path to: C:\Users\ashen\.stmcufinder\plugins\mcufinder//mcu/
2025-05-15 22:33:51,610 [INFO] DbMcusAds:125 - Set database path to: C:\Users\ashen\.stmcufinder\plugins\mcufinder//mcu/
2025-05-15 22:33:51,613 [INFO] CrossReferenceDbSqlite:203 - Set database path to: C:\Users\ashen\.stmcufinder\plugins\mcufinder//mcu/cs/
2025-05-15 22:33:51,744 [INFO] RulesReader:64 - Compatibility file has been processed (301 Rules)
2025-05-15 22:33:51,832 [INFO] DbMcusXml:78 - Set database path to: C:\ST\STM32CubeIDE_1.17.0\STM32CubeIDE\plugins\com.st.stm32cube.common.mx_6.14.0.202502271554\\db\/mcu/
2025-05-15 22:33:51,832 [INFO] ApiDb:274 - Set plugin database path to: C:\ST\STM32CubeIDE_1.17.0\STM32CubeIDE\plugins\com.st.stm32cube.common.mx_6.14.0.202502271554\\db\/plugins/boardmanager/
2025-05-15 22:33:51,832 [INFO] ApiDb:261 - Set plugin images path to: C:\ST\STM32CubeIDE_1.17.0\STM32CubeIDE\plugins\com.st.stm32cube.common.mx_6.14.0.202502271554\\db\/plugins/mcufinder/images/
2025-05-15 22:33:51,832 [WARN] DbFile:41 - Overriding database path with different value: C:\Users\ashen\.stmcufinder\plugins\mcufinder/ => C:\Users\ashen\.stmcufinder\plugins\mcufinder
2025-05-15 22:33:51,832 [INFO] ApiDb:250 - Set database path to: C:\Users\ashen\.stmcufinder\plugins\mcufinder//mcu/
2025-05-15 22:33:51,833 [WARN] DbFile:41 - Overriding database path with different value: C:\Users\ashen\.stmcufinder\plugins\mcufinder/ => C:\Users\ashen\.stmcufinder\plugins\mcufinder
2025-05-15 22:33:51,833 [INFO] DbMcusAds:125 - Set database path to: C:\Users\ashen\.stmcufinder\plugins\mcufinder//mcu/
2025-05-15 22:33:51,833 [WARN] DbFile:41 - Overriding database path with different value: C:\Users\ashen\.stmcufinder\plugins\mcufinder/ => C:\Users\ashen\.stmcufinder\plugins\mcufinder
2025-05-15 22:33:51,833 [WARN] DbFile:41 - Overriding database path with different value: C:\Users\ashen\.stmcufinder\plugins\mcufinder/ => C:\Users\ashen\.stmcufinder\plugins\mcufinder
2025-05-15 22:33:51,833 [INFO] CrossReferenceDbSqlite:203 - Set database path to: C:\Users\ashen\.stmcufinder\plugins\mcufinder//mcu/cs/
2025-05-15 22:33:51,908 [INFO] MainPanel:272 - HeapMemory: 268435456
2025-05-15 22:33:52,023 [INFO] DbMcusXml:78 - Set database path to: C:\ST\STM32CubeIDE_1.17.0\STM32CubeIDE\plugins\com.st.stm32cube.common.mx_6.14.0.202502271554\\db\/mcu/
2025-05-15 22:33:52,024 [INFO] ApiDb:274 - Set plugin database path to: C:\ST\STM32CubeIDE_1.17.0\STM32CubeIDE\plugins\com.st.stm32cube.common.mx_6.14.0.202502271554\\db\/plugins/boardmanager/
2025-05-15 22:33:52,024 [INFO] ApiDb:261 - Set plugin images path to: C:\ST\STM32CubeIDE_1.17.0\STM32CubeIDE\plugins\com.st.stm32cube.common.mx_6.14.0.202502271554\\db\/plugins/mcufinder/images/
2025-05-15 22:33:52,024 [WARN] DbFile:41 - Overriding database path with different value: C:\Users\ashen\.stmcufinder\plugins\mcufinder/ => C:\Users\ashen\.stmcufinder\plugins\mcufinder
2025-05-15 22:33:52,024 [INFO] ApiDb:250 - Set database path to: C:\Users\ashen\.stmcufinder\plugins\mcufinder//mcu/
2025-05-15 22:33:52,024 [WARN] DbFile:41 - Overriding database path with different value: C:\Users\ashen\.stmcufinder\plugins\mcufinder/ => C:\Users\ashen\.stmcufinder\plugins\mcufinder
2025-05-15 22:33:52,024 [INFO] DbMcusAds:125 - Set database path to: C:\Users\ashen\.stmcufinder\plugins\mcufinder//mcu/
2025-05-15 22:33:52,024 [WARN] DbFile:41 - Overriding database path with different value: C:\Users\ashen\.stmcufinder\plugins\mcufinder/ => C:\Users\ashen\.stmcufinder\plugins\mcufinder
2025-05-15 22:33:52,025 [WARN] DbFile:41 - Overriding database path with different value: C:\Users\ashen\.stmcufinder\plugins\mcufinder/ => C:\Users\ashen\.stmcufinder\plugins\mcufinder
2025-05-15 22:33:52,025 [INFO] CrossReferenceDbSqlite:203 - Set database path to: C:\Users\ashen\.stmcufinder\plugins\mcufinder//mcu/cs/
2025-05-15 22:33:52,041 [INFO] ApplicationProperties:184 - Using Application install path: C:\ST\STM32CubeIDE_1.17.0\STM32CubeIDE\plugins\com.st.stm32cube.common.mx_6.14.0.202502271554
2025-05-15 22:33:52,043 [INFO] PluginManage:196 - Search for loadable plugins [exclusion list=, ]
2025-05-15 22:33:52,044 [INFO] PluginManage:310 - Check plugin analytics
2025-05-15 22:33:52,243 [INFO] AnalyticsPlugin:253 - Accepted Software Licenses: 
2025-05-15 22:33:52,244 [INFO] AnalyticsPlugin:255 - Accepted CMSIS Pack Licenses: 
2025-05-15 22:33:52,244 [INFO] AnalyticsPlugin:257 - Accepted Firmware Licenses: 
2025-05-15 22:33:52,247 [INFO] PluginManage:359 - Loaded plugin analytics (category:tool,tabindex:-1)
2025-05-15 22:33:52,247 [INFO] PluginManage:310 - Check plugin cadmodel
2025-05-15 22:33:52,257 [INFO] CADModel:105 - Init CAD model plugin
2025-05-15 22:33:52,257 [INFO] PluginManage:359 - Loaded plugin cadmodel (category:power,tabindex:5)
2025-05-15 22:33:52,257 [INFO] PluginManage:310 - Check plugin clock
2025-05-15 22:33:52,267 [INFO] PluginManage:359 - Loaded plugin clock (category:base,tabindex:2)
2025-05-15 22:33:52,267 [INFO] PluginManage:310 - Check plugin ddr
2025-05-15 22:33:52,270 [INFO] PluginManage:359 - Loaded plugin ddr (category:tool,tabindex:6)
2025-05-15 22:33:52,270 [INFO] PluginManage:310 - Check plugin filemanager
2025-05-15 22:33:52,429 [INFO] PluginManage:359 - Loaded plugin filemanager (category:base,tabindex:10)
2025-05-15 22:33:52,429 [INFO] PluginManage:310 - Check plugin ipmanager
2025-05-15 22:33:52,435 [INFO] PluginManage:359 - Loaded plugin ipmanager (category:base,tabindex:5)
2025-05-15 22:33:52,435 [INFO] PluginManage:310 - Check plugin lpbam
2025-05-15 22:33:52,443 [INFO] PluginManage:359 - Loaded plugin lpbam (category:base,tabindex:0)
2025-05-15 22:33:52,443 [INFO] PluginManage:310 - Check plugin memorymap
2025-05-15 22:33:52,457 [INFO] PluginManage:359 - Loaded plugin memorymap (category:base,tabindex:4)
2025-05-15 22:33:52,457 [INFO] PluginManage:310 - Check plugin pinoutandconfiguration
2025-05-15 22:33:52,465 [INFO] PluginManage:359 - Loaded plugin pinoutandconfiguration (category:base,tabindex:1)
2025-05-15 22:33:52,466 [INFO] PluginManage:310 - Check plugin pinoutconfig
2025-05-15 22:33:52,558 [WARN] SupportedApi:132 - Cannot load RTOS API schema: s4s-elt-must-match.1: The content of 'definitions' must match (annotation?, (simpleType | complexType)?, (unique | key | keyref)*)). A problem was found starting at: attribute.
2025-05-15 22:33:52,807 [INFO] PluginManage:359 - Loaded plugin pinoutconfig (category:base,tabindex:0)
2025-05-15 22:33:52,807 [INFO] PluginManage:310 - Check plugin power
2025-05-15 22:33:52,824 [INFO] PluginManage:359 - Loaded plugin power (category:power,tabindex:4)
2025-05-15 22:33:52,824 [INFO] PluginManage:310 - Check plugin projectmanager
2025-05-15 22:33:52,846 [INFO] PluginManage:359 - Loaded plugin projectmanager (category:projectmanager,tabindex:4)
2025-05-15 22:33:52,846 [INFO] PluginManage:310 - Check plugin rif
2025-05-15 22:33:52,860 [INFO] PluginManage:359 - Loaded plugin rif (category:base,tabindex:3)
2025-05-15 22:33:52,860 [INFO] PluginManage:310 - Check plugin thirdparty
2025-05-15 22:33:53,069 [WARN] IntegrityCheckThread:84 - waiting for thirdparty lock release [integrity check]
2025-05-15 22:33:53,069 [INFO] PluginManage:359 - Loaded plugin thirdparty (category:base,tabindex:-1)
2025-05-15 22:33:53,069 [INFO] IntegrityCheckThread:86 - entering critical section [integrity check]
2025-05-15 22:33:53,069 [INFO] PluginManage:310 - Check plugin tools
2025-05-15 22:33:53,070 [INFO] ThirdPartyUpdaterWithRetryManager:70 - Updater plugin not ready yet. [1/15]
2025-05-15 22:33:53,077 [INFO] PluginManage:359 - Loaded plugin tools (category:base,tabindex:7)
2025-05-15 22:33:53,077 [INFO] PluginManage:310 - Check plugin tutovideos
2025-05-15 22:33:53,324 [INFO] PluginManage:359 - Loaded plugin tutovideos (category:base,tabindex:-1)
2025-05-15 22:33:53,324 [INFO] PluginManage:310 - Check plugin updater
2025-05-15 22:33:53,357 [INFO] PluginManage:359 - Loaded plugin updater (category:base,tabindex:12)
2025-05-15 22:33:53,357 [INFO] PluginManage:310 - Check plugin userauth
2025-05-15 22:33:53,364 [INFO] UserAuth:118 - Init User Auth plugin
2025-05-15 22:33:53,365 [INFO] PluginManage:359 - Loaded plugin userauth (category:base,tabindex:14)
2025-05-15 22:33:53,366 [INFO] PluginManage:283 - PluginManage : Loaded plugins [18]
2025-05-15 22:33:53,735 [INFO] PinOutPanel:1589 - setPackage(No Configuration,No Configuration)
2025-05-15 22:33:53,881 [INFO] CADModel:165 - CPN selected for project level
2025-05-15 22:33:53,881 [INFO] CADModel:114 - Register for checkConnection events
2025-05-15 22:33:53,918 [INFO] IPUIPlugin:80 - create IPUIPlugin
2025-05-15 22:33:53,919 [INFO] PluginManager:220 - loadIPPluginJar : add adc
2025-05-15 22:33:53,922 [INFO] IPUIPlugin:80 - create IPUIPlugin
2025-05-15 22:33:53,922 [INFO] PluginManager:220 - loadIPPluginJar : add aes
2025-05-15 22:33:53,926 [INFO] IPUIPlugin:80 - create IPUIPlugin
2025-05-15 22:33:53,926 [INFO] PluginManager:220 - loadIPPluginJar : add can
2025-05-15 22:33:53,929 [INFO] IPUIPlugin:80 - create IPUIPlugin
2025-05-15 22:33:53,929 [INFO] PluginManager:220 - loadIPPluginJar : add comp
2025-05-15 22:33:53,933 [INFO] IPUIPlugin:80 - create IPUIPlugin
2025-05-15 22:33:53,933 [INFO] PluginManager:220 - loadIPPluginJar : add cryp
2025-05-15 22:33:53,937 [INFO] IPUIPlugin:80 - create IPUIPlugin
2025-05-15 22:33:53,937 [INFO] PluginManager:220 - loadIPPluginJar : add ddr_ctrl_phy
2025-05-15 22:33:53,942 [INFO] IPUIPlugin:80 - create IPUIPlugin
2025-05-15 22:33:53,943 [INFO] PluginManager:220 - loadIPPluginJar : add dfsdm
2025-05-15 22:33:53,949 [INFO] IPUIPlugin:80 - create IPUIPlugin
2025-05-15 22:33:53,950 [INFO] PluginManager:220 - loadIPPluginJar : add dma
2025-05-15 22:33:53,953 [INFO] IPUIPlugin:80 - create IPUIPlugin
2025-05-15 22:33:53,953 [INFO] PluginManager:220 - loadIPPluginJar : add dma3
2025-05-15 22:33:53,957 [INFO] IPUIPlugin:80 - create IPUIPlugin
2025-05-15 22:33:53,957 [INFO] PluginManager:220 - loadIPPluginJar : add extmemmanager
2025-05-15 22:33:53,959 [INFO] IPUIPlugin:80 - create IPUIPlugin
2025-05-15 22:33:53,959 [INFO] PluginManager:220 - loadIPPluginJar : add fatfs
2025-05-15 22:33:53,966 [INFO] IPUIPlugin:80 - create IPUIPlugin
2025-05-15 22:33:53,966 [INFO] PluginManager:220 - loadIPPluginJar : add fmc
2025-05-15 22:33:53,974 [INFO] IPUIPlugin:80 - create IPUIPlugin
2025-05-15 22:33:53,974 [INFO] PluginManager:220 - loadIPPluginJar : add freertos
2025-05-15 22:33:53,976 [INFO] IPUIPlugin:80 - create IPUIPlugin
2025-05-15 22:33:53,976 [INFO] PluginManager:220 - loadIPPluginJar : add genericplugin
2025-05-15 22:33:53,982 [INFO] IPUIPlugin:80 - create IPUIPlugin
2025-05-15 22:33:53,982 [INFO] PluginManager:220 - loadIPPluginJar : add gfxmmu
2025-05-15 22:33:53,987 [INFO] IPUIPlugin:80 - create IPUIPlugin
2025-05-15 22:33:53,988 [INFO] PluginManager:220 - loadIPPluginJar : add gic
2025-05-15 22:33:53,993 [INFO] IPUIPlugin:80 - create IPUIPlugin
2025-05-15 22:33:53,993 [INFO] PluginManager:220 - loadIPPluginJar : add gpio
2025-05-15 22:33:53,999 [INFO] IPUIPlugin:80 - create IPUIPlugin
2025-05-15 22:33:53,999 [INFO] PluginManager:220 - loadIPPluginJar : add gtzc
2025-05-15 22:33:54,002 [INFO] IPUIPlugin:80 - create IPUIPlugin
2025-05-15 22:33:54,002 [INFO] PluginManager:220 - loadIPPluginJar : add hash
2025-05-15 22:33:54,005 [INFO] IPUIPlugin:80 - create IPUIPlugin
2025-05-15 22:33:54,007 [INFO] PluginManager:220 - loadIPPluginJar : add i2c
2025-05-15 22:33:54,011 [INFO] IPUIPlugin:80 - create IPUIPlugin
2025-05-15 22:33:54,011 [INFO] PluginManager:220 - loadIPPluginJar : add i2s
2025-05-15 22:33:54,017 [INFO] IPUIPlugin:80 - create IPUIPlugin
2025-05-15 22:33:54,017 [INFO] PluginManager:220 - loadIPPluginJar : add i3c
2025-05-15 22:33:54,022 [INFO] IPUIPlugin:80 - create IPUIPlugin
2025-05-15 22:33:54,022 [INFO] PluginManager:220 - loadIPPluginJar : add ipddr
2025-05-15 22:33:54,032 [INFO] IPUIPlugin:80 - create IPUIPlugin
2025-05-15 22:33:54,032 [INFO] PluginManager:220 - loadIPPluginJar : add linkedlist
2025-05-15 22:33:54,035 [INFO] IPUIPlugin:80 - create IPUIPlugin
2025-05-15 22:33:54,035 [INFO] PluginManager:220 - loadIPPluginJar : add lorawan
2025-05-15 22:33:54,036 [INFO] IPUIPlugin:80 - create IPUIPlugin
2025-05-15 22:33:54,037 [INFO] PluginManager:220 - loadIPPluginJar : add ltdc
2025-05-15 22:33:54,046 [INFO] IPUIPlugin:80 - create IPUIPlugin
2025-05-15 22:33:54,046 [INFO] PluginManager:220 - loadIPPluginJar : add mdma
2025-05-15 22:33:54,052 [INFO] IPUIPlugin:80 - create IPUIPlugin
2025-05-15 22:33:54,052 [INFO] PluginManager:220 - loadIPPluginJar : add nvic
2025-05-15 22:33:54,056 [INFO] IPUIPlugin:80 - create IPUIPlugin
2025-05-15 22:33:54,056 [INFO] PluginManager:220 - loadIPPluginJar : add opamp
2025-05-15 22:33:54,061 [INFO] IPUIPlugin:80 - create IPUIPlugin
2025-05-15 22:33:54,061 [INFO] PluginManager:220 - loadIPPluginJar : add openamp
2025-05-15 22:33:54,068 [INFO] IPUIPlugin:80 - create IPUIPlugin
2025-05-15 22:33:54,068 [INFO] PluginManager:220 - loadIPPluginJar : add pdm2pcm
2025-05-15 22:33:54,077 [INFO] IPUIPlugin:80 - create IPUIPlugin
2025-05-15 22:33:54,083 [INFO] PluginManager:220 - loadIPPluginJar : add plateformsettings
2025-05-15 22:33:54,086 [INFO] IPUIPlugin:80 - create IPUIPlugin
2025-05-15 22:33:54,086 [INFO] PluginManager:220 - loadIPPluginJar : add quadspi
2025-05-15 22:33:54,092 [INFO] IPUIPlugin:80 - create IPUIPlugin
2025-05-15 22:33:54,093 [INFO] PluginManager:220 - loadIPPluginJar : add radio
2025-05-15 22:33:54,100 [INFO] IPUIPlugin:80 - create IPUIPlugin
2025-05-15 22:33:54,100 [INFO] PluginManager:220 - loadIPPluginJar : add resmgrutility
2025-05-15 22:33:54,107 [INFO] IPUIPlugin:80 - create IPUIPlugin
2025-05-15 22:33:54,107 [INFO] PluginManager:220 - loadIPPluginJar : add sai
2025-05-15 22:33:54,109 [INFO] IPUIPlugin:80 - create IPUIPlugin
2025-05-15 22:33:54,110 [INFO] PluginManager:220 - loadIPPluginJar : add spi
2025-05-15 22:33:54,119 [INFO] IPUIPlugin:80 - create IPUIPlugin
2025-05-15 22:33:54,119 [INFO] PluginManager:220 - loadIPPluginJar : add stm32_wpan
2025-05-15 22:33:54,121 [INFO] IPUIPlugin:80 - create IPUIPlugin
2025-05-15 22:33:54,121 [INFO] PluginManager:220 - loadIPPluginJar : add tim
2025-05-15 22:33:54,125 [INFO] IPUIPlugin:80 - create IPUIPlugin
2025-05-15 22:33:54,125 [INFO] PluginManager:220 - loadIPPluginJar : add touchsensing
2025-05-15 22:33:54,130 [INFO] IPUIPlugin:80 - create IPUIPlugin
2025-05-15 22:33:54,130 [INFO] PluginManager:220 - loadIPPluginJar : add tracer_emb
2025-05-15 22:33:54,133 [INFO] IPUIPlugin:80 - create IPUIPlugin
2025-05-15 22:33:54,134 [INFO] PluginManager:220 - loadIPPluginJar : add ts
2025-05-15 22:33:54,137 [INFO] IPUIPlugin:80 - create IPUIPlugin
2025-05-15 22:33:54,137 [INFO] PluginManager:220 - loadIPPluginJar : add tsc
2025-05-15 22:33:54,139 [INFO] IPUIPlugin:80 - create IPUIPlugin
2025-05-15 22:33:54,140 [INFO] PluginManager:220 - loadIPPluginJar : add ucpd
2025-05-15 22:33:54,143 [INFO] IPUIPlugin:80 - create IPUIPlugin
2025-05-15 22:33:54,143 [INFO] PluginManager:220 - loadIPPluginJar : add usart
2025-05-15 22:33:54,146 [INFO] IPUIPlugin:80 - create IPUIPlugin
2025-05-15 22:33:54,147 [INFO] PluginManager:220 - loadIPPluginJar : add usbx
2025-05-15 22:33:54,294 [FATAL] Updater:351 - Updater called before beeing initialized
2025-05-15 22:33:54,323 [INFO] RulesReader:64 - Compatibility file has been processed (301 Rules)
2025-05-15 22:33:54,334 [INFO] RulesReader:64 - Compatibility file has been processed (301 Rules)
2025-05-15 22:33:54,344 [INFO] CADModel:165 - CPN selected for project level
2025-05-15 22:33:54,345 [INFO] CADModel:114 - Register for checkConnection events
2025-05-15 22:33:54,345 [FATAL] Updater:351 - Updater called before beeing initialized
2025-05-15 22:33:54,345 [ERROR] CADModel:125 - Updater not yet initialized, retry later 
2025-05-15 22:33:54,572 [FATAL] Updater:351 - Updater called before beeing initialized
2025-05-15 22:33:54,574 [INFO] CADModel:165 - CPN selected for project level
2025-05-15 22:33:54,574 [INFO] CADModel:114 - Register for checkConnection events
2025-05-15 22:33:54,574 [FATAL] Updater:351 - Updater called before beeing initialized
2025-05-15 22:33:54,574 [ERROR] CADModel:125 - Updater not yet initialized, retry later 
2025-05-15 22:33:54,578 [FATAL] Updater:351 - Updater called before beeing initialized
2025-05-15 22:33:54,728 [FATAL] Updater:351 - Updater called before beeing initialized
2025-05-15 22:33:54,735 [INFO] DbMcusAds:53 - JSON generation date=Thu Mar 06 20:24:22 IST 2025 (1741272862078)
2025-05-15 22:33:54,735 [FATAL] Updater:351 - Updater called before beeing initialized
2025-05-15 22:33:54,786 [WARN] DetailPanel:346 - Failed to get advertising image, set to default
2025-05-15 22:33:55,154 [FATAL] Updater:351 - Updater called before beeing initialized
2025-05-15 22:33:55,156 [FATAL] Updater:351 - Updater called before beeing initialized
2025-05-15 22:33:55,156 [FATAL] Updater:351 - Updater called before beeing initialized
2025-05-15 22:33:55,156 [WARN] DetailPanel:346 - Failed to get advertising image, set to default
2025-05-15 22:33:55,157 [FATAL] Updater:351 - Updater called before beeing initialized
2025-05-15 22:33:55,220 [ERROR] Updater:1198 - MainUpdater not yet initialized. External WinMGr cannot be set.
2025-05-15 22:33:55,222 [INFO] Updater:1134 - Updater Version found : 6.14.0
2025-05-15 22:33:55,243 [INFO] ApplicationProperties:184 - Using Application install path: C:\ST\STM32CubeIDE_1.17.0\STM32CubeIDE\plugins\com.st.stm32cube.common.mx_6.14.0.202502271554
2025-05-15 22:33:55,737 [INFO] MainUpdater:2872 - connection check result : 10
2025-05-15 22:33:55,737 [INFO] MainUpdater:3566 - Updater definition file requires update
2025-05-15 22:33:55,737 [INFO] MainUpdater:289 - Updater Check For Update Now.
2025-05-15 22:33:55,738 [INFO] MicroXplorer:498 - Change Database Version : DB.6.0.140
2025-05-15 22:33:55,744 [INFO] McuFinderGlobals:63 - Set McuFinder mode to 2 (CubeIDE integrated)
2025-05-15 22:33:55,745 [INFO] UserAuth:486 - Internet connection configuration mode: 1
2025-05-15 22:33:55,760 [INFO] JxBrowserEngine:152 - Initiate JxBrowser Engine with user profile folder
2025-05-15 22:33:55,993 [INFO] ServerAccessManage:473 - Download File updaters.zip
2025-05-15 22:33:56,071 [WARN] MainUpdater:1193 - Updater busy. Cannot search thirdparties
2025-05-15 22:33:56,071 [INFO] ThirdPartyUpdaterWithRetryManager:96 - Updater plugin is busy. [1/15]
2025-05-15 22:33:56,238 [INFO] FileExtend:242 - Unzip File : updaters.zip
2025-05-15 22:33:56,239 [INFO] FileExtend:257 - Standard Zip Deflate
2025-05-15 22:33:56,875 [INFO] ServerAccessManage:473 - Download File PacksControlFlags.xml
2025-05-15 22:33:57,016 [INFO] WebApp:169 - Instantiating new browser for Auth
2025-05-15 22:33:57,091 [INFO] ServerAccessManage:473 - Download File cubemx.pidx
2025-05-15 22:33:57,266 [INFO] LoadServerUpdatesThread:375 - End of LoadServerUpdate Thread
2025-05-15 22:33:57,527 [INFO] CheckServerUpdateThread:120 - End of CheckServer Thread
2025-05-15 22:33:58,341 [INFO] WebApp:463 - Apply proxy settings
2025-05-15 22:33:58,342 [INFO] WebApp:548 - Chromium requires no authentication
2025-05-15 22:33:58,356 [INFO] WebApp:491 - Direct internet connection detected
2025-05-15 22:33:58,396 [INFO] WebApp:894 - Register for checkConnection events
2025-05-15 22:33:58,396 [INFO] WebApp:463 - Apply proxy settings
2025-05-15 22:33:58,396 [INFO] WebApp:548 - Chromium requires no authentication
2025-05-15 22:33:58,397 [INFO] WebApp:491 - Direct internet connection detected
2025-05-15 22:33:58,646 [INFO] WebApp:191 - Connection restablished
2025-05-15 22:33:58,673 [INFO] WebApp:225 - Starting web application
2025-05-15 22:33:58,673 [INFO] WebApp:593 - Web application path used C:\ST\STM32CubeIDE_1.17.0\STM32CubeIDE\plugins\com.st.stm32cube.common.mx_6.14.0.202502271554\db\plugins\mcufinder\reactClient1\index.html
2025-05-15 22:33:58,823 [INFO] UserAuth:486 - Internet connection configuration mode: 1
2025-05-15 22:33:59,424 [WARN] PackLoader:240 - Cannot read IP mode file for STMicroelectronics.FP-SNS-MOTENVWB1.1.4.0
2025-05-15 22:33:59,437 [WARN] PackLoader:240 - Cannot read IP mode file for STMicroelectronics.FP-ATR-ASTRA1.2.0.2
2025-05-15 22:33:59,442 [WARN] PackLoader:240 - Cannot read IP mode file for STMicroelectronics.FP-ATR-ASTRA1.2.0.1
2025-05-15 22:33:59,455 [WARN] PackLoader:240 - Cannot read IP mode file for STMicroelectronics.X-CUBE-SMBUS.2.1.0
2025-05-15 22:33:59,464 [WARN] PackLoader:240 - Cannot read IP mode file for STMicroelectronics.X-CUBE-WB05N.1.1.0
2025-05-15 22:33:59,507 [WARN] PackLoader:240 - Cannot read IP mode file for STMicroelectronics.X-CUBE-AZRTOS-F7.1.1.0
2025-05-15 22:33:59,523 [WARN] PackLoader:240 - Cannot read IP mode file for STMicroelectronics.FP-SNS-FLIGHT1.5.0.2
2025-05-15 22:33:59,557 [WARN] PackLoader:240 - Cannot read IP mode file for Infineon.AIROC-Wi-Fi-Bluetooth-STM32.1.7.0
2025-05-15 22:33:59,573 [WARN] PackLoader:240 - Cannot read IP mode file for STMicroelectronics.X-CUBE-DISPLAY.3.0.0
2025-05-15 22:33:59,587 [WARN] PackLoader:240 - Cannot read IP mode file for STMicroelectronics.X-CUBE-BLE1.7.0.0
2025-05-15 22:33:59,594 [WARN] PackLoader:240 - Cannot read IP mode file for STMicroelectronics.X-CUBE-NFC10.1.0.0
2025-05-15 22:33:59,610 [WARN] PackLoader:240 - Cannot read IP mode file for STMicroelectronics.X-CUBE-BLEMGR.4.0.0
2025-05-15 22:33:59,623 [WARN] PackLoader:240 - Cannot read IP mode file for emotas.I-CUBE-CANOPEN.1.3.0
2025-05-15 22:33:59,627 [WARN] PackLoader:240 - Cannot read IP mode file for STMicroelectronics.X-CUBE-AI.10.0.0
2025-05-15 22:33:59,635 [WARN] PackLoader:240 - Cannot read IP mode file for STMicroelectronics.FP-SNS-SMARTAG2.1.2.0
2025-05-15 22:33:59,639 [WARN] PackLoader:240 - Cannot read IP mode file for STMicroelectronics.FP-SNS-FLIGHT1.5.1.0
2025-05-15 22:33:59,707 [WARN] PackLoader:240 - Cannot read IP mode file for STMicroelectronics.X-CUBE-MEMS1.11.1.0
2025-05-15 22:34:00,364 [INFO] LogOutputStream:77 - [STDOUT_REDIRECT] 1 : Invalid condition id : UX_CORESTACK_Condition cause : null
2025-05-15 22:34:00,368 [INFO] LogOutputStream:77 - [STDOUT_REDIRECT] 1 : Invalid condition id : UX_CORESTACK_Condition cause : null
2025-05-15 22:34:00,374 [INFO] LogOutputStream:77 - [STDOUT_REDIRECT] 1 : Invalid condition id : UX_CORESTACK_Condition cause : null
2025-05-15 22:34:00,379 [INFO] LogOutputStream:77 - [STDOUT_REDIRECT] 1 : Invalid condition id : UX_CORESTACK_Condition cause : null
2025-05-15 22:34:00,387 [INFO] LogOutputStream:77 - [STDOUT_REDIRECT] 1 : Invalid condition id : UX_CORESTACK_Condition cause : null
2025-05-15 22:34:00,398 [WARN] PackLoader:240 - Cannot read IP mode file for STMicroelectronics.X-CUBE-AZRTOS-WL.2.0.0
2025-05-15 22:34:00,424 [WARN] PackLoader:240 - Cannot read IP mode file for STMicroelectronics.FP-SNS-MOTENV1.5.0.0
2025-05-15 22:34:00,444 [WARN] PackLoader:240 - Cannot read IP mode file for wolfSSL.I-CUBE-wolfMQTT.1.19.0
2025-05-15 22:34:00,468 [WARN] PackLoader:240 - Cannot read IP mode file for WES.I-CUBE-Cesium.1.3.0
2025-05-15 22:34:00,485 [WARN] PackLoader:240 - Cannot read IP mode file for STMicroelectronics.X-CUBE-BLE2.3.3.0
2025-05-15 22:34:00,512 [WARN] PackLoader:240 - Cannot read IP mode file for STMicroelectronics.X-CUBE-NFC9.1.0.0
2025-05-15 22:34:00,536 [WARN] PackLoader:240 - Cannot read IP mode file for STMicroelectronics.X-CUBE-BLE1.7.1.0
2025-05-15 22:34:00,806 [WARN] PackLoader:240 - Cannot read IP mode file for STMicroelectronics.X-CUBE-MEMS1.11.2.0
2025-05-15 22:34:01,376 [WARN] PackLoader:240 - Cannot read IP mode file for STMicroelectronics.X-CUBE-AZRTOS-G0.1.1.0
2025-05-15 22:34:01,408 [WARN] PackLoader:240 - Cannot read IP mode file for STMicroelectronics.X-CUBE-SAFEA1.1.2.2
2025-05-15 22:34:01,433 [WARN] PackLoader:240 - Cannot read IP mode file for STMicroelectronics.X-CUBE-NFC4.3.0.0
2025-05-15 22:34:01,469 [WARN] PackLoader:240 - Cannot read IP mode file for EmbeddedOffice.I-CUBE-FS-RTOS.1.0.1
2025-05-15 22:34:01,487 [WARN] PackLoader:240 - Cannot read IP mode file for STMicroelectronics.X-CUBE-WB05N.2.0.0
2025-05-15 22:34:01,514 [WARN] PackLoader:240 - Cannot read IP mode file for STMicroelectronics.X-CUBE-TCPP.4.2.0
2025-05-15 22:34:01,536 [WARN] PackLoader:240 - Cannot read IP mode file for RealThread.X-CUBE-RT-Thread_Nano.4.1.1
2025-05-15 22:34:01,550 [WARN] PackLoader:240 - Cannot read IP mode file for STMicroelectronics.FP-ATR-SIGFOX1.3.2.0
2025-05-15 22:34:01,564 [WARN] ConditionMgr:438 - getConditionDescription Invalid condition id : Cortex-A Device cause : null
2025-05-15 22:34:01,603 [WARN] ConditionMgr:1044 - genDependencies : Invalid condition id : Cortex-A Device cause : null
2025-05-15 22:34:01,604 [WARN] ConditionMgr:1044 - genDependencies : Invalid condition id : Cortex-A Device cause : null
2025-05-15 22:34:01,604 [WARN] ConditionMgr:1044 - genDependencies : Invalid condition id : Cortex-A Device cause : null
2025-05-15 22:34:01,628 [WARN] PackLoader:240 - Cannot read IP mode file for STMicroelectronics.X-CUBE-EEPRMA1.5.1.0
2025-05-15 22:34:01,652 [WARN] PackLoader:240 - Cannot read IP mode file for wolfSSL.I-CUBE-wolfSSL.5.7.6
2025-05-15 22:34:01,677 [WARN] PackLoader:240 - Cannot read IP mode file for ITTIA_DB.I-CUBE-ITTIADB.8.9.0
2025-05-15 22:34:01,790 [WARN] PackLoader:240 - Cannot read IP mode file for SEGGER.I-CUBE-embOS.1.3.1
2025-05-15 22:34:01,954 [WARN] PackLoader:240 - Cannot read IP mode file for STMicroelectronics.X-CUBE-ALGOBUILD.1.4.0
2025-05-15 22:34:02,010 [WARN] PackLoader:240 - Cannot read IP mode file for STMicroelectronics.X-CUBE-AZRTOS-F4.1.1.0
2025-05-15 22:34:02,032 [WARN] PackLoader:240 - Cannot read IP mode file for Avnet-IotConnect.X-CUBE-IoTC-DA16k-PMOD.1.0.0
2025-05-15 22:34:02,046 [WARN] PackLoader:240 - Cannot read IP mode file for STMicroelectronics.X-CUBE-ISPU.2.1.0
2025-05-15 22:34:02,107 [WARN] PackLoader:240 - Cannot read IP mode file for STMicroelectronics.X-CUBE-AZRTOS-L5.2.0.0
2025-05-15 22:34:02,138 [WARN] PackLoader:240 - Cannot read IP mode file for STMicroelectronics.X-CUBE-NFC6.3.1.0
2025-05-15 22:34:02,160 [WARN] PackLoader:240 - Cannot read IP mode file for STMicroelectronics.X-CUBE-DPower.1.2.0
2025-05-15 22:34:02,177 [WARN] PackLoader:240 - Cannot read IP mode file for STMicroelectronics.X-CUBE-FREERTOS.1.3.1
2025-05-15 22:34:02,191 [WARN] PackLoader:240 - Cannot read IP mode file for STMicroelectronics.X-CUBE-FREERTOS.1.3.0
2025-05-15 22:34:02,207 [WARN] PackLoader:240 - Cannot read IP mode file for STMicroelectronics.X-CUBE-NFC7.1.0.1
2025-05-15 22:34:02,223 [WARN] PackLoader:240 - Cannot read IP mode file for STMicroelectronics.X-CUBE-DPower.1.3.0
2025-05-15 22:34:02,281 [WARN] ConditionMgr:438 - getConditionDescription Invalid condition id : LAN8742 Phy interface Condition cause : null
2025-05-15 22:34:02,285 [WARN] PackLoader:240 - Cannot read IP mode file for STMicroelectronics.X-CUBE-AZRTOS-L4.2.0.0
2025-05-15 22:34:02,290 [WARN] ConditionMgr:1044 - genDependencies : Invalid condition id : LAN8742 Phy interface Condition cause : null
2025-05-15 22:34:02,291 [WARN] ConditionMgr:1044 - genDependencies : Invalid condition id : LAN8742 Phy interface Condition cause : null
2025-05-15 22:34:02,293 [WARN] ConditionMgr:1044 - genDependencies : Invalid condition id : LAN8742 Phy interface Condition cause : null
2025-05-15 22:34:02,320 [WARN] PackLoader:240 - Cannot read IP mode file for STMicroelectronics.X-CUBE-SFXS2LP1.4.0.0
2025-05-15 22:34:02,398 [WARN] PackLoader:240 - Cannot read IP mode file for STMicroelectronics.X-CUBE-AZRTOS-H7.3.3.0
2025-05-15 22:34:02,452 [WARN] ConditionMgr:438 - getConditionDescription Invalid condition id : UX DEVICE CLASS RTOS Condition cause : null
2025-05-15 22:34:02,453 [WARN] ConditionMgr:438 - getConditionDescription Invalid condition id : UX DEVICE CLASS RTOS Condition cause : null
2025-05-15 22:34:02,461 [WARN] PackLoader:240 - Cannot read IP mode file for STMicroelectronics.X-CUBE-AZRTOS-WB.2.0.0
2025-05-15 22:34:02,465 [WARN] ConditionMgr:1044 - genDependencies : Invalid condition id : UX DEVICE CLASS RTOS Condition cause : null
2025-05-15 22:34:02,465 [WARN] ConditionMgr:1044 - genDependencies : Invalid condition id : UX DEVICE CLASS RTOS Condition cause : null
2025-05-15 22:34:02,467 [WARN] ConditionMgr:1044 - genDependencies : Invalid condition id : UX DEVICE CLASS RTOS Condition cause : null
2025-05-15 22:34:02,469 [WARN] ConditionMgr:1044 - genDependencies : Invalid condition id : UX DEVICE CLASS RTOS Condition cause : null
2025-05-15 22:34:02,469 [WARN] ConditionMgr:1044 - genDependencies : Invalid condition id : UX DEVICE CLASS RTOS Condition cause : null
2025-05-15 22:34:02,489 [WARN] PackLoader:240 - Cannot read IP mode file for STMicroelectronics.X-CUBE-GNSS1.7.0.1
2025-05-15 22:34:02,507 [WARN] PackLoader:240 - Cannot read IP mode file for STMicroelectronics.X-CUBE-TOUCHGFX.4.25.0
2025-05-15 22:34:02,530 [WARN] PackLoader:240 - Cannot read IP mode file for STMicroelectronics.FP-SNS-STBOX1.2.0.0
2025-05-15 22:34:02,578 [WARN] PackLoader:240 - Cannot read IP mode file for STMicroelectronics.X-CUBE-SUBG2.5.0.0
2025-05-15 22:34:02,671 [WARN] PackLoader:240 - Cannot read IP mode file for STMicroelectronics.X-CUBE-AZRTOS-H7RS.1.1.0
2025-05-15 22:34:02,691 [WARN] PackLoader:240 - Cannot read IP mode file for Cesanta.I-CUBE-Mongoose.7.13.0
2025-05-15 22:34:02,737 [WARN] PackLoader:240 - Cannot read IP mode file for STMicroelectronics.X-CUBE-AZRTOS-G4.2.0.0
2025-05-15 22:34:02,754 [WARN] PackLoader:240 - Cannot read IP mode file for STMicroelectronics.X-CUBE-NFC7.2.0.0
2025-05-15 22:34:02,789 [WARN] PackLoader:240 - Cannot read IP mode file for STMicroelectronics.X-CUBE-IPS.3.1.0
2025-05-15 22:34:02,822 [WARN] PackLoader:240 - Cannot read IP mode file for STMicroelectronics.X-CUBE-ALS.1.0.2
2025-05-15 22:34:02,875 [WARN] PackLoader:240 - Cannot read IP mode file for STMicroelectronics.X-CUBE-TOUCHGFX.4.24.2
2025-05-15 22:34:02,887 [WARN] PackLoader:240 - Cannot read IP mode file for wolfSSL.I-CUBE-wolfTPM.3.4.0
2025-05-15 22:34:02,902 [WARN] PackLoader:240 - Cannot read IP mode file for portGmbH.I-Cube-SoM-uGOAL.1.1.0
2025-05-15 22:34:02,954 [WARN] PackLoader:240 - Cannot read IP mode file for STMicroelectronics.X-CUBE-AZRTOS-H7RS.1.0.0
2025-05-15 22:34:03,007 [WARN] PackLoader:240 - Cannot read IP mode file for STMicroelectronics.X-CUBE-TOF1.3.4.2
2025-05-15 22:34:03,102 [WARN] PackLoader:240 - Cannot read IP mode file for STMicroelectronics.X-CUBE-TOF1.3.4.3
2025-05-15 22:34:03,167 [WARN] PackLoader:240 - Cannot read IP mode file for wolfSSL.I-CUBE-wolfSSH.1.4.17
2025-05-15 22:34:03,171 [INFO] ThirdParty:978 - Integrity check success = true
2025-05-15 22:34:03,171 [INFO] IntegrityCheckThread:100 - exiting critical section [integrity check]
2025-05-15 22:34:03,172 [INFO] IntegrityCheckThread:103 - End integrity checks thread
2025-05-15 23:03:47,616 [INFO] WebApp:194 - Connection lost
2025-05-15 23:03:47,829 [INFO] WebApp:191 - Connection restablished
2025-05-15 23:42:59,001 [INFO] WebApp:194 - Connection lost
2025-05-15 23:42:59,190 [INFO] WebApp:191 - Connection restablished
