2025-05-12 18:06:06,444 [INFO] Activator:176 - 


2025-05-12 18:06:06,450 [INFO] Activator:177 - !SESSION log4j initialized
2025-05-12 18:06:13,855 [INFO] LogOutputStream:77 - [STDOUT_REDIRECT] 
2025-05-12 18:06:14,690 [INFO] ApplicationProperties:184 - Using Application install path: C:\ST\STM32CubeIDE_1.17.0\STM32CubeIDE\plugins\com.st.stm32cube.common.mx_6.14.0.202502271554
2025-05-12 18:06:14,706 [INFO] DbMcusXml:78 - Set database path to: C:\ST\STM32CubeIDE_1.17.0\STM32CubeIDE\plugins\com.st.stm32cube.common.mx_6.14.0.202502271554\\db\/mcu/
2025-05-12 18:06:14,706 [INFO] ApiDb:274 - Set plugin database path to: C:\ST\STM32CubeIDE_1.17.0\STM32CubeIDE\plugins\com.st.stm32cube.common.mx_6.14.0.202502271554\\db\/plugins/boardmanager/
2025-05-12 18:06:14,707 [WARN] ApiDb:259 - Overriding images path with different value:  => C:\ST\STM32CubeIDE_1.17.0\STM32CubeIDE\plugins\com.st.stm32cube.common.mx_6.14.0.202502271554\\db\/plugins/mcufinder/images/
2025-05-12 18:06:14,714 [INFO] ApiDb:250 - Set database path to: C:\Users\ashen\.stmcufinder\plugins\mcufinder//mcu/
2025-05-12 18:06:14,715 [INFO] DbMcusAds:125 - Set database path to: C:\Users\ashen\.stmcufinder\plugins\mcufinder//mcu/
2025-05-12 18:06:14,717 [INFO] CrossReferenceDbSqlite:203 - Set database path to: C:\Users\ashen\.stmcufinder\plugins\mcufinder//mcu/cs/
2025-05-12 18:06:14,834 [INFO] RulesReader:64 - Compatibility file has been processed (301 Rules)
2025-05-12 18:06:14,953 [INFO] DbMcusXml:78 - Set database path to: C:\ST\STM32CubeIDE_1.17.0\STM32CubeIDE\plugins\com.st.stm32cube.common.mx_6.14.0.202502271554\\db\/mcu/
2025-05-12 18:06:14,953 [INFO] ApiDb:274 - Set plugin database path to: C:\ST\STM32CubeIDE_1.17.0\STM32CubeIDE\plugins\com.st.stm32cube.common.mx_6.14.0.202502271554\\db\/plugins/boardmanager/
2025-05-12 18:06:14,953 [INFO] ApiDb:261 - Set plugin images path to: C:\ST\STM32CubeIDE_1.17.0\STM32CubeIDE\plugins\com.st.stm32cube.common.mx_6.14.0.202502271554\\db\/plugins/mcufinder/images/
2025-05-12 18:06:14,953 [WARN] DbFile:41 - Overriding database path with different value: C:\Users\ashen\.stmcufinder\plugins\mcufinder/ => C:\Users\ashen\.stmcufinder\plugins\mcufinder
2025-05-12 18:06:14,953 [INFO] ApiDb:250 - Set database path to: C:\Users\ashen\.stmcufinder\plugins\mcufinder//mcu/
2025-05-12 18:06:14,953 [WARN] DbFile:41 - Overriding database path with different value: C:\Users\ashen\.stmcufinder\plugins\mcufinder/ => C:\Users\ashen\.stmcufinder\plugins\mcufinder
2025-05-12 18:06:14,954 [INFO] DbMcusAds:125 - Set database path to: C:\Users\ashen\.stmcufinder\plugins\mcufinder//mcu/
2025-05-12 18:06:14,954 [WARN] DbFile:41 - Overriding database path with different value: C:\Users\ashen\.stmcufinder\plugins\mcufinder/ => C:\Users\ashen\.stmcufinder\plugins\mcufinder
2025-05-12 18:06:14,954 [WARN] DbFile:41 - Overriding database path with different value: C:\Users\ashen\.stmcufinder\plugins\mcufinder/ => C:\Users\ashen\.stmcufinder\plugins\mcufinder
2025-05-12 18:06:14,954 [INFO] CrossReferenceDbSqlite:203 - Set database path to: C:\Users\ashen\.stmcufinder\plugins\mcufinder//mcu/cs/
2025-05-12 18:06:15,047 [INFO] MainPanel:272 - HeapMemory: 268435456
2025-05-12 18:06:15,161 [INFO] DbMcusXml:78 - Set database path to: C:\ST\STM32CubeIDE_1.17.0\STM32CubeIDE\plugins\com.st.stm32cube.common.mx_6.14.0.202502271554\\db\/mcu/
2025-05-12 18:06:15,161 [INFO] ApiDb:274 - Set plugin database path to: C:\ST\STM32CubeIDE_1.17.0\STM32CubeIDE\plugins\com.st.stm32cube.common.mx_6.14.0.202502271554\\db\/plugins/boardmanager/
2025-05-12 18:06:15,161 [INFO] ApiDb:261 - Set plugin images path to: C:\ST\STM32CubeIDE_1.17.0\STM32CubeIDE\plugins\com.st.stm32cube.common.mx_6.14.0.202502271554\\db\/plugins/mcufinder/images/
2025-05-12 18:06:15,162 [WARN] DbFile:41 - Overriding database path with different value: C:\Users\ashen\.stmcufinder\plugins\mcufinder/ => C:\Users\ashen\.stmcufinder\plugins\mcufinder
2025-05-12 18:06:15,162 [INFO] ApiDb:250 - Set database path to: C:\Users\ashen\.stmcufinder\plugins\mcufinder//mcu/
2025-05-12 18:06:15,162 [WARN] DbFile:41 - Overriding database path with different value: C:\Users\ashen\.stmcufinder\plugins\mcufinder/ => C:\Users\ashen\.stmcufinder\plugins\mcufinder
2025-05-12 18:06:15,162 [INFO] DbMcusAds:125 - Set database path to: C:\Users\ashen\.stmcufinder\plugins\mcufinder//mcu/
2025-05-12 18:06:15,162 [WARN] DbFile:41 - Overriding database path with different value: C:\Users\ashen\.stmcufinder\plugins\mcufinder/ => C:\Users\ashen\.stmcufinder\plugins\mcufinder
2025-05-12 18:06:15,162 [WARN] DbFile:41 - Overriding database path with different value: C:\Users\ashen\.stmcufinder\plugins\mcufinder/ => C:\Users\ashen\.stmcufinder\plugins\mcufinder
2025-05-12 18:06:15,162 [INFO] CrossReferenceDbSqlite:203 - Set database path to: C:\Users\ashen\.stmcufinder\plugins\mcufinder//mcu/cs/
2025-05-12 18:06:15,178 [INFO] ApplicationProperties:184 - Using Application install path: C:\ST\STM32CubeIDE_1.17.0\STM32CubeIDE\plugins\com.st.stm32cube.common.mx_6.14.0.202502271554
2025-05-12 18:06:15,179 [INFO] PluginManage:196 - Search for loadable plugins [exclusion list=, ]
2025-05-12 18:06:15,181 [INFO] PluginManage:310 - Check plugin analytics
2025-05-12 18:06:15,340 [INFO] AnalyticsPlugin:253 - Accepted Software Licenses: 
2025-05-12 18:06:15,340 [INFO] AnalyticsPlugin:255 - Accepted CMSIS Pack Licenses: 
2025-05-12 18:06:15,342 [INFO] AnalyticsPlugin:257 - Accepted Firmware Licenses: 
2025-05-12 18:06:15,344 [INFO] PluginManage:359 - Loaded plugin analytics (category:tool,tabindex:-1)
2025-05-12 18:06:15,344 [INFO] PluginManage:310 - Check plugin cadmodel
2025-05-12 18:06:15,350 [INFO] CADModel:105 - Init CAD model plugin
2025-05-12 18:06:15,350 [INFO] PluginManage:359 - Loaded plugin cadmodel (category:power,tabindex:5)
2025-05-12 18:06:15,350 [INFO] PluginManage:310 - Check plugin clock
2025-05-12 18:06:15,361 [INFO] PluginManage:359 - Loaded plugin clock (category:base,tabindex:2)
2025-05-12 18:06:15,361 [INFO] PluginManage:310 - Check plugin ddr
2025-05-12 18:06:15,363 [INFO] PluginManage:359 - Loaded plugin ddr (category:tool,tabindex:6)
2025-05-12 18:06:15,363 [INFO] PluginManage:310 - Check plugin filemanager
2025-05-12 18:06:15,482 [INFO] PluginManage:359 - Loaded plugin filemanager (category:base,tabindex:10)
2025-05-12 18:06:15,482 [INFO] PluginManage:310 - Check plugin ipmanager
2025-05-12 18:06:15,487 [INFO] PluginManage:359 - Loaded plugin ipmanager (category:base,tabindex:5)
2025-05-12 18:06:15,487 [INFO] PluginManage:310 - Check plugin lpbam
2025-05-12 18:06:15,493 [INFO] PluginManage:359 - Loaded plugin lpbam (category:base,tabindex:0)
2025-05-12 18:06:15,493 [INFO] PluginManage:310 - Check plugin memorymap
2025-05-12 18:06:15,505 [INFO] PluginManage:359 - Loaded plugin memorymap (category:base,tabindex:4)
2025-05-12 18:06:15,505 [INFO] PluginManage:310 - Check plugin pinoutandconfiguration
2025-05-12 18:06:15,512 [INFO] PluginManage:359 - Loaded plugin pinoutandconfiguration (category:base,tabindex:1)
2025-05-12 18:06:15,512 [INFO] PluginManage:310 - Check plugin pinoutconfig
2025-05-12 18:06:15,587 [WARN] SupportedApi:132 - Cannot load RTOS API schema: s4s-elt-must-match.1: The content of 'definitions' must match (annotation?, (simpleType | complexType)?, (unique | key | keyref)*)). A problem was found starting at: attribute.
2025-05-12 18:06:15,728 [INFO] PluginManage:359 - Loaded plugin pinoutconfig (category:base,tabindex:0)
2025-05-12 18:06:15,728 [INFO] PluginManage:310 - Check plugin power
2025-05-12 18:06:15,740 [INFO] PluginManage:359 - Loaded plugin power (category:power,tabindex:4)
2025-05-12 18:06:15,740 [INFO] PluginManage:310 - Check plugin projectmanager
2025-05-12 18:06:15,755 [INFO] PluginManage:359 - Loaded plugin projectmanager (category:projectmanager,tabindex:4)
2025-05-12 18:06:15,755 [INFO] PluginManage:310 - Check plugin rif
2025-05-12 18:06:15,762 [INFO] PluginManage:359 - Loaded plugin rif (category:base,tabindex:3)
2025-05-12 18:06:15,762 [INFO] PluginManage:310 - Check plugin thirdparty
2025-05-12 18:06:15,872 [INFO] PluginManage:359 - Loaded plugin thirdparty (category:base,tabindex:-1)
2025-05-12 18:06:15,872 [WARN] IntegrityCheckThread:84 - waiting for thirdparty lock release [integrity check]
2025-05-12 18:06:15,872 [INFO] PluginManage:310 - Check plugin tools
2025-05-12 18:06:15,872 [INFO] IntegrityCheckThread:86 - entering critical section [integrity check]
2025-05-12 18:06:15,872 [INFO] ThirdPartyUpdaterWithRetryManager:70 - Updater plugin not ready yet. [1/15]
2025-05-12 18:06:15,876 [INFO] PluginManage:359 - Loaded plugin tools (category:base,tabindex:7)
2025-05-12 18:06:15,876 [INFO] PluginManage:310 - Check plugin tutovideos
2025-05-12 18:06:16,017 [INFO] PluginManage:359 - Loaded plugin tutovideos (category:base,tabindex:-1)
2025-05-12 18:06:16,017 [INFO] PluginManage:310 - Check plugin updater
2025-05-12 18:06:16,036 [INFO] PluginManage:359 - Loaded plugin updater (category:base,tabindex:12)
2025-05-12 18:06:16,036 [INFO] PluginManage:310 - Check plugin userauth
2025-05-12 18:06:16,040 [INFO] UserAuth:118 - Init User Auth plugin
2025-05-12 18:06:16,040 [INFO] PluginManage:359 - Loaded plugin userauth (category:base,tabindex:14)
2025-05-12 18:06:16,040 [INFO] PluginManage:283 - PluginManage : Loaded plugins [18]
2025-05-12 18:06:16,204 [INFO] PinOutPanel:1589 - setPackage(No Configuration,No Configuration)
2025-05-12 18:06:16,271 [INFO] CADModel:165 - CPN selected for project level
2025-05-12 18:06:16,271 [INFO] CADModel:114 - Register for checkConnection events
2025-05-12 18:06:16,289 [INFO] IPUIPlugin:80 - create IPUIPlugin
2025-05-12 18:06:16,289 [INFO] PluginManager:220 - loadIPPluginJar : add adc
2025-05-12 18:06:16,292 [INFO] IPUIPlugin:80 - create IPUIPlugin
2025-05-12 18:06:16,292 [INFO] PluginManager:220 - loadIPPluginJar : add aes
2025-05-12 18:06:16,296 [INFO] IPUIPlugin:80 - create IPUIPlugin
2025-05-12 18:06:16,296 [INFO] PluginManager:220 - loadIPPluginJar : add can
2025-05-12 18:06:16,298 [INFO] IPUIPlugin:80 - create IPUIPlugin
2025-05-12 18:06:16,298 [INFO] PluginManager:220 - loadIPPluginJar : add comp
2025-05-12 18:06:16,300 [INFO] IPUIPlugin:80 - create IPUIPlugin
2025-05-12 18:06:16,300 [INFO] PluginManager:220 - loadIPPluginJar : add cryp
2025-05-12 18:06:16,304 [INFO] IPUIPlugin:80 - create IPUIPlugin
2025-05-12 18:06:16,304 [INFO] PluginManager:220 - loadIPPluginJar : add ddr_ctrl_phy
2025-05-12 18:06:16,306 [INFO] IPUIPlugin:80 - create IPUIPlugin
2025-05-12 18:06:16,307 [INFO] PluginManager:220 - loadIPPluginJar : add dfsdm
2025-05-12 18:06:16,312 [INFO] IPUIPlugin:80 - create IPUIPlugin
2025-05-12 18:06:16,313 [INFO] PluginManager:220 - loadIPPluginJar : add dma
2025-05-12 18:06:16,316 [INFO] IPUIPlugin:80 - create IPUIPlugin
2025-05-12 18:06:16,316 [INFO] PluginManager:220 - loadIPPluginJar : add dma3
2025-05-12 18:06:16,319 [INFO] IPUIPlugin:80 - create IPUIPlugin
2025-05-12 18:06:16,319 [INFO] PluginManager:220 - loadIPPluginJar : add extmemmanager
2025-05-12 18:06:16,321 [INFO] IPUIPlugin:80 - create IPUIPlugin
2025-05-12 18:06:16,321 [INFO] PluginManager:220 - loadIPPluginJar : add fatfs
2025-05-12 18:06:16,325 [INFO] IPUIPlugin:80 - create IPUIPlugin
2025-05-12 18:06:16,325 [INFO] PluginManager:220 - loadIPPluginJar : add fmc
2025-05-12 18:06:16,331 [INFO] IPUIPlugin:80 - create IPUIPlugin
2025-05-12 18:06:16,331 [INFO] PluginManager:220 - loadIPPluginJar : add freertos
2025-05-12 18:06:16,333 [INFO] IPUIPlugin:80 - create IPUIPlugin
2025-05-12 18:06:16,333 [INFO] PluginManager:220 - loadIPPluginJar : add genericplugin
2025-05-12 18:06:16,335 [INFO] IPUIPlugin:80 - create IPUIPlugin
2025-05-12 18:06:16,335 [INFO] PluginManager:220 - loadIPPluginJar : add gfxmmu
2025-05-12 18:06:16,339 [INFO] IPUIPlugin:80 - create IPUIPlugin
2025-05-12 18:06:16,340 [INFO] PluginManager:220 - loadIPPluginJar : add gic
2025-05-12 18:06:16,344 [INFO] IPUIPlugin:80 - create IPUIPlugin
2025-05-12 18:06:16,344 [INFO] PluginManager:220 - loadIPPluginJar : add gpio
2025-05-12 18:06:16,348 [INFO] IPUIPlugin:80 - create IPUIPlugin
2025-05-12 18:06:16,348 [INFO] PluginManager:220 - loadIPPluginJar : add gtzc
2025-05-12 18:06:16,350 [INFO] IPUIPlugin:80 - create IPUIPlugin
2025-05-12 18:06:16,350 [INFO] PluginManager:220 - loadIPPluginJar : add hash
2025-05-12 18:06:16,353 [INFO] IPUIPlugin:80 - create IPUIPlugin
2025-05-12 18:06:16,353 [INFO] PluginManager:220 - loadIPPluginJar : add i2c
2025-05-12 18:06:16,355 [INFO] IPUIPlugin:80 - create IPUIPlugin
2025-05-12 18:06:16,356 [INFO] PluginManager:220 - loadIPPluginJar : add i2s
2025-05-12 18:06:16,359 [INFO] IPUIPlugin:80 - create IPUIPlugin
2025-05-12 18:06:16,359 [INFO] PluginManager:220 - loadIPPluginJar : add i3c
2025-05-12 18:06:16,363 [INFO] IPUIPlugin:80 - create IPUIPlugin
2025-05-12 18:06:16,363 [INFO] PluginManager:220 - loadIPPluginJar : add ipddr
2025-05-12 18:06:16,370 [INFO] IPUIPlugin:80 - create IPUIPlugin
2025-05-12 18:06:16,371 [INFO] PluginManager:220 - loadIPPluginJar : add linkedlist
2025-05-12 18:06:16,373 [INFO] IPUIPlugin:80 - create IPUIPlugin
2025-05-12 18:06:16,373 [INFO] PluginManager:220 - loadIPPluginJar : add lorawan
2025-05-12 18:06:16,375 [INFO] IPUIPlugin:80 - create IPUIPlugin
2025-05-12 18:06:16,375 [INFO] PluginManager:220 - loadIPPluginJar : add ltdc
2025-05-12 18:06:16,380 [INFO] IPUIPlugin:80 - create IPUIPlugin
2025-05-12 18:06:16,380 [INFO] PluginManager:220 - loadIPPluginJar : add mdma
2025-05-12 18:06:16,384 [INFO] IPUIPlugin:80 - create IPUIPlugin
2025-05-12 18:06:16,384 [INFO] PluginManager:220 - loadIPPluginJar : add nvic
2025-05-12 18:06:16,387 [INFO] IPUIPlugin:80 - create IPUIPlugin
2025-05-12 18:06:16,387 [INFO] PluginManager:220 - loadIPPluginJar : add opamp
2025-05-12 18:06:16,391 [INFO] IPUIPlugin:80 - create IPUIPlugin
2025-05-12 18:06:16,391 [INFO] PluginManager:220 - loadIPPluginJar : add openamp
2025-05-12 18:06:16,394 [INFO] IPUIPlugin:80 - create IPUIPlugin
2025-05-12 18:06:16,394 [INFO] PluginManager:220 - loadIPPluginJar : add pdm2pcm
2025-05-12 18:06:16,400 [INFO] IPUIPlugin:80 - create IPUIPlugin
2025-05-12 18:06:16,403 [INFO] PluginManager:220 - loadIPPluginJar : add plateformsettings
2025-05-12 18:06:16,405 [INFO] IPUIPlugin:80 - create IPUIPlugin
2025-05-12 18:06:16,405 [INFO] PluginManager:220 - loadIPPluginJar : add quadspi
2025-05-12 18:06:16,407 [INFO] IPUIPlugin:80 - create IPUIPlugin
2025-05-12 18:06:16,407 [INFO] PluginManager:220 - loadIPPluginJar : add radio
2025-05-12 18:06:16,412 [INFO] IPUIPlugin:80 - create IPUIPlugin
2025-05-12 18:06:16,412 [INFO] PluginManager:220 - loadIPPluginJar : add resmgrutility
2025-05-12 18:06:16,415 [INFO] IPUIPlugin:80 - create IPUIPlugin
2025-05-12 18:06:16,415 [INFO] PluginManager:220 - loadIPPluginJar : add sai
2025-05-12 18:06:16,418 [INFO] IPUIPlugin:80 - create IPUIPlugin
2025-05-12 18:06:16,418 [INFO] PluginManager:220 - loadIPPluginJar : add spi
2025-05-12 18:06:16,424 [INFO] IPUIPlugin:80 - create IPUIPlugin
2025-05-12 18:06:16,424 [INFO] PluginManager:220 - loadIPPluginJar : add stm32_wpan
2025-05-12 18:06:16,427 [INFO] IPUIPlugin:80 - create IPUIPlugin
2025-05-12 18:06:16,427 [INFO] PluginManager:220 - loadIPPluginJar : add tim
2025-05-12 18:06:16,430 [INFO] IPUIPlugin:80 - create IPUIPlugin
2025-05-12 18:06:16,430 [INFO] PluginManager:220 - loadIPPluginJar : add touchsensing
2025-05-12 18:06:16,432 [INFO] IPUIPlugin:80 - create IPUIPlugin
2025-05-12 18:06:16,432 [INFO] PluginManager:220 - loadIPPluginJar : add tracer_emb
2025-05-12 18:06:16,434 [INFO] IPUIPlugin:80 - create IPUIPlugin
2025-05-12 18:06:16,434 [INFO] PluginManager:220 - loadIPPluginJar : add ts
2025-05-12 18:06:16,437 [INFO] IPUIPlugin:80 - create IPUIPlugin
2025-05-12 18:06:16,437 [INFO] PluginManager:220 - loadIPPluginJar : add tsc
2025-05-12 18:06:16,439 [INFO] IPUIPlugin:80 - create IPUIPlugin
2025-05-12 18:06:16,439 [INFO] PluginManager:220 - loadIPPluginJar : add ucpd
2025-05-12 18:06:16,442 [INFO] IPUIPlugin:80 - create IPUIPlugin
2025-05-12 18:06:16,442 [INFO] PluginManager:220 - loadIPPluginJar : add usart
2025-05-12 18:06:16,445 [INFO] IPUIPlugin:80 - create IPUIPlugin
2025-05-12 18:06:16,445 [INFO] PluginManager:220 - loadIPPluginJar : add usbx
2025-05-12 18:06:16,567 [FATAL] Updater:351 - Updater called before beeing initialized
2025-05-12 18:06:16,587 [INFO] RulesReader:64 - Compatibility file has been processed (301 Rules)
2025-05-12 18:06:16,596 [INFO] RulesReader:64 - Compatibility file has been processed (301 Rules)
2025-05-12 18:06:16,603 [INFO] CADModel:165 - CPN selected for project level
2025-05-12 18:06:16,603 [INFO] CADModel:114 - Register for checkConnection events
2025-05-12 18:06:16,603 [FATAL] Updater:351 - Updater called before beeing initialized
2025-05-12 18:06:16,603 [ERROR] CADModel:125 - Updater not yet initialized, retry later 
2025-05-12 18:06:16,723 [FATAL] Updater:351 - Updater called before beeing initialized
2025-05-12 18:06:16,724 [INFO] CADModel:165 - CPN selected for project level
2025-05-12 18:06:16,724 [INFO] CADModel:114 - Register for checkConnection events
2025-05-12 18:06:16,724 [FATAL] Updater:351 - Updater called before beeing initialized
2025-05-12 18:06:16,724 [ERROR] CADModel:125 - Updater not yet initialized, retry later 
2025-05-12 18:06:16,727 [FATAL] Updater:351 - Updater called before beeing initialized
2025-05-12 18:06:16,823 [FATAL] Updater:351 - Updater called before beeing initialized
2025-05-12 18:06:16,826 [INFO] DbMcusAds:53 - JSON generation date=Thu Mar 06 20:24:22 IST 2025 (1741272862078)
2025-05-12 18:06:16,827 [FATAL] Updater:351 - Updater called before beeing initialized
2025-05-12 18:06:16,863 [WARN] DetailPanel:346 - Failed to get advertising image, set to default
2025-05-12 18:06:17,169 [FATAL] Updater:351 - Updater called before beeing initialized
2025-05-12 18:06:17,171 [FATAL] Updater:351 - Updater called before beeing initialized
2025-05-12 18:06:17,171 [FATAL] Updater:351 - Updater called before beeing initialized
2025-05-12 18:06:17,171 [WARN] DetailPanel:346 - Failed to get advertising image, set to default
2025-05-12 18:06:17,172 [FATAL] Updater:351 - Updater called before beeing initialized
2025-05-12 18:06:17,213 [ERROR] Updater:1198 - MainUpdater not yet initialized. External WinMGr cannot be set.
2025-05-12 18:06:17,215 [INFO] Updater:1134 - Updater Version found : 6.14.0
2025-05-12 18:06:17,231 [INFO] ApplicationProperties:184 - Using Application install path: C:\ST\STM32CubeIDE_1.17.0\STM32CubeIDE\plugins\com.st.stm32cube.common.mx_6.14.0.202502271554
2025-05-12 18:06:17,759 [INFO] MainUpdater:2872 - connection check result : 10
2025-05-12 18:06:17,760 [INFO] MainUpdater:289 - Updater Check For Update Now.
2025-05-12 18:06:17,760 [INFO] MicroXplorer:498 - Change Database Version : DB.6.0.140
2025-05-12 18:06:17,766 [INFO] McuFinderGlobals:63 - Set McuFinder mode to 2 (CubeIDE integrated)
2025-05-12 18:06:17,767 [INFO] UserAuth:486 - Internet connection configuration mode: 1
2025-05-12 18:06:17,795 [INFO] JxBrowserEngine:152 - Initiate JxBrowser Engine with user profile folder
2025-05-12 18:06:17,938 [INFO] CheckServerUpdateThread:120 - End of CheckServer Thread
2025-05-12 18:06:18,645 [INFO] WebApp:169 - Instantiating new browser for Auth
2025-05-12 18:06:19,100 [WARN] PackLoader:240 - Cannot read IP mode file for STMicroelectronics.FP-SNS-MOTENVWB1.1.4.0
2025-05-12 18:06:19,112 [WARN] PackLoader:240 - Cannot read IP mode file for STMicroelectronics.FP-ATR-ASTRA1.2.0.2
2025-05-12 18:06:19,117 [WARN] PackLoader:240 - Cannot read IP mode file for STMicroelectronics.FP-ATR-ASTRA1.2.0.1
2025-05-12 18:06:19,129 [WARN] PackLoader:240 - Cannot read IP mode file for STMicroelectronics.X-CUBE-SMBUS.2.1.0
2025-05-12 18:06:19,139 [WARN] PackLoader:240 - Cannot read IP mode file for STMicroelectronics.X-CUBE-WB05N.1.1.0
2025-05-12 18:06:19,173 [WARN] PackLoader:240 - Cannot read IP mode file for STMicroelectronics.X-CUBE-AZRTOS-F7.1.1.0
2025-05-12 18:06:19,184 [WARN] PackLoader:240 - Cannot read IP mode file for STMicroelectronics.FP-SNS-FLIGHT1.5.0.2
2025-05-12 18:06:19,218 [WARN] PackLoader:240 - Cannot read IP mode file for Infineon.AIROC-Wi-Fi-Bluetooth-STM32.1.7.0
2025-05-12 18:06:19,233 [WARN] PackLoader:240 - Cannot read IP mode file for STMicroelectronics.X-CUBE-DISPLAY.3.0.0
2025-05-12 18:06:19,243 [WARN] PackLoader:240 - Cannot read IP mode file for STMicroelectronics.X-CUBE-BLE1.7.0.0
2025-05-12 18:06:19,253 [WARN] PackLoader:240 - Cannot read IP mode file for STMicroelectronics.X-CUBE-NFC10.1.0.0
2025-05-12 18:06:19,269 [WARN] PackLoader:240 - Cannot read IP mode file for STMicroelectronics.X-CUBE-BLEMGR.4.0.0
2025-05-12 18:06:19,277 [WARN] PackLoader:240 - Cannot read IP mode file for emotas.I-CUBE-CANOPEN.1.3.0
2025-05-12 18:06:19,281 [WARN] PackLoader:240 - Cannot read IP mode file for STMicroelectronics.X-CUBE-AI.10.0.0
2025-05-12 18:06:19,286 [WARN] PackLoader:240 - Cannot read IP mode file for STMicroelectronics.FP-SNS-SMARTAG2.1.2.0
2025-05-12 18:06:19,291 [WARN] PackLoader:240 - Cannot read IP mode file for STMicroelectronics.FP-SNS-FLIGHT1.5.1.0
2025-05-12 18:06:19,361 [WARN] PackLoader:240 - Cannot read IP mode file for STMicroelectronics.X-CUBE-MEMS1.11.1.0
2025-05-12 18:06:19,559 [INFO] WebApp:463 - Apply proxy settings
2025-05-12 18:06:19,560 [INFO] WebApp:548 - Chromium requires no authentication
2025-05-12 18:06:19,573 [INFO] WebApp:491 - Direct internet connection detected
2025-05-12 18:06:19,579 [INFO] LogOutputStream:77 - [STDOUT_REDIRECT] 1 : Invalid condition id : UX_CORESTACK_Condition cause : null
2025-05-12 18:06:19,580 [INFO] LogOutputStream:77 - [STDOUT_REDIRECT] 1 : Invalid condition id : UX_CORESTACK_Condition cause : null
2025-05-12 18:06:19,581 [INFO] LogOutputStream:77 - [STDOUT_REDIRECT] 1 : Invalid condition id : UX_CORESTACK_Condition cause : null
2025-05-12 18:06:19,583 [INFO] LogOutputStream:77 - [STDOUT_REDIRECT] 1 : Invalid condition id : UX_CORESTACK_Condition cause : null
2025-05-12 18:06:19,584 [INFO] LogOutputStream:77 - [STDOUT_REDIRECT] 1 : Invalid condition id : UX_CORESTACK_Condition cause : null
2025-05-12 18:06:19,587 [WARN] PackLoader:240 - Cannot read IP mode file for STMicroelectronics.X-CUBE-AZRTOS-WL.2.0.0
2025-05-12 18:06:19,597 [WARN] PackLoader:240 - Cannot read IP mode file for STMicroelectronics.FP-SNS-MOTENV1.5.0.0
2025-05-12 18:06:19,602 [WARN] PackLoader:240 - Cannot read IP mode file for wolfSSL.I-CUBE-wolfMQTT.1.19.0
2025-05-12 18:06:19,608 [INFO] WebApp:894 - Register for checkConnection events
2025-05-12 18:06:19,609 [INFO] WebApp:463 - Apply proxy settings
2025-05-12 18:06:19,610 [INFO] WebApp:548 - Chromium requires no authentication
2025-05-12 18:06:19,611 [INFO] WebApp:491 - Direct internet connection detected
2025-05-12 18:06:19,611 [WARN] PackLoader:240 - Cannot read IP mode file for WES.I-CUBE-Cesium.1.3.0
2025-05-12 18:06:19,617 [WARN] PackLoader:240 - Cannot read IP mode file for STMicroelectronics.X-CUBE-BLE2.3.3.0
2025-05-12 18:06:19,625 [WARN] PackLoader:240 - Cannot read IP mode file for STMicroelectronics.X-CUBE-NFC9.1.0.0
2025-05-12 18:06:19,631 [WARN] PackLoader:240 - Cannot read IP mode file for STMicroelectronics.X-CUBE-BLE1.7.1.0
2025-05-12 18:06:19,688 [WARN] PackLoader:240 - Cannot read IP mode file for STMicroelectronics.X-CUBE-MEMS1.11.2.0
2025-05-12 18:06:19,901 [INFO] WebApp:191 - Connection restablished
2025-05-12 18:06:19,944 [WARN] PackLoader:240 - Cannot read IP mode file for STMicroelectronics.X-CUBE-AZRTOS-G0.1.1.0
2025-05-12 18:06:19,955 [WARN] PackLoader:240 - Cannot read IP mode file for STMicroelectronics.X-CUBE-SAFEA1.1.2.2
2025-05-12 18:06:19,963 [WARN] PackLoader:240 - Cannot read IP mode file for STMicroelectronics.X-CUBE-NFC4.3.0.0
2025-05-12 18:06:19,977 [WARN] PackLoader:240 - Cannot read IP mode file for EmbeddedOffice.I-CUBE-FS-RTOS.1.0.1
2025-05-12 18:06:19,984 [WARN] PackLoader:240 - Cannot read IP mode file for STMicroelectronics.X-CUBE-WB05N.2.0.0
2025-05-12 18:06:19,985 [INFO] WebApp:225 - Starting web application
2025-05-12 18:06:19,986 [INFO] WebApp:593 - Web application path used C:\ST\STM32CubeIDE_1.17.0\STM32CubeIDE\plugins\com.st.stm32cube.common.mx_6.14.0.202502271554\db\plugins\mcufinder\reactClient1\index.html
2025-05-12 18:06:19,997 [WARN] PackLoader:240 - Cannot read IP mode file for STMicroelectronics.X-CUBE-TCPP.4.2.0
2025-05-12 18:06:20,009 [WARN] PackLoader:240 - Cannot read IP mode file for RealThread.X-CUBE-RT-Thread_Nano.4.1.1
2025-05-12 18:06:20,020 [WARN] PackLoader:240 - Cannot read IP mode file for STMicroelectronics.FP-ATR-SIGFOX1.3.2.0
2025-05-12 18:06:20,028 [WARN] ConditionMgr:438 - getConditionDescription Invalid condition id : Cortex-A Device cause : null
2025-05-12 18:06:20,045 [WARN] ConditionMgr:1044 - genDependencies : Invalid condition id : Cortex-A Device cause : null
2025-05-12 18:06:20,045 [WARN] ConditionMgr:1044 - genDependencies : Invalid condition id : Cortex-A Device cause : null
2025-05-12 18:06:20,045 [WARN] ConditionMgr:1044 - genDependencies : Invalid condition id : Cortex-A Device cause : null
2025-05-12 18:06:20,052 [WARN] PackLoader:240 - Cannot read IP mode file for STMicroelectronics.X-CUBE-EEPRMA1.5.1.0
2025-05-12 18:06:20,058 [WARN] PackLoader:240 - Cannot read IP mode file for wolfSSL.I-CUBE-wolfSSL.5.7.6
2025-05-12 18:06:20,065 [WARN] PackLoader:240 - Cannot read IP mode file for ITTIA_DB.I-CUBE-ITTIADB.8.9.0
2025-05-12 18:06:20,109 [WARN] PackLoader:240 - Cannot read IP mode file for SEGGER.I-CUBE-embOS.1.3.1
2025-05-12 18:06:20,135 [INFO] UserAuth:486 - Internet connection configuration mode: 1
2025-05-12 18:06:20,181 [WARN] PackLoader:240 - Cannot read IP mode file for STMicroelectronics.X-CUBE-ALGOBUILD.1.4.0
2025-05-12 18:06:20,202 [WARN] PackLoader:240 - Cannot read IP mode file for STMicroelectronics.X-CUBE-AZRTOS-F4.1.1.0
2025-05-12 18:06:20,211 [WARN] PackLoader:240 - Cannot read IP mode file for Avnet-IotConnect.X-CUBE-IoTC-DA16k-PMOD.1.0.0
2025-05-12 18:06:20,217 [WARN] PackLoader:240 - Cannot read IP mode file for STMicroelectronics.X-CUBE-ISPU.2.1.0
2025-05-12 18:06:20,236 [WARN] PackLoader:240 - Cannot read IP mode file for STMicroelectronics.X-CUBE-AZRTOS-L5.2.0.0
2025-05-12 18:06:20,244 [WARN] PackLoader:240 - Cannot read IP mode file for STMicroelectronics.X-CUBE-NFC6.3.1.0
2025-05-12 18:06:20,252 [WARN] PackLoader:240 - Cannot read IP mode file for STMicroelectronics.X-CUBE-DPower.1.2.0
2025-05-12 18:06:20,258 [WARN] PackLoader:240 - Cannot read IP mode file for STMicroelectronics.X-CUBE-FREERTOS.1.3.1
2025-05-12 18:06:20,263 [WARN] PackLoader:240 - Cannot read IP mode file for STMicroelectronics.X-CUBE-FREERTOS.1.3.0
2025-05-12 18:06:20,268 [WARN] PackLoader:240 - Cannot read IP mode file for STMicroelectronics.X-CUBE-NFC7.1.0.1
2025-05-12 18:06:20,274 [WARN] PackLoader:240 - Cannot read IP mode file for STMicroelectronics.X-CUBE-DPower.1.3.0
2025-05-12 18:06:20,301 [WARN] ConditionMgr:438 - getConditionDescription Invalid condition id : LAN8742 Phy interface Condition cause : null
2025-05-12 18:06:20,302 [WARN] PackLoader:240 - Cannot read IP mode file for STMicroelectronics.X-CUBE-AZRTOS-L4.2.0.0
2025-05-12 18:06:20,304 [WARN] ConditionMgr:1044 - genDependencies : Invalid condition id : LAN8742 Phy interface Condition cause : null
2025-05-12 18:06:20,305 [WARN] ConditionMgr:1044 - genDependencies : Invalid condition id : LAN8742 Phy interface Condition cause : null
2025-05-12 18:06:20,307 [WARN] ConditionMgr:1044 - genDependencies : Invalid condition id : LAN8742 Phy interface Condition cause : null
2025-05-12 18:06:20,320 [WARN] PackLoader:240 - Cannot read IP mode file for STMicroelectronics.X-CUBE-SFXS2LP1.4.0.0
2025-05-12 18:06:20,352 [WARN] PackLoader:240 - Cannot read IP mode file for STMicroelectronics.X-CUBE-AZRTOS-H7.3.3.0
2025-05-12 18:06:20,364 [WARN] ConditionMgr:438 - getConditionDescription Invalid condition id : UX DEVICE CLASS RTOS Condition cause : null
2025-05-12 18:06:20,365 [WARN] ConditionMgr:438 - getConditionDescription Invalid condition id : UX DEVICE CLASS RTOS Condition cause : null
2025-05-12 18:06:20,367 [WARN] PackLoader:240 - Cannot read IP mode file for STMicroelectronics.X-CUBE-AZRTOS-WB.2.0.0
2025-05-12 18:06:20,367 [WARN] ConditionMgr:1044 - genDependencies : Invalid condition id : UX DEVICE CLASS RTOS Condition cause : null
2025-05-12 18:06:20,367 [WARN] ConditionMgr:1044 - genDependencies : Invalid condition id : UX DEVICE CLASS RTOS Condition cause : null
2025-05-12 18:06:20,368 [WARN] ConditionMgr:1044 - genDependencies : Invalid condition id : UX DEVICE CLASS RTOS Condition cause : null
2025-05-12 18:06:20,368 [WARN] ConditionMgr:1044 - genDependencies : Invalid condition id : UX DEVICE CLASS RTOS Condition cause : null
2025-05-12 18:06:20,368 [WARN] ConditionMgr:1044 - genDependencies : Invalid condition id : UX DEVICE CLASS RTOS Condition cause : null
2025-05-12 18:06:20,373 [WARN] PackLoader:240 - Cannot read IP mode file for STMicroelectronics.X-CUBE-GNSS1.7.0.1
2025-05-12 18:06:20,378 [WARN] PackLoader:240 - Cannot read IP mode file for STMicroelectronics.X-CUBE-TOUCHGFX.4.25.0
2025-05-12 18:06:20,383 [WARN] PackLoader:240 - Cannot read IP mode file for STMicroelectronics.FP-SNS-STBOX1.2.0.0
2025-05-12 18:06:20,391 [WARN] PackLoader:240 - Cannot read IP mode file for STMicroelectronics.X-CUBE-SUBG2.5.0.0
2025-05-12 18:06:20,409 [WARN] PackLoader:240 - Cannot read IP mode file for STMicroelectronics.X-CUBE-AZRTOS-H7RS.1.1.0
2025-05-12 18:06:20,414 [WARN] PackLoader:240 - Cannot read IP mode file for Cesanta.I-CUBE-Mongoose.7.13.0
2025-05-12 18:06:20,425 [WARN] PackLoader:240 - Cannot read IP mode file for STMicroelectronics.X-CUBE-AZRTOS-G4.2.0.0
2025-05-12 18:06:20,429 [WARN] PackLoader:240 - Cannot read IP mode file for STMicroelectronics.X-CUBE-NFC7.2.0.0
2025-05-12 18:06:20,446 [WARN] PackLoader:240 - Cannot read IP mode file for STMicroelectronics.X-CUBE-IPS.3.1.0
2025-05-12 18:06:20,455 [WARN] PackLoader:240 - Cannot read IP mode file for STMicroelectronics.X-CUBE-ALS.1.0.2
2025-05-12 18:06:20,460 [WARN] PackLoader:240 - Cannot read IP mode file for STMicroelectronics.X-CUBE-TOUCHGFX.4.24.2
2025-05-12 18:06:20,464 [WARN] PackLoader:240 - Cannot read IP mode file for wolfSSL.I-CUBE-wolfTPM.3.4.0
2025-05-12 18:06:20,469 [WARN] PackLoader:240 - Cannot read IP mode file for portGmbH.I-Cube-SoM-uGOAL.1.1.0
2025-05-12 18:06:20,484 [WARN] PackLoader:240 - Cannot read IP mode file for STMicroelectronics.X-CUBE-AZRTOS-H7RS.1.0.0
2025-05-12 18:06:20,503 [WARN] PackLoader:240 - Cannot read IP mode file for STMicroelectronics.X-CUBE-TOF1.3.4.2
2025-05-12 18:06:20,536 [WARN] PackLoader:240 - Cannot read IP mode file for STMicroelectronics.X-CUBE-TOF1.3.4.3
2025-05-12 18:06:20,550 [WARN] PackLoader:240 - Cannot read IP mode file for wolfSSL.I-CUBE-wolfSSH.1.4.17
2025-05-12 18:06:20,551 [INFO] ThirdParty:978 - Integrity check success = true
2025-05-12 18:06:20,551 [INFO] IntegrityCheckThread:100 - exiting critical section [integrity check]
2025-05-12 18:06:20,551 [INFO] IntegrityCheckThread:103 - End integrity checks thread
