2025-05-05 00:36:38,206 [INFO] WebApp:194 - Connection lost
2025-05-05 00:38:09,185 [INFO] UtilMem:75 - End SaveConfig() Used Memory: 985021464 Bytes (1073741824)
2025-05-05 00:38:10,940 [INFO] UtilMem:75 - End SaveConfig() Used Memory: 995230944 Bytes (1073741824)
2025-05-05 00:38:12,683 [INFO] UtilMem:75 - End SaveConfig() Used Memory: 911366640 Bytes (1073741824)
2025-05-05 00:38:39,238 [INFO] UtilMem:75 - End SaveConfig() Used Memory: 694076688 Bytes (1073741824)
2025-05-05 00:38:40,508 [INFO] UtilMem:75 - End SaveConfig() Used Memory: 725533968 Bytes (1073741824)
2025-05-05 00:38:41,837 [INFO] UtilMem:75 - End SaveConfig() Used Memory: 776387856 Bytes (1073741824)
2025-05-05 00:39:21,706 [INFO] WebApp:191 - Connection restablished
2025-05-05 00:41:01,657 [INFO] TasksAndQueuesTab:757 - Dynamic
2025-05-05 00:41:01,657 [WARN] TasksAndQueuesTab:763 - 128 128
2025-05-05 00:41:01,657 [WARN] TasksAndQueuesTab:775 - max value is: 3840.0
2025-05-05 00:41:03,598 [INFO] EditThreadDialog:704 - RAM SIZE (in KB): 320
2025-05-05 00:41:03,598 [INFO] EditThreadDialog:706 - RAM SIZE (in words): 81920
2025-05-05 00:41:21,468 [INFO] UtilMem:75 - End SaveConfig() Used Memory: 696915792 Bytes (1073741824)
2025-05-05 00:41:22,807 [INFO] UtilMem:75 - End SaveConfig() Used Memory: 728373072 Bytes (1073741824)
2025-05-05 00:41:25,967 [INFO] UtilMem:75 - End SaveConfig() Used Memory: 835327824 Bytes (1073741824)
2025-05-05 00:42:30,643 [ERROR] RtosPanel:558 - Can not restore the selected Tab for FREERTOS(A reason can be that the tab is no more available.)
2025-05-05 00:42:30,965 [ERROR] RtosPanel:558 - Can not restore the selected Tab for FREERTOS(A reason can be that the tab is no more available.)
2025-05-05 00:42:38,432 [INFO] TasksAndQueuesTab:757 - Dynamic
2025-05-05 00:42:38,432 [WARN] TasksAndQueuesTab:763 - 128 128
2025-05-05 00:42:38,432 [WARN] TasksAndQueuesTab:775 - max value is: 3840.0
2025-05-05 00:42:39,941 [INFO] EditThreadDialog:704 - RAM SIZE (in KB): 320
2025-05-05 00:42:39,941 [INFO] EditThreadDialog:706 - RAM SIZE (in words): 81920
2025-05-05 00:42:42,150 [INFO] EditThreadDialog:704 - RAM SIZE (in KB): 320
2025-05-05 00:42:42,150 [INFO] EditThreadDialog:706 - RAM SIZE (in words): 81920
2025-05-05 00:42:43,950 [INFO] TasksAndQueuesTab:757 - Dynamic
2025-05-05 00:42:43,950 [WARN] TasksAndQueuesTab:763 - 128 128
2025-05-05 00:42:43,950 [WARN] TasksAndQueuesTab:775 - max value is: 3840.0
2025-05-05 00:42:43,950 [INFO] TasksAndQueuesTab:757 - Dynamic
2025-05-05 00:42:43,951 [WARN] TasksAndQueuesTab:763 - 128 128
2025-05-05 00:42:43,951 [WARN] TasksAndQueuesTab:775 - max value is: 3840.0
2025-05-05 00:42:44,086 [ERROR] RtosPanel:558 - Can not restore the selected Tab for FREERTOS(A reason can be that the tab is no more available.)
2025-05-05 00:42:58,905 [INFO] UtilMem:75 - End SaveConfig() Used Memory: 919189096 Bytes (1073741824)
2025-05-05 00:43:18,325 [INFO] UtilMem:75 - End SaveConfig() Used Memory: 951168616 Bytes (1073741824)
2025-05-05 00:43:20,449 [INFO] UtilMem:75 - End SaveConfig() Used Memory: 686183336 Bytes (1073741824)
2025-05-05 00:43:45,030 [INFO] BlockDiagram:2775 - set Specific Code input for plugin: FREERTOS
2025-05-05 00:43:45,030 [INFO] BlockDiagram:2775 - set Specific Code input for plugin: SYS
2025-05-05 00:43:45,030 [INFO] BlockDiagram:2775 - set Specific Code input for plugin: RCC
2025-05-05 00:43:45,030 [INFO] BlockDiagram:2775 - set Specific Code input for plugin: NVIC
2025-05-05 00:43:45,030 [INFO] BlockDiagram:2775 - set Specific Code input for plugin: CORTEX_M7
2025-05-05 00:43:45,031 [INFO] BlockDiagram:2775 - set Specific Code input for plugin: GPIO
2025-05-05 00:43:45,034 [INFO] CodeGenerator:882 - code generatio: config db path: C:\ST\STM32CubeIDE_1.17.0\STM32CubeIDE\plugins\com.st.stm32cube.common.mx_6.14.0.202502271554\\db\
2025-05-05 00:43:45,183 [INFO] CodeEngine:263 - oldGeneratedFile, C:\Users\ashen\Documents\GitHub\MSc-Project\P01\RTOS_V1ASR\MXTmpFiles\license.tmp_save
2025-05-05 00:43:45,478 [INFO] CodeEngine:287 - Generated code: C:\Users\ashen\Documents\GitHub\MSc-Project\P01\RTOS_V1ASR\MXTmpFiles\license.tmp
2025-05-05 00:43:45,499 [INFO] CodeEngine:263 - oldGeneratedFile, C:\Users\ashen\Documents\GitHub\MSc-Project\P01\RTOS_V1ASR\MXTmpFiles\gpio.tmp_save
2025-05-05 00:43:45,672 [INFO] CodeEngine:287 - Generated code: C:\Users\ashen\Documents\GitHub\MSc-Project\P01\RTOS_V1ASR\MXTmpFiles\gpio.tmp
2025-05-05 00:43:45,718 [INFO] Middleware:1452 - No code input for Bsp Dependency
2025-05-05 00:43:45,725 [INFO] CodeEngine:263 - oldGeneratedFile, C:\Users\ashen\Documents\GitHub\MSc-Project\P01\RTOS_V1ASR\MXTmpFiles\rtos_inc.tmp_save
2025-05-05 00:43:45,841 [INFO] CodeEngine:287 - Generated code: C:\Users\ashen\Documents\GitHub\MSc-Project\P01\RTOS_V1ASR\MXTmpFiles\rtos_inc.tmp
2025-05-05 00:43:45,850 [INFO] CodeEngine:263 - oldGeneratedFile, C:\Users\ashen\Documents\GitHub\MSc-Project\P01\RTOS_V1ASR\MXTmpFiles\rtos_vars.tmp_save
2025-05-05 00:43:45,968 [INFO] CodeEngine:287 - Generated code: C:\Users\ashen\Documents\GitHub\MSc-Project\P01\RTOS_V1ASR\MXTmpFiles\rtos_vars.tmp
2025-05-05 00:43:45,975 [INFO] CodeEngine:263 - oldGeneratedFile, C:\Users\ashen\Documents\GitHub\MSc-Project\P01\RTOS_V1ASR\MXTmpFiles\rtos_pfp.tmp_save
2025-05-05 00:43:46,085 [INFO] CodeEngine:287 - Generated code: C:\Users\ashen\Documents\GitHub\MSc-Project\P01\RTOS_V1ASR\MXTmpFiles\rtos_pfp.tmp
2025-05-05 00:43:46,090 [INFO] CodeEngine:263 - oldGeneratedFile, C:\Users\ashen\Documents\GitHub\MSc-Project\P01\RTOS_V1ASR\MXTmpFiles\rtos_obj_creat.tmp_save
2025-05-05 00:43:46,201 [INFO] CodeEngine:287 - Generated code: C:\Users\ashen\Documents\GitHub\MSc-Project\P01\RTOS_V1ASR\MXTmpFiles\rtos_obj_creat.tmp
2025-05-05 00:43:46,207 [INFO] CodeEngine:263 - oldGeneratedFile, C:\Users\ashen\Documents\GitHub\MSc-Project\P01\RTOS_V1ASR\MXTmpFiles\rtos_kernelStart.tmp_save
2025-05-05 00:43:46,302 [INFO] CodeEngine:287 - Generated code: C:\Users\ashen\Documents\GitHub\MSc-Project\P01\RTOS_V1ASR\MXTmpFiles\rtos_kernelStart.tmp
2025-05-05 00:43:46,309 [INFO] CodeEngine:263 - oldGeneratedFile, C:\Users\ashen\Documents\GitHub\MSc-Project\P01\RTOS_V1ASR\MXTmpFiles\rtos_default_thread.tmp_save
2025-05-05 00:43:46,385 [INFO] CodeEngine:287 - Generated code: C:\Users\ashen\Documents\GitHub\MSc-Project\P01\RTOS_V1ASR\MXTmpFiles\rtos_default_thread.tmp
2025-05-05 00:43:46,392 [INFO] CodeEngine:263 - oldGeneratedFile, C:\Users\ashen\Documents\GitHub\MSc-Project\P01\RTOS_V1ASR\MXTmpFiles\rtos_threads.tmp_save
2025-05-05 00:43:46,462 [INFO] CodeEngine:287 - Generated code: C:\Users\ashen\Documents\GitHub\MSc-Project\P01\RTOS_V1ASR\MXTmpFiles\rtos_threads.tmp
2025-05-05 00:43:46,482 [INFO] Middleware:1452 - No code input for Bsp Dependency
2025-05-05 00:43:46,492 [INFO] CodeEngine:263 - oldGeneratedFile, C:\Users\ashen\Documents\GitHub\MSc-Project\P01\RTOS_V1ASR\MXTmpFiles\rtos_inc.tmp_save
2025-05-05 00:43:46,555 [INFO] CodeEngine:287 - Generated code: C:\Users\ashen\Documents\GitHub\MSc-Project\P01\RTOS_V1ASR\MXTmpFiles\rtos_inc.tmp
2025-05-05 00:43:46,566 [INFO] CodeEngine:263 - oldGeneratedFile, C:\Users\ashen\Documents\GitHub\MSc-Project\P01\RTOS_V1ASR\MXTmpFiles\rtos_vars.tmp_save
2025-05-05 00:43:46,634 [INFO] CodeEngine:287 - Generated code: C:\Users\ashen\Documents\GitHub\MSc-Project\P01\RTOS_V1ASR\MXTmpFiles\rtos_vars.tmp
2025-05-05 00:43:46,642 [INFO] CodeEngine:263 - oldGeneratedFile, C:\Users\ashen\Documents\GitHub\MSc-Project\P01\RTOS_V1ASR\MXTmpFiles\rtos_pfp.tmp_save
2025-05-05 00:43:46,704 [INFO] CodeEngine:287 - Generated code: C:\Users\ashen\Documents\GitHub\MSc-Project\P01\RTOS_V1ASR\MXTmpFiles\rtos_pfp.tmp
2025-05-05 00:43:46,713 [INFO] CodeEngine:263 - oldGeneratedFile, C:\Users\ashen\Documents\GitHub\MSc-Project\P01\RTOS_V1ASR\MXTmpFiles\rtos_obj_creat.tmp_save
2025-05-05 00:43:46,778 [INFO] CodeEngine:287 - Generated code: C:\Users\ashen\Documents\GitHub\MSc-Project\P01\RTOS_V1ASR\MXTmpFiles\rtos_obj_creat.tmp
2025-05-05 00:43:46,789 [INFO] CodeEngine:263 - oldGeneratedFile, C:\Users\ashen\Documents\GitHub\MSc-Project\P01\RTOS_V1ASR\MXTmpFiles\rtos_kernelStart.tmp_save
2025-05-05 00:43:46,849 [INFO] CodeEngine:287 - Generated code: C:\Users\ashen\Documents\GitHub\MSc-Project\P01\RTOS_V1ASR\MXTmpFiles\rtos_kernelStart.tmp
2025-05-05 00:43:46,858 [INFO] CodeEngine:263 - oldGeneratedFile, C:\Users\ashen\Documents\GitHub\MSc-Project\P01\RTOS_V1ASR\MXTmpFiles\rtos_default_thread.tmp_save
2025-05-05 00:43:46,921 [INFO] CodeEngine:287 - Generated code: C:\Users\ashen\Documents\GitHub\MSc-Project\P01\RTOS_V1ASR\MXTmpFiles\rtos_default_thread.tmp
2025-05-05 00:43:46,930 [INFO] CodeEngine:263 - oldGeneratedFile, C:\Users\ashen\Documents\GitHub\MSc-Project\P01\RTOS_V1ASR\MXTmpFiles\rtos_threads.tmp_save
2025-05-05 00:43:46,994 [INFO] CodeEngine:287 - Generated code: C:\Users\ashen\Documents\GitHub\MSc-Project\P01\RTOS_V1ASR\MXTmpFiles\rtos_threads.tmp
2025-05-05 00:43:47,005 [INFO] CodeEngine:263 - oldGeneratedFile, C:\Users\ashen\Documents\GitHub\MSc-Project\P01\RTOS_V1ASR\Core\Inc\FreeRTOSConfig.h_save
2025-05-05 00:43:47,104 [INFO] CodeEngine:287 - Generated code: C:\Users\ashen\Documents\GitHub\MSc-Project\P01\RTOS_V1ASR\Core\Inc\FreeRTOSConfig.h
2025-05-05 00:43:47,116 [INFO] CodeEngine:263 - oldGeneratedFile, C:\Users\ashen\Documents\GitHub\MSc-Project\P01\RTOS_V1ASR\Core\Src\freertos.c_save
2025-05-05 00:43:47,191 [INFO] CodeEngine:287 - Generated code: C:\Users\ashen\Documents\GitHub\MSc-Project\P01\RTOS_V1ASR\Core\Src\freertos.c
2025-05-05 00:43:47,207 [INFO] CodeEngine:263 - oldGeneratedFile, C:\Users\ashen\Documents\GitHub\MSc-Project\P01\RTOS_V1ASR\MXTmpFiles\cortex.tmp_save
2025-05-05 00:43:47,300 [INFO] CodeEngine:287 - Generated code: C:\Users\ashen\Documents\GitHub\MSc-Project\P01\RTOS_V1ASR\MXTmpFiles\cortex.tmp
2025-05-05 00:43:47,318 [INFO] CodeEngine:263 - oldGeneratedFile, C:\Users\ashen\Documents\GitHub\MSc-Project\P01\RTOS_V1ASR\Core\Src\stm32f7xx_it.c_save
2025-05-05 00:43:47,452 [INFO] CodeEngine:287 - Generated code: C:\Users\ashen\Documents\GitHub\MSc-Project\P01\RTOS_V1ASR\Core\Src\stm32f7xx_it.c
2025-05-05 00:43:47,460 [INFO] CodeEngine:263 - oldGeneratedFile, C:\Users\ashen\Documents\GitHub\MSc-Project\P01\RTOS_V1ASR\Core\Inc\stm32f7xx_it.h_save
2025-05-05 00:43:47,514 [INFO] CodeEngine:287 - Generated code: C:\Users\ashen\Documents\GitHub\MSc-Project\P01\RTOS_V1ASR\Core\Inc\stm32f7xx_it.h
2025-05-05 00:43:47,532 [INFO] CodeEngine:263 - oldGeneratedFile, C:\Users\ashen\Documents\GitHub\MSc-Project\P01\RTOS_V1ASR\Core\Src\stm32f7xx_hal_msp.c_save
2025-05-05 00:43:47,602 [INFO] CodeEngine:287 - Generated code: C:\Users\ashen\Documents\GitHub\MSc-Project\P01\RTOS_V1ASR\Core\Src\stm32f7xx_hal_msp.c
2025-05-05 00:43:47,609 [INFO] CodeEngine:263 - oldGeneratedFile, C:\Users\ashen\Documents\GitHub\MSc-Project\P01\RTOS_V1ASR\MXTmpFiles\system.tmp_save
2025-05-05 00:43:47,654 [INFO] CodeEngine:287 - Generated code: C:\Users\ashen\Documents\GitHub\MSc-Project\P01\RTOS_V1ASR\MXTmpFiles\system.tmp
2025-05-05 00:43:47,660 [INFO] CodeEngine:263 - oldGeneratedFile, C:\Users\ashen\Documents\GitHub\MSc-Project\P01\RTOS_V1ASR\Core\Src\stm32f7xx_hal_timebase_tim.c_save
2025-05-05 00:43:47,716 [INFO] CodeEngine:287 - Generated code: C:\Users\ashen\Documents\GitHub\MSc-Project\P01\RTOS_V1ASR\Core\Src\stm32f7xx_hal_timebase_tim.c
2025-05-05 00:43:47,729 [INFO] CodeEngine:319 - oldGeneratedFile, C:\Users\ashen\Documents\GitHub\MSc-Project\P01\RTOS_V1ASR\Core\Inc\stm32f7xx_hal_conf.h_save
2025-05-05 00:43:47,788 [INFO] CodeEngine:343 - Generated code: C:\Users\ashen\Documents\GitHub\MSc-Project\P01\RTOS_V1ASR\Core\Inc\stm32f7xx_hal_conf.h
2025-05-05 00:43:47,818 [INFO] CodeEngine:263 - oldGeneratedFile, C:\Users\ashen\Documents\GitHub\MSc-Project\P01\RTOS_V1ASR\Core\Inc\main.h_save
2025-05-05 00:43:47,892 [INFO] CodeEngine:287 - Generated code: C:\Users\ashen\Documents\GitHub\MSc-Project\P01\RTOS_V1ASR\Core\Inc\main.h
2025-05-05 00:43:47,900 [INFO] CodeEngine:263 - oldGeneratedFile, C:\Users\ashen\Documents\GitHub\MSc-Project\P01\RTOS_V1ASR\Core\Src\main.c_save
2025-05-05 00:43:47,992 [INFO] CodeEngine:287 - Generated code: C:\Users\ashen\Documents\GitHub\MSc-Project\P01\RTOS_V1ASR\Core\Src\main.c
2025-05-05 00:43:48,572 [INFO] ProjectBuilder:3324 - Time for Copy HAL[1] : 395mS.
2025-05-05 00:43:48,576 [INFO] ProjectBuilder:4912 - Project Generator version: 4.6.0-B36
2025-05-05 00:43:48,650 [INFO] ConfigFileManager:1590 - The Die is : DIE449
2025-05-05 00:43:50,017 [INFO] ProjectBuilder:5191 - Time for Generating toolchain IDE Files: 1440mS.
2025-05-05 00:43:50,020 [INFO] ProjectBuilder:3181 - Time for Copy CMSIS : 3mS.
2025-05-05 00:43:50,027 [INFO] ProjectBuilder:3181 - Time for Copy CMSIS : 0mS.
2025-05-05 00:45:02,247 [INFO] TasksAndQueuesTab:757 - Static
2025-05-05 00:45:02,248 [INFO] TasksAndQueuesTab:757 - Static
2025-05-05 00:45:26,031 [INFO] TasksAndQueuesTab:757 - Dynamic
2025-05-05 00:45:26,031 [WARN] TasksAndQueuesTab:763 - 128 128
2025-05-05 00:45:26,031 [WARN] TasksAndQueuesTab:775 - max value is: 3840.0
2025-05-05 00:45:26,031 [INFO] TasksAndQueuesTab:757 - Dynamic
2025-05-05 00:45:26,031 [WARN] TasksAndQueuesTab:763 - 128 128
2025-05-05 00:45:26,031 [WARN] TasksAndQueuesTab:775 - max value is: 3840.0
2025-05-05 00:45:29,194 [INFO] UtilMem:75 - End SaveConfig() Used Memory: 865754192 Bytes (1073741824)
2025-05-05 00:45:30,547 [INFO] UtilMem:75 - End SaveConfig() Used Memory: 897733712 Bytes (1073741824)
2025-05-05 00:45:31,916 [INFO] UtilMem:75 - End SaveConfig() Used Memory: 951211088 Bytes (1073741824)
2025-05-05 00:45:41,874 [INFO] TasksAndQueuesTab:757 - Static
2025-05-05 00:45:41,874 [INFO] TasksAndQueuesTab:757 - Static
2025-05-05 00:45:43,912 [INFO] TasksAndQueuesTab:757 - Dynamic
2025-05-05 00:45:43,912 [WARN] TasksAndQueuesTab:763 - 128 128
2025-05-05 00:45:43,912 [WARN] TasksAndQueuesTab:775 - max value is: 3840.0
2025-05-05 00:45:43,912 [INFO] TasksAndQueuesTab:757 - Dynamic
2025-05-05 00:45:43,912 [WARN] TasksAndQueuesTab:763 - 128 128
2025-05-05 00:45:43,912 [WARN] TasksAndQueuesTab:775 - max value is: 3840.0
2025-05-05 00:45:46,871 [INFO] UtilMem:75 - End SaveConfig() Used Memory: 855879080 Bytes (1073741824)
2025-05-05 00:45:48,211 [INFO] UtilMem:75 - End SaveConfig() Used Memory: 887858600 Bytes (1073741824)
2025-05-05 00:45:49,779 [INFO] UtilMem:75 - End SaveConfig() Used Memory: 994813352 Bytes (1073741824)
2025-05-05 00:45:51,544 [INFO] BlockDiagram:2775 - set Specific Code input for plugin: FREERTOS
2025-05-05 00:45:51,544 [INFO] BlockDiagram:2775 - set Specific Code input for plugin: SYS
2025-05-05 00:45:51,544 [INFO] BlockDiagram:2775 - set Specific Code input for plugin: RCC
2025-05-05 00:45:51,544 [INFO] BlockDiagram:2775 - set Specific Code input for plugin: NVIC
2025-05-05 00:45:51,544 [INFO] BlockDiagram:2775 - set Specific Code input for plugin: CORTEX_M7
2025-05-05 00:45:51,544 [INFO] BlockDiagram:2775 - set Specific Code input for plugin: GPIO
2025-05-05 00:45:51,547 [INFO] CodeGenerator:882 - code generatio: config db path: C:\ST\STM32CubeIDE_1.17.0\STM32CubeIDE\plugins\com.st.stm32cube.common.mx_6.14.0.202502271554\\db\
2025-05-05 00:45:51,699 [INFO] CodeEngine:263 - oldGeneratedFile, C:\Users\ashen\Documents\GitHub\MSc-Project\P01\RTOS_V1ASR\MXTmpFiles\license.tmp_save
2025-05-05 00:45:51,758 [INFO] CodeEngine:287 - Generated code: C:\Users\ashen\Documents\GitHub\MSc-Project\P01\RTOS_V1ASR\MXTmpFiles\license.tmp
2025-05-05 00:45:51,771 [INFO] CodeEngine:263 - oldGeneratedFile, C:\Users\ashen\Documents\GitHub\MSc-Project\P01\RTOS_V1ASR\MXTmpFiles\gpio.tmp_save
2025-05-05 00:45:51,822 [INFO] CodeEngine:287 - Generated code: C:\Users\ashen\Documents\GitHub\MSc-Project\P01\RTOS_V1ASR\MXTmpFiles\gpio.tmp
2025-05-05 00:45:51,853 [INFO] Middleware:1452 - No code input for Bsp Dependency
2025-05-05 00:45:51,860 [INFO] CodeEngine:263 - oldGeneratedFile, C:\Users\ashen\Documents\GitHub\MSc-Project\P01\RTOS_V1ASR\MXTmpFiles\rtos_inc.tmp_save
2025-05-05 00:45:51,915 [INFO] CodeEngine:287 - Generated code: C:\Users\ashen\Documents\GitHub\MSc-Project\P01\RTOS_V1ASR\MXTmpFiles\rtos_inc.tmp
2025-05-05 00:45:51,929 [INFO] CodeEngine:263 - oldGeneratedFile, C:\Users\ashen\Documents\GitHub\MSc-Project\P01\RTOS_V1ASR\MXTmpFiles\rtos_vars.tmp_save
2025-05-05 00:45:51,983 [INFO] CodeEngine:287 - Generated code: C:\Users\ashen\Documents\GitHub\MSc-Project\P01\RTOS_V1ASR\MXTmpFiles\rtos_vars.tmp
2025-05-05 00:45:51,990 [INFO] CodeEngine:263 - oldGeneratedFile, C:\Users\ashen\Documents\GitHub\MSc-Project\P01\RTOS_V1ASR\MXTmpFiles\rtos_pfp.tmp_save
2025-05-05 00:45:52,038 [INFO] CodeEngine:287 - Generated code: C:\Users\ashen\Documents\GitHub\MSc-Project\P01\RTOS_V1ASR\MXTmpFiles\rtos_pfp.tmp
2025-05-05 00:45:52,044 [INFO] CodeEngine:263 - oldGeneratedFile, C:\Users\ashen\Documents\GitHub\MSc-Project\P01\RTOS_V1ASR\MXTmpFiles\rtos_obj_creat.tmp_save
2025-05-05 00:45:52,095 [INFO] CodeEngine:287 - Generated code: C:\Users\ashen\Documents\GitHub\MSc-Project\P01\RTOS_V1ASR\MXTmpFiles\rtos_obj_creat.tmp
2025-05-05 00:45:52,100 [INFO] CodeEngine:263 - oldGeneratedFile, C:\Users\ashen\Documents\GitHub\MSc-Project\P01\RTOS_V1ASR\MXTmpFiles\rtos_kernelStart.tmp_save
2025-05-05 00:45:52,148 [INFO] CodeEngine:287 - Generated code: C:\Users\ashen\Documents\GitHub\MSc-Project\P01\RTOS_V1ASR\MXTmpFiles\rtos_kernelStart.tmp
2025-05-05 00:45:52,152 [INFO] CodeEngine:263 - oldGeneratedFile, C:\Users\ashen\Documents\GitHub\MSc-Project\P01\RTOS_V1ASR\MXTmpFiles\rtos_default_thread.tmp_save
2025-05-05 00:45:52,204 [INFO] CodeEngine:287 - Generated code: C:\Users\ashen\Documents\GitHub\MSc-Project\P01\RTOS_V1ASR\MXTmpFiles\rtos_default_thread.tmp
2025-05-05 00:45:52,210 [INFO] CodeEngine:263 - oldGeneratedFile, C:\Users\ashen\Documents\GitHub\MSc-Project\P01\RTOS_V1ASR\MXTmpFiles\rtos_threads.tmp_save
2025-05-05 00:45:52,257 [INFO] CodeEngine:287 - Generated code: C:\Users\ashen\Documents\GitHub\MSc-Project\P01\RTOS_V1ASR\MXTmpFiles\rtos_threads.tmp
2025-05-05 00:45:52,271 [INFO] Middleware:1452 - No code input for Bsp Dependency
2025-05-05 00:45:52,278 [INFO] CodeEngine:263 - oldGeneratedFile, C:\Users\ashen\Documents\GitHub\MSc-Project\P01\RTOS_V1ASR\MXTmpFiles\rtos_inc.tmp_save
2025-05-05 00:45:52,333 [INFO] CodeEngine:287 - Generated code: C:\Users\ashen\Documents\GitHub\MSc-Project\P01\RTOS_V1ASR\MXTmpFiles\rtos_inc.tmp
2025-05-05 00:45:52,354 [INFO] CodeEngine:263 - oldGeneratedFile, C:\Users\ashen\Documents\GitHub\MSc-Project\P01\RTOS_V1ASR\MXTmpFiles\rtos_vars.tmp_save
2025-05-05 00:45:52,403 [INFO] CodeEngine:287 - Generated code: C:\Users\ashen\Documents\GitHub\MSc-Project\P01\RTOS_V1ASR\MXTmpFiles\rtos_vars.tmp
2025-05-05 00:45:52,411 [INFO] CodeEngine:263 - oldGeneratedFile, C:\Users\ashen\Documents\GitHub\MSc-Project\P01\RTOS_V1ASR\MXTmpFiles\rtos_pfp.tmp_save
2025-05-05 00:45:52,460 [INFO] CodeEngine:287 - Generated code: C:\Users\ashen\Documents\GitHub\MSc-Project\P01\RTOS_V1ASR\MXTmpFiles\rtos_pfp.tmp
2025-05-05 00:45:52,466 [INFO] CodeEngine:263 - oldGeneratedFile, C:\Users\ashen\Documents\GitHub\MSc-Project\P01\RTOS_V1ASR\MXTmpFiles\rtos_obj_creat.tmp_save
2025-05-05 00:45:52,517 [INFO] CodeEngine:287 - Generated code: C:\Users\ashen\Documents\GitHub\MSc-Project\P01\RTOS_V1ASR\MXTmpFiles\rtos_obj_creat.tmp
2025-05-05 00:45:52,525 [INFO] CodeEngine:263 - oldGeneratedFile, C:\Users\ashen\Documents\GitHub\MSc-Project\P01\RTOS_V1ASR\MXTmpFiles\rtos_kernelStart.tmp_save
2025-05-05 00:45:52,571 [INFO] CodeEngine:287 - Generated code: C:\Users\ashen\Documents\GitHub\MSc-Project\P01\RTOS_V1ASR\MXTmpFiles\rtos_kernelStart.tmp
2025-05-05 00:45:52,579 [INFO] CodeEngine:263 - oldGeneratedFile, C:\Users\ashen\Documents\GitHub\MSc-Project\P01\RTOS_V1ASR\MXTmpFiles\rtos_default_thread.tmp_save
2025-05-05 00:45:52,628 [INFO] CodeEngine:287 - Generated code: C:\Users\ashen\Documents\GitHub\MSc-Project\P01\RTOS_V1ASR\MXTmpFiles\rtos_default_thread.tmp
2025-05-05 00:45:52,636 [INFO] CodeEngine:263 - oldGeneratedFile, C:\Users\ashen\Documents\GitHub\MSc-Project\P01\RTOS_V1ASR\MXTmpFiles\rtos_threads.tmp_save
2025-05-05 00:45:52,685 [INFO] CodeEngine:287 - Generated code: C:\Users\ashen\Documents\GitHub\MSc-Project\P01\RTOS_V1ASR\MXTmpFiles\rtos_threads.tmp
2025-05-05 00:45:52,693 [INFO] CodeEngine:263 - oldGeneratedFile, C:\Users\ashen\Documents\GitHub\MSc-Project\P01\RTOS_V1ASR\Core\Inc\FreeRTOSConfig.h_save
2025-05-05 00:45:52,784 [INFO] CodeEngine:287 - Generated code: C:\Users\ashen\Documents\GitHub\MSc-Project\P01\RTOS_V1ASR\Core\Inc\FreeRTOSConfig.h
2025-05-05 00:45:52,793 [INFO] CodeEngine:263 - oldGeneratedFile, C:\Users\ashen\Documents\GitHub\MSc-Project\P01\RTOS_V1ASR\Core\Src\freertos.c_save
2025-05-05 00:45:52,855 [INFO] CodeEngine:287 - Generated code: C:\Users\ashen\Documents\GitHub\MSc-Project\P01\RTOS_V1ASR\Core\Src\freertos.c
2025-05-05 00:45:52,869 [INFO] CodeEngine:263 - oldGeneratedFile, C:\Users\ashen\Documents\GitHub\MSc-Project\P01\RTOS_V1ASR\MXTmpFiles\cortex.tmp_save
2025-05-05 00:45:52,933 [INFO] CodeEngine:287 - Generated code: C:\Users\ashen\Documents\GitHub\MSc-Project\P01\RTOS_V1ASR\MXTmpFiles\cortex.tmp
2025-05-05 00:45:52,959 [INFO] CodeEngine:263 - oldGeneratedFile, C:\Users\ashen\Documents\GitHub\MSc-Project\P01\RTOS_V1ASR\Core\Src\stm32f7xx_it.c_save
2025-05-05 00:45:53,034 [INFO] CodeEngine:287 - Generated code: C:\Users\ashen\Documents\GitHub\MSc-Project\P01\RTOS_V1ASR\Core\Src\stm32f7xx_it.c
2025-05-05 00:45:53,048 [INFO] CodeEngine:263 - oldGeneratedFile, C:\Users\ashen\Documents\GitHub\MSc-Project\P01\RTOS_V1ASR\Core\Inc\stm32f7xx_it.h_save
2025-05-05 00:45:53,106 [INFO] CodeEngine:287 - Generated code: C:\Users\ashen\Documents\GitHub\MSc-Project\P01\RTOS_V1ASR\Core\Inc\stm32f7xx_it.h
2025-05-05 00:45:53,127 [INFO] CodeEngine:263 - oldGeneratedFile, C:\Users\ashen\Documents\GitHub\MSc-Project\P01\RTOS_V1ASR\Core\Src\stm32f7xx_hal_msp.c_save
2025-05-05 00:45:53,222 [INFO] CodeEngine:287 - Generated code: C:\Users\ashen\Documents\GitHub\MSc-Project\P01\RTOS_V1ASR\Core\Src\stm32f7xx_hal_msp.c
2025-05-05 00:45:53,230 [INFO] CodeEngine:263 - oldGeneratedFile, C:\Users\ashen\Documents\GitHub\MSc-Project\P01\RTOS_V1ASR\MXTmpFiles\system.tmp_save
2025-05-05 00:45:53,279 [INFO] CodeEngine:287 - Generated code: C:\Users\ashen\Documents\GitHub\MSc-Project\P01\RTOS_V1ASR\MXTmpFiles\system.tmp
2025-05-05 00:45:53,287 [INFO] CodeEngine:263 - oldGeneratedFile, C:\Users\ashen\Documents\GitHub\MSc-Project\P01\RTOS_V1ASR\Core\Src\stm32f7xx_hal_timebase_tim.c_save
2025-05-05 00:45:53,344 [INFO] CodeEngine:287 - Generated code: C:\Users\ashen\Documents\GitHub\MSc-Project\P01\RTOS_V1ASR\Core\Src\stm32f7xx_hal_timebase_tim.c
2025-05-05 00:45:53,359 [INFO] CodeEngine:319 - oldGeneratedFile, C:\Users\ashen\Documents\GitHub\MSc-Project\P01\RTOS_V1ASR\Core\Inc\stm32f7xx_hal_conf.h_save
2025-05-05 00:45:53,418 [INFO] CodeEngine:343 - Generated code: C:\Users\ashen\Documents\GitHub\MSc-Project\P01\RTOS_V1ASR\Core\Inc\stm32f7xx_hal_conf.h
2025-05-05 00:45:53,447 [INFO] CodeEngine:263 - oldGeneratedFile, C:\Users\ashen\Documents\GitHub\MSc-Project\P01\RTOS_V1ASR\Core\Inc\main.h_save
2025-05-05 00:45:53,518 [INFO] CodeEngine:287 - Generated code: C:\Users\ashen\Documents\GitHub\MSc-Project\P01\RTOS_V1ASR\Core\Inc\main.h
2025-05-05 00:45:53,529 [INFO] CodeEngine:263 - oldGeneratedFile, C:\Users\ashen\Documents\GitHub\MSc-Project\P01\RTOS_V1ASR\Core\Src\main.c_save
2025-05-05 00:45:53,619 [INFO] CodeEngine:287 - Generated code: C:\Users\ashen\Documents\GitHub\MSc-Project\P01\RTOS_V1ASR\Core\Src\main.c
2025-05-05 00:45:54,219 [INFO] ProjectBuilder:3324 - Time for Copy HAL[1] : 351mS.
2025-05-05 00:45:54,223 [INFO] ProjectBuilder:4912 - Project Generator version: 4.6.0-B36
2025-05-05 00:45:54,306 [INFO] ConfigFileManager:1590 - The Die is : DIE449
2025-05-05 00:45:55,183 [INFO] ProjectBuilder:5191 - Time for Generating toolchain IDE Files: 960mS.
2025-05-05 00:45:55,185 [INFO] ProjectBuilder:3181 - Time for Copy CMSIS : 2mS.
2025-05-05 00:45:55,193 [INFO] ProjectBuilder:3181 - Time for Copy CMSIS : 0mS.
