2025-05-30 18:54:43,117 [INFO] Activator:176 - 


2025-05-30 18:54:43,123 [INFO] Activator:177 - !SESSION log4j initialized
2025-05-30 18:54:53,266 [INFO] LogOutputStream:77 - [STDOUT_REDIRECT] 
2025-05-30 18:54:54,328 [INFO] ApplicationProperties:184 - Using Application install path: C:\ST\STM32CubeIDE_1.17.0\STM32CubeIDE\plugins\com.st.stm32cube.common.mx_6.14.0.202502271554
2025-05-30 18:54:54,356 [INFO] DbMcusXml:78 - Set database path to: C:\ST\STM32CubeIDE_1.17.0\STM32CubeIDE\plugins\com.st.stm32cube.common.mx_6.14.0.202502271554\\db\/mcu/
2025-05-30 18:54:54,356 [INFO] ApiDb:274 - Set plugin database path to: C:\ST\STM32CubeIDE_1.17.0\STM32CubeIDE\plugins\com.st.stm32cube.common.mx_6.14.0.202502271554\\db\/plugins/boardmanager/
2025-05-30 18:54:54,356 [WARN] ApiDb:259 - Overriding images path with different value:  => C:\ST\STM32CubeIDE_1.17.0\STM32CubeIDE\plugins\com.st.stm32cube.common.mx_6.14.0.202502271554\\db\/plugins/mcufinder/images/
2025-05-30 18:54:54,370 [INFO] ApiDb:250 - Set database path to: C:\Users\ashen\.stmcufinder\plugins\mcufinder//mcu/
2025-05-30 18:54:54,372 [INFO] DbMcusAds:125 - Set database path to: C:\Users\ashen\.stmcufinder\plugins\mcufinder//mcu/
2025-05-30 18:54:54,376 [INFO] CrossReferenceDbSqlite:203 - Set database path to: C:\Users\ashen\.stmcufinder\plugins\mcufinder//mcu/cs/
2025-05-30 18:54:54,540 [INFO] RulesReader:64 - Compatibility file has been processed (301 Rules)
2025-05-30 18:54:54,660 [INFO] DbMcusXml:78 - Set database path to: C:\ST\STM32CubeIDE_1.17.0\STM32CubeIDE\plugins\com.st.stm32cube.common.mx_6.14.0.202502271554\\db\/mcu/
2025-05-30 18:54:54,660 [INFO] ApiDb:274 - Set plugin database path to: C:\ST\STM32CubeIDE_1.17.0\STM32CubeIDE\plugins\com.st.stm32cube.common.mx_6.14.0.202502271554\\db\/plugins/boardmanager/
2025-05-30 18:54:54,661 [INFO] ApiDb:261 - Set plugin images path to: C:\ST\STM32CubeIDE_1.17.0\STM32CubeIDE\plugins\com.st.stm32cube.common.mx_6.14.0.202502271554\\db\/plugins/mcufinder/images/
2025-05-30 18:54:54,661 [WARN] DbFile:41 - Overriding database path with different value: C:\Users\ashen\.stmcufinder\plugins\mcufinder/ => C:\Users\ashen\.stmcufinder\plugins\mcufinder
2025-05-30 18:54:54,661 [INFO] ApiDb:250 - Set database path to: C:\Users\ashen\.stmcufinder\plugins\mcufinder//mcu/
2025-05-30 18:54:54,661 [WARN] DbFile:41 - Overriding database path with different value: C:\Users\ashen\.stmcufinder\plugins\mcufinder/ => C:\Users\ashen\.stmcufinder\plugins\mcufinder
2025-05-30 18:54:54,661 [INFO] DbMcusAds:125 - Set database path to: C:\Users\ashen\.stmcufinder\plugins\mcufinder//mcu/
2025-05-30 18:54:54,661 [WARN] DbFile:41 - Overriding database path with different value: C:\Users\ashen\.stmcufinder\plugins\mcufinder/ => C:\Users\ashen\.stmcufinder\plugins\mcufinder
2025-05-30 18:54:54,661 [WARN] DbFile:41 - Overriding database path with different value: C:\Users\ashen\.stmcufinder\plugins\mcufinder/ => C:\Users\ashen\.stmcufinder\plugins\mcufinder
2025-05-30 18:54:54,661 [INFO] CrossReferenceDbSqlite:203 - Set database path to: C:\Users\ashen\.stmcufinder\plugins\mcufinder//mcu/cs/
2025-05-30 18:54:54,764 [INFO] MainPanel:272 - HeapMemory: 268435456
2025-05-30 18:54:54,931 [INFO] DbMcusXml:78 - Set database path to: C:\ST\STM32CubeIDE_1.17.0\STM32CubeIDE\plugins\com.st.stm32cube.common.mx_6.14.0.202502271554\\db\/mcu/
2025-05-30 18:54:54,931 [INFO] ApiDb:274 - Set plugin database path to: C:\ST\STM32CubeIDE_1.17.0\STM32CubeIDE\plugins\com.st.stm32cube.common.mx_6.14.0.202502271554\\db\/plugins/boardmanager/
2025-05-30 18:54:54,931 [INFO] ApiDb:261 - Set plugin images path to: C:\ST\STM32CubeIDE_1.17.0\STM32CubeIDE\plugins\com.st.stm32cube.common.mx_6.14.0.202502271554\\db\/plugins/mcufinder/images/
2025-05-30 18:54:54,931 [WARN] DbFile:41 - Overriding database path with different value: C:\Users\ashen\.stmcufinder\plugins\mcufinder/ => C:\Users\ashen\.stmcufinder\plugins\mcufinder
2025-05-30 18:54:54,931 [INFO] ApiDb:250 - Set database path to: C:\Users\ashen\.stmcufinder\plugins\mcufinder//mcu/
2025-05-30 18:54:54,931 [WARN] DbFile:41 - Overriding database path with different value: C:\Users\ashen\.stmcufinder\plugins\mcufinder/ => C:\Users\ashen\.stmcufinder\plugins\mcufinder
2025-05-30 18:54:54,931 [INFO] DbMcusAds:125 - Set database path to: C:\Users\ashen\.stmcufinder\plugins\mcufinder//mcu/
2025-05-30 18:54:54,931 [WARN] DbFile:41 - Overriding database path with different value: C:\Users\ashen\.stmcufinder\plugins\mcufinder/ => C:\Users\ashen\.stmcufinder\plugins\mcufinder
2025-05-30 18:54:54,931 [WARN] DbFile:41 - Overriding database path with different value: C:\Users\ashen\.stmcufinder\plugins\mcufinder/ => C:\Users\ashen\.stmcufinder\plugins\mcufinder
2025-05-30 18:54:54,932 [INFO] CrossReferenceDbSqlite:203 - Set database path to: C:\Users\ashen\.stmcufinder\plugins\mcufinder//mcu/cs/
2025-05-30 18:54:54,972 [INFO] ApplicationProperties:184 - Using Application install path: C:\ST\STM32CubeIDE_1.17.0\STM32CubeIDE\plugins\com.st.stm32cube.common.mx_6.14.0.202502271554
2025-05-30 18:54:54,975 [INFO] PluginManage:196 - Search for loadable plugins [exclusion list=, ]
2025-05-30 18:54:54,977 [INFO] PluginManage:310 - Check plugin analytics
2025-05-30 18:54:55,229 [INFO] AnalyticsPlugin:253 - Accepted Software Licenses: 
2025-05-30 18:54:55,230 [INFO] AnalyticsPlugin:255 - Accepted CMSIS Pack Licenses: 
2025-05-30 18:54:55,230 [INFO] AnalyticsPlugin:257 - Accepted Firmware Licenses: 
2025-05-30 18:54:55,234 [INFO] PluginManage:359 - Loaded plugin analytics (category:tool,tabindex:-1)
2025-05-30 18:54:55,235 [INFO] PluginManage:310 - Check plugin cadmodel
2025-05-30 18:54:55,252 [INFO] CADModel:105 - Init CAD model plugin
2025-05-30 18:54:55,252 [INFO] PluginManage:359 - Loaded plugin cadmodel (category:power,tabindex:5)
2025-05-30 18:54:55,253 [INFO] PluginManage:310 - Check plugin clock
2025-05-30 18:54:55,269 [INFO] PluginManage:359 - Loaded plugin clock (category:base,tabindex:2)
2025-05-30 18:54:55,269 [INFO] PluginManage:310 - Check plugin ddr
2025-05-30 18:54:55,273 [INFO] PluginManage:359 - Loaded plugin ddr (category:tool,tabindex:6)
2025-05-30 18:54:55,274 [INFO] PluginManage:310 - Check plugin filemanager
2025-05-30 18:54:55,507 [INFO] PluginManage:359 - Loaded plugin filemanager (category:base,tabindex:10)
2025-05-30 18:54:55,507 [INFO] PluginManage:310 - Check plugin ipmanager
2025-05-30 18:54:55,518 [INFO] PluginManage:359 - Loaded plugin ipmanager (category:base,tabindex:5)
2025-05-30 18:54:55,518 [INFO] PluginManage:310 - Check plugin lpbam
2025-05-30 18:54:55,533 [INFO] PluginManage:359 - Loaded plugin lpbam (category:base,tabindex:0)
2025-05-30 18:54:55,533 [INFO] PluginManage:310 - Check plugin memorymap
2025-05-30 18:54:55,552 [INFO] PluginManage:359 - Loaded plugin memorymap (category:base,tabindex:4)
2025-05-30 18:54:55,553 [INFO] PluginManage:310 - Check plugin pinoutandconfiguration
2025-05-30 18:54:55,566 [INFO] PluginManage:359 - Loaded plugin pinoutandconfiguration (category:base,tabindex:1)
2025-05-30 18:54:55,566 [INFO] PluginManage:310 - Check plugin pinoutconfig
2025-05-30 18:54:55,731 [WARN] SupportedApi:132 - Cannot load RTOS API schema: s4s-elt-must-match.1: The content of 'definitions' must match (annotation?, (simpleType | complexType)?, (unique | key | keyref)*)). A problem was found starting at: attribute.
2025-05-30 18:54:55,965 [INFO] PluginManage:359 - Loaded plugin pinoutconfig (category:base,tabindex:0)
2025-05-30 18:54:55,965 [INFO] PluginManage:310 - Check plugin power
2025-05-30 18:54:55,986 [INFO] PluginManage:359 - Loaded plugin power (category:power,tabindex:4)
2025-05-30 18:54:55,986 [INFO] PluginManage:310 - Check plugin projectmanager
2025-05-30 18:54:56,015 [INFO] PluginManage:359 - Loaded plugin projectmanager (category:projectmanager,tabindex:4)
2025-05-30 18:54:56,015 [INFO] PluginManage:310 - Check plugin rif
2025-05-30 18:54:56,032 [INFO] PluginManage:359 - Loaded plugin rif (category:base,tabindex:3)
2025-05-30 18:54:56,032 [INFO] PluginManage:310 - Check plugin thirdparty
2025-05-30 18:54:56,242 [WARN] IntegrityCheckThread:84 - waiting for thirdparty lock release [integrity check]
2025-05-30 18:54:56,243 [INFO] PluginManage:359 - Loaded plugin thirdparty (category:base,tabindex:-1)
2025-05-30 18:54:56,243 [INFO] PluginManage:310 - Check plugin tools
2025-05-30 18:54:56,243 [INFO] IntegrityCheckThread:86 - entering critical section [integrity check]
2025-05-30 18:54:56,244 [INFO] ThirdPartyUpdaterWithRetryManager:70 - Updater plugin not ready yet. [1/15]
2025-05-30 18:54:56,248 [INFO] PluginManage:359 - Loaded plugin tools (category:base,tabindex:7)
2025-05-30 18:54:56,248 [INFO] PluginManage:310 - Check plugin tutovideos
2025-05-30 18:54:56,580 [INFO] PluginManage:359 - Loaded plugin tutovideos (category:base,tabindex:-1)
2025-05-30 18:54:56,580 [INFO] PluginManage:310 - Check plugin updater
2025-05-30 18:54:56,611 [INFO] PluginManage:359 - Loaded plugin updater (category:base,tabindex:12)
2025-05-30 18:54:56,611 [INFO] PluginManage:310 - Check plugin userauth
2025-05-30 18:54:56,615 [INFO] UserAuth:118 - Init User Auth plugin
2025-05-30 18:54:56,616 [INFO] PluginManage:359 - Loaded plugin userauth (category:base,tabindex:14)
2025-05-30 18:54:56,617 [INFO] PluginManage:283 - PluginManage : Loaded plugins [18]
2025-05-30 18:54:56,885 [INFO] PinOutPanel:1589 - setPackage(No Configuration,No Configuration)
2025-05-30 18:54:56,989 [INFO] CADModel:165 - CPN selected for project level
2025-05-30 18:54:56,989 [INFO] CADModel:114 - Register for checkConnection events
2025-05-30 18:54:57,017 [INFO] IPUIPlugin:80 - create IPUIPlugin
2025-05-30 18:54:57,017 [INFO] PluginManager:220 - loadIPPluginJar : add adc
2025-05-30 18:54:57,021 [INFO] IPUIPlugin:80 - create IPUIPlugin
2025-05-30 18:54:57,021 [INFO] PluginManager:220 - loadIPPluginJar : add aes
2025-05-30 18:54:57,028 [INFO] IPUIPlugin:80 - create IPUIPlugin
2025-05-30 18:54:57,028 [INFO] PluginManager:220 - loadIPPluginJar : add can
2025-05-30 18:54:57,031 [INFO] IPUIPlugin:80 - create IPUIPlugin
2025-05-30 18:54:57,031 [INFO] PluginManager:220 - loadIPPluginJar : add comp
2025-05-30 18:54:57,034 [INFO] IPUIPlugin:80 - create IPUIPlugin
2025-05-30 18:54:57,034 [INFO] PluginManager:220 - loadIPPluginJar : add cryp
2025-05-30 18:54:57,041 [INFO] IPUIPlugin:80 - create IPUIPlugin
2025-05-30 18:54:57,041 [INFO] PluginManager:220 - loadIPPluginJar : add ddr_ctrl_phy
2025-05-30 18:54:57,045 [INFO] IPUIPlugin:80 - create IPUIPlugin
2025-05-30 18:54:57,045 [INFO] PluginManager:220 - loadIPPluginJar : add dfsdm
2025-05-30 18:54:57,053 [INFO] IPUIPlugin:80 - create IPUIPlugin
2025-05-30 18:54:57,053 [INFO] PluginManager:220 - loadIPPluginJar : add dma
2025-05-30 18:54:57,059 [INFO] IPUIPlugin:80 - create IPUIPlugin
2025-05-30 18:54:57,059 [INFO] PluginManager:220 - loadIPPluginJar : add dma3
2025-05-30 18:54:57,064 [INFO] IPUIPlugin:80 - create IPUIPlugin
2025-05-30 18:54:57,064 [INFO] PluginManager:220 - loadIPPluginJar : add extmemmanager
2025-05-30 18:54:57,067 [INFO] IPUIPlugin:80 - create IPUIPlugin
2025-05-30 18:54:57,067 [INFO] PluginManager:220 - loadIPPluginJar : add fatfs
2025-05-30 18:54:57,073 [INFO] IPUIPlugin:80 - create IPUIPlugin
2025-05-30 18:54:57,074 [INFO] PluginManager:220 - loadIPPluginJar : add fmc
2025-05-30 18:54:57,081 [INFO] IPUIPlugin:80 - create IPUIPlugin
2025-05-30 18:54:57,082 [INFO] PluginManager:220 - loadIPPluginJar : add freertos
2025-05-30 18:54:57,084 [INFO] IPUIPlugin:80 - create IPUIPlugin
2025-05-30 18:54:57,084 [INFO] PluginManager:220 - loadIPPluginJar : add genericplugin
2025-05-30 18:54:57,090 [INFO] IPUIPlugin:80 - create IPUIPlugin
2025-05-30 18:54:57,091 [INFO] PluginManager:220 - loadIPPluginJar : add gfxmmu
2025-05-30 18:54:57,099 [INFO] IPUIPlugin:80 - create IPUIPlugin
2025-05-30 18:54:57,099 [INFO] PluginManager:220 - loadIPPluginJar : add gic
2025-05-30 18:54:57,104 [INFO] IPUIPlugin:80 - create IPUIPlugin
2025-05-30 18:54:57,105 [INFO] PluginManager:220 - loadIPPluginJar : add gpio
2025-05-30 18:54:57,111 [INFO] IPUIPlugin:80 - create IPUIPlugin
2025-05-30 18:54:57,112 [INFO] PluginManager:220 - loadIPPluginJar : add gtzc
2025-05-30 18:54:57,116 [INFO] IPUIPlugin:80 - create IPUIPlugin
2025-05-30 18:54:57,116 [INFO] PluginManager:220 - loadIPPluginJar : add hash
2025-05-30 18:54:57,121 [INFO] IPUIPlugin:80 - create IPUIPlugin
2025-05-30 18:54:57,121 [INFO] PluginManager:220 - loadIPPluginJar : add i2c
2025-05-30 18:54:57,126 [INFO] IPUIPlugin:80 - create IPUIPlugin
2025-05-30 18:54:57,128 [INFO] PluginManager:220 - loadIPPluginJar : add i2s
2025-05-30 18:54:57,132 [INFO] IPUIPlugin:80 - create IPUIPlugin
2025-05-30 18:54:57,133 [INFO] PluginManager:220 - loadIPPluginJar : add i3c
2025-05-30 18:54:57,139 [INFO] IPUIPlugin:80 - create IPUIPlugin
2025-05-30 18:54:57,139 [INFO] PluginManager:220 - loadIPPluginJar : add ipddr
2025-05-30 18:54:57,152 [INFO] IPUIPlugin:80 - create IPUIPlugin
2025-05-30 18:54:57,152 [INFO] PluginManager:220 - loadIPPluginJar : add linkedlist
2025-05-30 18:54:57,160 [INFO] IPUIPlugin:80 - create IPUIPlugin
2025-05-30 18:54:57,161 [INFO] PluginManager:220 - loadIPPluginJar : add lorawan
2025-05-30 18:54:57,164 [INFO] IPUIPlugin:80 - create IPUIPlugin
2025-05-30 18:54:57,164 [INFO] PluginManager:220 - loadIPPluginJar : add ltdc
2025-05-30 18:54:57,173 [INFO] IPUIPlugin:80 - create IPUIPlugin
2025-05-30 18:54:57,174 [INFO] PluginManager:220 - loadIPPluginJar : add mdma
2025-05-30 18:54:57,181 [INFO] IPUIPlugin:80 - create IPUIPlugin
2025-05-30 18:54:57,181 [INFO] PluginManager:220 - loadIPPluginJar : add nvic
2025-05-30 18:54:57,185 [INFO] IPUIPlugin:80 - create IPUIPlugin
2025-05-30 18:54:57,185 [INFO] PluginManager:220 - loadIPPluginJar : add opamp
2025-05-30 18:54:57,190 [INFO] IPUIPlugin:80 - create IPUIPlugin
2025-05-30 18:54:57,191 [INFO] PluginManager:220 - loadIPPluginJar : add openamp
2025-05-30 18:54:57,199 [INFO] IPUIPlugin:80 - create IPUIPlugin
2025-05-30 18:54:57,199 [INFO] PluginManager:220 - loadIPPluginJar : add pdm2pcm
2025-05-30 18:54:57,207 [INFO] IPUIPlugin:80 - create IPUIPlugin
2025-05-30 18:54:57,214 [INFO] PluginManager:220 - loadIPPluginJar : add plateformsettings
2025-05-30 18:54:57,217 [INFO] IPUIPlugin:80 - create IPUIPlugin
2025-05-30 18:54:57,217 [INFO] PluginManager:220 - loadIPPluginJar : add quadspi
2025-05-30 18:54:57,220 [INFO] IPUIPlugin:80 - create IPUIPlugin
2025-05-30 18:54:57,221 [INFO] PluginManager:220 - loadIPPluginJar : add radio
2025-05-30 18:54:57,230 [INFO] IPUIPlugin:80 - create IPUIPlugin
2025-05-30 18:54:57,230 [INFO] PluginManager:220 - loadIPPluginJar : add resmgrutility
2025-05-30 18:54:57,235 [INFO] IPUIPlugin:80 - create IPUIPlugin
2025-05-30 18:54:57,235 [INFO] PluginManager:220 - loadIPPluginJar : add sai
2025-05-30 18:54:57,238 [INFO] IPUIPlugin:80 - create IPUIPlugin
2025-05-30 18:54:57,238 [INFO] PluginManager:220 - loadIPPluginJar : add spi
2025-05-30 18:54:57,247 [INFO] IPUIPlugin:80 - create IPUIPlugin
2025-05-30 18:54:57,249 [INFO] PluginManager:220 - loadIPPluginJar : add stm32_wpan
2025-05-30 18:54:57,251 [INFO] IPUIPlugin:80 - create IPUIPlugin
2025-05-30 18:54:57,252 [INFO] PluginManager:220 - loadIPPluginJar : add tim
2025-05-30 18:54:57,256 [INFO] IPUIPlugin:80 - create IPUIPlugin
2025-05-30 18:54:57,256 [INFO] PluginManager:220 - loadIPPluginJar : add touchsensing
2025-05-30 18:54:57,261 [INFO] IPUIPlugin:80 - create IPUIPlugin
2025-05-30 18:54:57,261 [INFO] PluginManager:220 - loadIPPluginJar : add tracer_emb
2025-05-30 18:54:57,264 [INFO] IPUIPlugin:80 - create IPUIPlugin
2025-05-30 18:54:57,264 [INFO] PluginManager:220 - loadIPPluginJar : add ts
2025-05-30 18:54:57,266 [INFO] IPUIPlugin:80 - create IPUIPlugin
2025-05-30 18:54:57,266 [INFO] PluginManager:220 - loadIPPluginJar : add tsc
2025-05-30 18:54:57,270 [INFO] IPUIPlugin:80 - create IPUIPlugin
2025-05-30 18:54:57,270 [INFO] PluginManager:220 - loadIPPluginJar : add ucpd
2025-05-30 18:54:57,275 [INFO] IPUIPlugin:80 - create IPUIPlugin
2025-05-30 18:54:57,275 [INFO] PluginManager:220 - loadIPPluginJar : add usart
2025-05-30 18:54:57,280 [INFO] IPUIPlugin:80 - create IPUIPlugin
2025-05-30 18:54:57,281 [INFO] PluginManager:220 - loadIPPluginJar : add usbx
2025-05-30 18:54:57,444 [FATAL] Updater:351 - Updater called before beeing initialized
2025-05-30 18:54:57,473 [INFO] RulesReader:64 - Compatibility file has been processed (301 Rules)
2025-05-30 18:54:57,486 [INFO] RulesReader:64 - Compatibility file has been processed (301 Rules)
2025-05-30 18:54:57,499 [INFO] CADModel:165 - CPN selected for project level
2025-05-30 18:54:57,499 [INFO] CADModel:114 - Register for checkConnection events
2025-05-30 18:54:57,499 [FATAL] Updater:351 - Updater called before beeing initialized
2025-05-30 18:54:57,499 [ERROR] CADModel:125 - Updater not yet initialized, retry later 
2025-05-30 18:54:57,689 [FATAL] Updater:351 - Updater called before beeing initialized
2025-05-30 18:54:57,692 [INFO] CADModel:165 - CPN selected for project level
2025-05-30 18:54:57,692 [INFO] CADModel:114 - Register for checkConnection events
2025-05-30 18:54:57,693 [FATAL] Updater:351 - Updater called before beeing initialized
2025-05-30 18:54:57,693 [ERROR] CADModel:125 - Updater not yet initialized, retry later 
2025-05-30 18:54:57,698 [FATAL] Updater:351 - Updater called before beeing initialized
2025-05-30 18:54:57,877 [FATAL] Updater:351 - Updater called before beeing initialized
2025-05-30 18:54:57,883 [INFO] DbMcusAds:53 - JSON generation date=Thu Mar 06 20:24:22 IST 2025 (1741272862078)
2025-05-30 18:54:57,883 [FATAL] Updater:351 - Updater called before beeing initialized
2025-05-30 18:54:57,928 [WARN] DetailPanel:346 - Failed to get advertising image, set to default
2025-05-30 18:54:58,236 [FATAL] Updater:351 - Updater called before beeing initialized
2025-05-30 18:54:58,237 [FATAL] Updater:351 - Updater called before beeing initialized
2025-05-30 18:54:58,237 [FATAL] Updater:351 - Updater called before beeing initialized
2025-05-30 18:54:58,237 [WARN] DetailPanel:346 - Failed to get advertising image, set to default
2025-05-30 18:54:58,238 [FATAL] Updater:351 - Updater called before beeing initialized
2025-05-30 18:54:58,313 [ERROR] Updater:1198 - MainUpdater not yet initialized. External WinMGr cannot be set.
2025-05-30 18:54:58,315 [INFO] Updater:1134 - Updater Version found : 6.14.0
2025-05-30 18:54:58,335 [INFO] ApplicationProperties:184 - Using Application install path: C:\ST\STM32CubeIDE_1.17.0\STM32CubeIDE\plugins\com.st.stm32cube.common.mx_6.14.0.202502271554
2025-05-30 18:54:58,862 [INFO] MainUpdater:2872 - connection check result : 10
2025-05-30 18:54:58,863 [INFO] MainUpdater:289 - Updater Check For Update Now.
2025-05-30 18:54:58,864 [INFO] MicroXplorer:498 - Change Database Version : DB.6.0.140
2025-05-30 18:54:58,870 [INFO] McuFinderGlobals:63 - Set McuFinder mode to 2 (CubeIDE integrated)
2025-05-30 18:54:58,872 [INFO] UserAuth:486 - Internet connection configuration mode: 1
2025-05-30 18:54:58,904 [INFO] JxBrowserEngine:152 - Initiate JxBrowser Engine with user profile folder
2025-05-30 18:54:59,102 [INFO] CheckServerUpdateThread:120 - End of CheckServer Thread
2025-05-30 18:54:59,748 [WARN] PackLoader:240 - Cannot read IP mode file for STMicroelectronics.FP-SNS-MOTENVWB1.1.4.0
2025-05-30 18:54:59,759 [WARN] PackLoader:240 - Cannot read IP mode file for STMicroelectronics.FP-ATR-ASTRA1.2.0.2
2025-05-30 18:54:59,764 [WARN] PackLoader:240 - Cannot read IP mode file for STMicroelectronics.FP-ATR-ASTRA1.2.0.1
2025-05-30 18:54:59,773 [WARN] PackLoader:240 - Cannot read IP mode file for STMicroelectronics.X-CUBE-SMBUS.2.1.0
2025-05-30 18:54:59,787 [WARN] PackLoader:240 - Cannot read IP mode file for STMicroelectronics.X-CUBE-WB05N.1.1.0
2025-05-30 18:54:59,796 [WARN] PackLoader:240 - Cannot read IP mode file for STMicroelectronics.X-CUBE-ST60.1.0.0
2025-05-30 18:54:59,834 [WARN] PackLoader:240 - Cannot read IP mode file for STMicroelectronics.X-CUBE-AZRTOS-F7.1.1.0
2025-05-30 18:54:59,842 [WARN] PackLoader:240 - Cannot read IP mode file for STMicroelectronics.FP-SNS-FLIGHT1.5.0.2
2025-05-30 18:54:59,874 [WARN] PackLoader:240 - Cannot read IP mode file for Infineon.AIROC-Wi-Fi-Bluetooth-STM32.1.7.0
2025-05-30 18:54:59,890 [WARN] PackLoader:240 - Cannot read IP mode file for STMicroelectronics.X-CUBE-DISPLAY.3.0.0
2025-05-30 18:54:59,906 [WARN] PackLoader:240 - Cannot read IP mode file for STMicroelectronics.X-CUBE-BLE1.7.0.0
2025-05-30 18:54:59,920 [WARN] PackLoader:240 - Cannot read IP mode file for STMicroelectronics.X-CUBE-NFC10.1.0.0
2025-05-30 18:54:59,939 [WARN] PackLoader:240 - Cannot read IP mode file for STMicroelectronics.X-CUBE-BLEMGR.4.0.0
2025-05-30 18:54:59,954 [WARN] PackLoader:240 - Cannot read IP mode file for emotas.I-CUBE-CANOPEN.1.3.0
2025-05-30 18:54:59,965 [WARN] PackLoader:240 - Cannot read IP mode file for STMicroelectronics.X-CUBE-AI.10.0.0
2025-05-30 18:54:59,975 [WARN] PackLoader:240 - Cannot read IP mode file for STMicroelectronics.FP-SNS-SMARTAG2.1.2.0
2025-05-30 18:54:59,985 [WARN] PackLoader:240 - Cannot read IP mode file for STMicroelectronics.FP-SNS-FLIGHT1.5.1.0
2025-05-30 18:55:00,090 [WARN] PackLoader:240 - Cannot read IP mode file for STMicroelectronics.X-CUBE-MEMS1.11.1.0
2025-05-30 18:55:00,363 [INFO] LogOutputStream:77 - [STDOUT_REDIRECT] 1 : Invalid condition id : UX_CORESTACK_Condition cause : null
2025-05-30 18:55:00,364 [INFO] LogOutputStream:77 - [STDOUT_REDIRECT] 1 : Invalid condition id : UX_CORESTACK_Condition cause : null
2025-05-30 18:55:00,367 [INFO] LogOutputStream:77 - [STDOUT_REDIRECT] 1 : Invalid condition id : UX_CORESTACK_Condition cause : null
2025-05-30 18:55:00,369 [INFO] LogOutputStream:77 - [STDOUT_REDIRECT] 1 : Invalid condition id : UX_CORESTACK_Condition cause : null
2025-05-30 18:55:00,370 [INFO] LogOutputStream:77 - [STDOUT_REDIRECT] 1 : Invalid condition id : UX_CORESTACK_Condition cause : null
2025-05-30 18:55:00,374 [WARN] PackLoader:240 - Cannot read IP mode file for STMicroelectronics.X-CUBE-AZRTOS-WL.2.0.0
2025-05-30 18:55:00,384 [WARN] PackLoader:240 - Cannot read IP mode file for STMicroelectronics.FP-SNS-MOTENV1.5.0.0
2025-05-30 18:55:00,392 [WARN] PackLoader:240 - Cannot read IP mode file for wolfSSL.I-CUBE-wolfMQTT.1.19.0
2025-05-30 18:55:00,404 [WARN] PackLoader:240 - Cannot read IP mode file for WES.I-CUBE-Cesium.1.3.0
2025-05-30 18:55:00,414 [WARN] PackLoader:240 - Cannot read IP mode file for STMicroelectronics.X-CUBE-BLE2.3.3.0
2025-05-30 18:55:00,424 [WARN] PackLoader:240 - Cannot read IP mode file for STMicroelectronics.X-CUBE-NFC9.1.0.0
2025-05-30 18:55:00,428 [INFO] WebApp:169 - Instantiating new browser for Auth
2025-05-30 18:55:00,434 [WARN] PackLoader:240 - Cannot read IP mode file for STMicroelectronics.X-CUBE-BLE1.7.1.0
2025-05-30 18:55:00,542 [WARN] PackLoader:240 - Cannot read IP mode file for STMicroelectronics.X-CUBE-MEMS1.11.2.0
2025-05-30 18:55:00,721 [WARN] PackLoader:240 - Cannot read IP mode file for STMicroelectronics.X-CUBE-AZRTOS-G0.1.1.0
2025-05-30 18:55:00,733 [WARN] PackLoader:240 - Cannot read IP mode file for STMicroelectronics.X-CUBE-SAFEA1.1.2.2
2025-05-30 18:55:00,740 [WARN] PackLoader:240 - Cannot read IP mode file for STMicroelectronics.X-CUBE-NFC4.3.0.0
2025-05-30 18:55:00,760 [WARN] PackLoader:240 - Cannot read IP mode file for EmbeddedOffice.I-CUBE-FS-RTOS.1.0.1
2025-05-30 18:55:00,771 [WARN] PackLoader:240 - Cannot read IP mode file for STMicroelectronics.X-CUBE-WB05N.2.0.0
2025-05-30 18:55:00,785 [WARN] PackLoader:240 - Cannot read IP mode file for STMicroelectronics.X-CUBE-TCPP.4.2.0
2025-05-30 18:55:00,792 [WARN] PackLoader:240 - Cannot read IP mode file for RealThread.X-CUBE-RT-Thread_Nano.4.1.1
2025-05-30 18:55:00,802 [WARN] PackLoader:240 - Cannot read IP mode file for STMicroelectronics.FP-ATR-SIGFOX1.3.2.0
2025-05-30 18:55:00,807 [WARN] ConditionMgr:438 - getConditionDescription Invalid condition id : Cortex-A Device cause : null
2025-05-30 18:55:00,825 [WARN] ConditionMgr:1044 - genDependencies : Invalid condition id : Cortex-A Device cause : null
2025-05-30 18:55:00,825 [WARN] ConditionMgr:1044 - genDependencies : Invalid condition id : Cortex-A Device cause : null
2025-05-30 18:55:00,825 [WARN] ConditionMgr:1044 - genDependencies : Invalid condition id : Cortex-A Device cause : null
2025-05-30 18:55:00,834 [WARN] PackLoader:240 - Cannot read IP mode file for STMicroelectronics.X-CUBE-EEPRMA1.5.1.0
2025-05-30 18:55:00,840 [WARN] PackLoader:240 - Cannot read IP mode file for wolfSSL.I-CUBE-wolfSSL.5.7.6
2025-05-30 18:55:00,848 [WARN] PackLoader:240 - Cannot read IP mode file for ITTIA_DB.I-CUBE-ITTIADB.8.9.0
2025-05-30 18:55:00,892 [WARN] PackLoader:240 - Cannot read IP mode file for SEGGER.I-CUBE-embOS.1.3.1
2025-05-30 18:55:00,947 [WARN] PackLoader:240 - Cannot read IP mode file for STMicroelectronics.X-CUBE-ALGOBUILD.1.4.0
2025-05-30 18:55:00,992 [WARN] PackLoader:240 - Cannot read IP mode file for STMicroelectronics.X-CUBE-AZRTOS-F4.1.1.0
2025-05-30 18:55:01,005 [WARN] PackLoader:240 - Cannot read IP mode file for Avnet-IotConnect.X-CUBE-IoTC-DA16k-PMOD.1.0.0
2025-05-30 18:55:01,012 [WARN] PackLoader:240 - Cannot read IP mode file for STMicroelectronics.X-CUBE-ISPU.2.1.0
2025-05-30 18:55:01,038 [WARN] PackLoader:240 - Cannot read IP mode file for STMicroelectronics.X-CUBE-AZRTOS-L5.2.0.0
2025-05-30 18:55:01,051 [WARN] PackLoader:240 - Cannot read IP mode file for STMicroelectronics.X-CUBE-NFC6.3.1.0
2025-05-30 18:55:01,058 [WARN] PackLoader:240 - Cannot read IP mode file for STMicroelectronics.X-CUBE-DPower.1.2.0
2025-05-30 18:55:01,065 [WARN] PackLoader:240 - Cannot read IP mode file for STMicroelectronics.X-CUBE-FREERTOS.1.3.1
2025-05-30 18:55:01,071 [WARN] PackLoader:240 - Cannot read IP mode file for STMicroelectronics.X-CUBE-FREERTOS.1.3.0
2025-05-30 18:55:01,076 [WARN] PackLoader:240 - Cannot read IP mode file for STMicroelectronics.X-CUBE-NFC7.1.0.1
2025-05-30 18:55:01,084 [WARN] PackLoader:240 - Cannot read IP mode file for STMicroelectronics.X-CUBE-DPower.1.3.0
2025-05-30 18:55:01,111 [WARN] ConditionMgr:438 - getConditionDescription Invalid condition id : LAN8742 Phy interface Condition cause : null
2025-05-30 18:55:01,113 [WARN] PackLoader:240 - Cannot read IP mode file for STMicroelectronics.X-CUBE-AZRTOS-L4.2.0.0
2025-05-30 18:55:01,115 [WARN] ConditionMgr:1044 - genDependencies : Invalid condition id : LAN8742 Phy interface Condition cause : null
2025-05-30 18:55:01,115 [WARN] ConditionMgr:1044 - genDependencies : Invalid condition id : LAN8742 Phy interface Condition cause : null
2025-05-30 18:55:01,116 [WARN] ConditionMgr:1044 - genDependencies : Invalid condition id : LAN8742 Phy interface Condition cause : null
2025-05-30 18:55:01,124 [WARN] PackLoader:240 - Cannot read IP mode file for STMicroelectronics.X-CUBE-SFXS2LP1.4.0.0
2025-05-30 18:55:01,159 [WARN] PackLoader:240 - Cannot read IP mode file for STMicroelectronics.X-CUBE-AZRTOS-H7.3.3.0
2025-05-30 18:55:01,177 [WARN] ConditionMgr:438 - getConditionDescription Invalid condition id : UX DEVICE CLASS RTOS Condition cause : null
2025-05-30 18:55:01,179 [WARN] ConditionMgr:438 - getConditionDescription Invalid condition id : UX DEVICE CLASS RTOS Condition cause : null
2025-05-30 18:55:01,182 [WARN] PackLoader:240 - Cannot read IP mode file for STMicroelectronics.X-CUBE-AZRTOS-WB.2.0.0
2025-05-30 18:55:01,183 [WARN] ConditionMgr:1044 - genDependencies : Invalid condition id : UX DEVICE CLASS RTOS Condition cause : null
2025-05-30 18:55:01,183 [WARN] ConditionMgr:1044 - genDependencies : Invalid condition id : UX DEVICE CLASS RTOS Condition cause : null
2025-05-30 18:55:01,184 [WARN] ConditionMgr:1044 - genDependencies : Invalid condition id : UX DEVICE CLASS RTOS Condition cause : null
2025-05-30 18:55:01,184 [WARN] ConditionMgr:1044 - genDependencies : Invalid condition id : UX DEVICE CLASS RTOS Condition cause : null
2025-05-30 18:55:01,184 [WARN] ConditionMgr:1044 - genDependencies : Invalid condition id : UX DEVICE CLASS RTOS Condition cause : null
2025-05-30 18:55:01,192 [WARN] PackLoader:240 - Cannot read IP mode file for STMicroelectronics.X-CUBE-GNSS1.7.0.1
2025-05-30 18:55:01,202 [WARN] PackLoader:240 - Cannot read IP mode file for STMicroelectronics.X-CUBE-TOUCHGFX.4.25.0
2025-05-30 18:55:01,215 [WARN] PackLoader:240 - Cannot read IP mode file for STMicroelectronics.FP-SNS-STBOX1.2.0.0
2025-05-30 18:55:01,232 [WARN] PackLoader:240 - Cannot read IP mode file for STMicroelectronics.X-CUBE-SUBG2.5.0.0
2025-05-30 18:55:01,265 [WARN] PackLoader:240 - Cannot read IP mode file for STMicroelectronics.X-CUBE-AZRTOS-H7RS.1.1.0
2025-05-30 18:55:01,275 [WARN] PackLoader:240 - Cannot read IP mode file for Cesanta.I-CUBE-Mongoose.7.13.0
2025-05-30 18:55:01,293 [WARN] PackLoader:240 - Cannot read IP mode file for STMicroelectronics.X-CUBE-AZRTOS-G4.2.0.0
2025-05-30 18:55:01,302 [WARN] PackLoader:240 - Cannot read IP mode file for STMicroelectronics.X-CUBE-NFC7.2.0.0
2025-05-30 18:55:01,318 [WARN] PackLoader:240 - Cannot read IP mode file for STMicroelectronics.X-CUBE-IPS.3.1.0
2025-05-30 18:55:01,330 [WARN] PackLoader:240 - Cannot read IP mode file for STMicroelectronics.X-CUBE-ALS.1.0.2
2025-05-30 18:55:01,334 [WARN] PackLoader:240 - Cannot read IP mode file for STMicroelectronics.X-CUBE-TOUCHGFX.4.24.2
2025-05-30 18:55:01,338 [WARN] PackLoader:240 - Cannot read IP mode file for wolfSSL.I-CUBE-wolfTPM.3.4.0
2025-05-30 18:55:01,343 [WARN] PackLoader:240 - Cannot read IP mode file for portGmbH.I-Cube-SoM-uGOAL.1.1.0
2025-05-30 18:55:01,359 [WARN] PackLoader:240 - Cannot read IP mode file for STMicroelectronics.X-CUBE-AZRTOS-H7RS.1.0.0
2025-05-30 18:55:01,372 [WARN] PackLoader:240 - Cannot read IP mode file for STMicroelectronics.X-CUBE-TOF1.3.4.2
2025-05-30 18:55:01,391 [WARN] PackLoader:240 - Cannot read IP mode file for STMicroelectronics.X-CUBE-TOF1.3.4.3
2025-05-30 18:55:01,406 [WARN] PackLoader:240 - Cannot read IP mode file for wolfSSL.I-CUBE-wolfSSH.1.4.17
2025-05-30 18:55:01,406 [INFO] ThirdParty:978 - Integrity check success = true
2025-05-30 18:55:01,406 [INFO] IntegrityCheckThread:100 - exiting critical section [integrity check]
2025-05-30 18:55:01,406 [INFO] IntegrityCheckThread:103 - End integrity checks thread
2025-05-30 18:55:01,704 [INFO] WebApp:463 - Apply proxy settings
2025-05-30 18:55:01,704 [INFO] WebApp:548 - Chromium requires no authentication
2025-05-30 18:55:01,715 [INFO] WebApp:491 - Direct internet connection detected
2025-05-30 18:55:01,741 [INFO] WebApp:894 - Register for checkConnection events
2025-05-30 18:55:01,741 [INFO] WebApp:463 - Apply proxy settings
2025-05-30 18:55:01,741 [INFO] WebApp:548 - Chromium requires no authentication
2025-05-30 18:55:01,741 [INFO] WebApp:491 - Direct internet connection detected
2025-05-30 18:55:01,956 [INFO] WebApp:225 - Starting web application
2025-05-30 18:55:01,957 [INFO] WebApp:593 - Web application path used C:\ST\STM32CubeIDE_1.17.0\STM32CubeIDE\plugins\com.st.stm32cube.common.mx_6.14.0.202502271554\db\plugins\mcufinder\reactClient1\index.html
2025-05-30 18:55:02,058 [INFO] UserAuth:486 - Internet connection configuration mode: 1
2025-05-30 18:55:02,150 [INFO] WebApp:191 - Connection restablished
2025-05-30 19:18:50,417 [INFO] WebApp:403 - JxBrowser engine has been closed 
